Log file open, 11/09/17 16:34:19
LogInit:Display: Running engine for game: chat
LogPlatformFile: Not using cached read wrapper
LogInit:Display: RandInit(2002158259) SRandInit(2002158259).
LogTaskGraph: Started task graph with 5 named threads and 8 total threads with 1 sets of task threads.
LogStats: Stats thread started at 0.154351
LogInit: Using libcurl 7.47.1
LogInit:  - built for x86_64-pc-win32
LogInit:  - supports SSL with OpenSSL/1.0.2g
LogInit:  - supports HTTP deflate (compression) using libz 1.2.8
LogInit:  - other features:
LogInit:      CURL_VERSION_SSL
LogInit:      CURL_VERSION_LIBZ
LogInit:      CURL_VERSION_IPV6
LogInit:      CURL_VERSION_ASYNCHDNS
LogInit:      CURL_VERSION_LARGEFILE
LogInit:      CURL_VERSION_IDN
LogInit:  CurlRequestOptions (configurable via config and command line):
LogInit:  - bVerifyPeer = false  - Libcurl will NOT verify peer certificate
LogInit:  - bUseHttpProxy = false  - Libcurl will NOT use HTTP proxy
LogInit:  - bDontReuseConnections = false  - Libcurl will reuse connections
LogInit:  - CertBundlePath = nullptr  - Libcurl will use whatever was configured at build time.
LogInit: Build: ++UE4+Release-4.16-CL-3561208
LogInit: Engine Version: 4.16.3-3561208+++UE4+Release-4.16
LogInit: Compatible Engine Version: 4.16.0-3452394+++UE4+Release-4.16
LogInit: Net CL: 3452394
LogDevObjectVersion: Number of dev versions registered: 16
LogDevObjectVersion:   Dev-Blueprints (B0D832E4-1F89-4F0D-ACCF-7EB736FD4AA2): 9
LogDevObjectVersion:   Dev-Build (E1C64328-A22C-4D53-A36C-8E866417BD8C): 0
LogDevObjectVersion:   Dev-Core (375EC13C-06E4-48FB-B500-84F0262A717E): 2
LogDevObjectVersion:   Dev-Editor (E4B068ED-F494-42E9-A231-DA0B2E46BB41): 17
LogDevObjectVersion:   Dev-Framework (CFFC743F-43B0-4480-9391-14DF171D2073): 23
LogDevObjectVersion:   Dev-Mobile (B02B49B5-BB20-44E9-A304-32B752E40360): 0
LogDevObjectVersion:   Dev-Networking (A4E4105C-59A1-49B5-A7C5-40C4547EDFEE): 0
LogDevObjectVersion:   Dev-Online (39C831C9-5AE6-47DC-9A44-9C173E1C8E7C): 0
LogDevObjectVersion:   Dev-Physics (78F01B33-EBEA-4F98-B9B4-84EACCB95AA2): 0
LogDevObjectVersion:   Dev-Platform (6631380F-2D4D-43E0-8009-CF276956A95A): 0
LogDevObjectVersion:   Dev-Rendering (12F88B9F-8875-4AFC-A67C-D90C383ABD29): 15
LogDevObjectVersion:   Dev-Sequencer (7B5AE74C-D270-4C10-A958-57980B212A5A): 4
LogDevObjectVersion:   Dev-VR (D7296918-1DD6-4BDD-9DE2-64A83CC13884): 0
LogDevObjectVersion:   Dev-LoadTimes (C2A15278-BFE7-4AFE-6C17-90FF531DF755): 1
LogDevObjectVersion:   Private-Geometry (6EACA3D4-40EC-4CC1-B786-8BED09428FC5): 1
LogDevObjectVersion:   Dev-AnimPhys (29E575DD-E0A3-4627-9D10-D276232CDCEA): 3
LogInit: Compiled (64-bit): Jul 28 2017 11:49:47
LogInit: Compiled with Visual C++: 19.00.24215.01
LogInit: Build Configuration: Development
LogInit: Branch Name: ++UE4+Release-4.16
LogInit: Command line:  -skipcompile
LogInit: Base directory: C:/Program Files/Epic Games/UE_4.16/Engine/Binaries/Win64/
LogInit: Installed Engine Build: 1
LogInit: Presizing for max 8388607 objects, including 0 objects not considered by GC, pre-allocating 0 bytes for permanent pool.
LogInit: Object subsystem initialized
[2017.11.09-03.34.19:894][  0]LogInit: Selected Device Profile: [Windows]
[2017.11.09-03.34.19:894][  0]LogInit: Applying CVar settings loaded from the selected device profile: [Windows]
[2017.11.09-03.34.19:905][  0]LogInit: Computer: 1903C004
[2017.11.09-03.34.19:905][  0]LogInit: User: josephnew6687
[2017.11.09-03.34.19:905][  0]LogInit: CPU Page size=4096, Cores=4
[2017.11.09-03.34.19:905][  0]LogInit: High frequency timer resolution =3.515673 MHz
[2017.11.09-03.34.19:905][  0]LogMemory: Memory total: Physical=15.9GB (16GB approx)
[2017.11.09-03.34.19:905][  0]LogMemory: Platform Memory Stats for Windows
[2017.11.09-03.34.19:905][  0]LogMemory: Process Physical Memory: 276.13 MB used, 276.13 MB peak
[2017.11.09-03.34.19:905][  0]LogMemory: Process Virtual Memory: 263.91 MB used, 263.91 MB peak
[2017.11.09-03.34.19:905][  0]LogMemory: Physical Memory: 11274.32 MB used,  5026.52 MB free, 16300.84 MB total
[2017.11.09-03.34.19:905][  0]LogMemory: Virtual Memory: 621.59 MB used,  5026.52 MB free, 8388608.00 MB total
[2017.11.09-03.34.20:047][  0]LogInit: Using OS detected language (en-NZ).
[2017.11.09-03.34.20:047][  0]LogInit: Using OS detected locale (en-NZ).
[2017.11.09-03.34.20:053][  0]LogTextLocalizationManager: No specific localization for 'en-NZ' exists, so the 'en' localization will be used.
[2017.11.09-03.34.21:082][  0]LogD3D11RHI: D3D11 adapters:
[2017.11.09-03.34.21:105][  0]LogD3D11RHI:    0. 'NVIDIA GeForce GTX 760' (Feature Level 11_0)
[2017.11.09-03.34.21:105][  0]LogD3D11RHI:       1989/0/2048 MB DedicatedVideo/DedicatedSystem/SharedSystem, Outputs:2, VendorId:0x10de
[2017.11.09-03.34.21:105][  0]LogD3D11RHI: Chosen D3D11 Adapter: 0
[2017.11.09-03.34.21:110][  0]LogD3D11RHI: Creating new Direct3DDevice
[2017.11.09-03.34.21:110][  0]LogD3D11RHI:     GPU DeviceId: 0x1187 (for the marketing name, search the web for "GPU Device Id")
[2017.11.09-03.34.21:110][  0]LogWindows: EnumDisplayDevices:
[2017.11.09-03.34.21:110][  0]LogWindows:    0. 'NVIDIA GeForce GTX 760' (P:1 D:1)
[2017.11.09-03.34.21:110][  0]LogWindows:    1. 'NVIDIA GeForce GTX 760' (P:0 D:1)
[2017.11.09-03.34.21:110][  0]LogWindows:    2. 'NVIDIA GeForce GTX 760' (P:0 D:0)
[2017.11.09-03.34.21:110][  0]LogWindows:    3. 'NVIDIA GeForce GTX 760' (P:0 D:0)
[2017.11.09-03.34.21:111][  0]LogWindows:    4. 'RDPDD Chained DD' (P:0 D:0)
[2017.11.09-03.34.21:111][  0]LogWindows:    5. 'RDP Encoder Mirror Driver' (P:0 D:0)
[2017.11.09-03.34.21:111][  0]LogWindows:    6. 'RDP Reflector Display Driver' (P:0 D:0)
[2017.11.09-03.34.21:111][  0]LogWindows:    7. 'Mirage Driver' (P:0 D:0)
[2017.11.09-03.34.21:111][  0]LogWindows: DebugString: GetVideoDriverDetailsInvalid PrimaryIsNotTheChoosenAdapter GetVideoDriverDetailsInvalid PrimaryIsNotTheChoosenAdapter GetVideoDriverDetailsInvalid PrimaryIsNotTheChoosenAdapter GetVideoDriverDetailsInvalid PrimaryIsNotTheChoosenAdapter FoundDriverCount:4 
[2017.11.09-03.34.21:111][  0]LogD3D11RHI:     Adapter Name: NVIDIA GeForce GTX 760
[2017.11.09-03.34.21:111][  0]LogD3D11RHI:   Driver Version: 364.72 (internal:10.18.13.6472, unified:364.72)
[2017.11.09-03.34.21:111][  0]LogD3D11RHI:      Driver Date: 3-21-2016
[2017.11.09-03.34.21:111][  0]LogRHI: Texture pool is 1361 MB (70% of 1945 MB)
[2017.11.09-03.34.21:119][  0]LogD3D11RHI: NvAPI_D3D_GetCurrentSLIState failed: 0xfffffff7
[2017.11.09-03.34.21:119][  0]LogD3D11RHI: Async texture creation enabled
[2017.11.09-03.34.21:133][  0]LogD3D11RHI: GPU Timing Frequency: 1000.000000 (Debug: 2 2)
[2017.11.09-03.34.21:228][  0]LogShaderCompilers: Guid format shader working directory is -4 characters bigger than the processId version (D:/Users/joseph.new6687/Documents/GameEngineSummative/chat/Intermediate/Shaders/WorkingDirectory/11288/).
[2017.11.09-03.34.21:228][  0]LogShaderCompilers: Cleaned the shader compiler working directory 'D:/Users/joseph.new6687/AppData/Local/Temp/UnrealShaderWorkingDir/1EFFB18B4623437A85DFDC800B3D50BB/'.
[2017.11.09-03.34.21:229][  0]LogShaderCompilers:Display: Using Local Shader Compiler.
[2017.11.09-03.34.22:432][  0]LogTemp:Display: Loaded TP AllDesktopTargetPlatform
[2017.11.09-03.34.22:505][  0]LogTemp:Display: Loaded TP MacClientTargetPlatform
[2017.11.09-03.34.22:582][  0]LogTemp:Display: Loaded TP MacNoEditorTargetPlatform
[2017.11.09-03.34.22:664][  0]LogTemp:Display: Loaded TP MacServerTargetPlatform
[2017.11.09-03.34.22:782][  0]LogTemp:Display: Loaded TP MacTargetPlatform
[2017.11.09-03.34.22:888][  0]LogTemp:Display: Loaded TP WindowsClientTargetPlatform
[2017.11.09-03.34.22:991][  0]LogTemp:Display: Loaded TP WindowsNoEditorTargetPlatform
[2017.11.09-03.34.23:080][  0]LogTemp:Display: Loaded TP WindowsServerTargetPlatform
[2017.11.09-03.34.23:147][  0]LogTemp:Display: Loaded TP WindowsTargetPlatform
[2017.11.09-03.34.23:222][  0]LogTemp:Display: Loaded TP AndroidTargetPlatform
[2017.11.09-03.34.23:295][  0]LogTemp:Display: Loaded TP Android_ASTCTargetPlatform
[2017.11.09-03.34.23:369][  0]LogTemp:Display: Loaded TP Android_ATCTargetPlatform
[2017.11.09-03.34.23:441][  0]LogTemp:Display: Loaded TP Android_DXTTargetPlatform
[2017.11.09-03.34.23:516][  0]LogTemp:Display: Loaded TP Android_ETC1TargetPlatform
[2017.11.09-03.34.23:587][  0]LogTemp:Display: Loaded TP Android_ETC2TargetPlatform
[2017.11.09-03.34.23:731][  0]LogTemp:Display: Loaded TP Android_MultiTargetPlatform
[2017.11.09-03.34.23:731][  0]LogTemp:Display: Loaded TP Android_PVRTCTargetPlatform
[2017.11.09-03.34.23:792][  0]LogTemp:Display: Loaded TP HTML5TargetPlatform
[2017.11.09-03.34.23:923][  0]LogTemp:Display: Loaded TP IOSTargetPlatform
[2017.11.09-03.34.23:964][  0]LogTemp:Display: Loaded TP TVOSTargetPlatform
[2017.11.09-03.34.24:036][  0]LogTemp:Display: Loaded TP LinuxClientTargetPlatform
[2017.11.09-03.34.24:109][  0]LogTemp:Display: Loaded TP LinuxNoEditorTargetPlatform
[2017.11.09-03.34.24:182][  0]LogTemp:Display: Loaded TP LinuxServerTargetPlatform
[2017.11.09-03.34.24:254][  0]LogTemp:Display: Loaded TP LinuxTargetPlatform
[2017.11.09-03.34.24:254][  0]LogTargetPlatformManager:Display: Building Assets For Windows
[2017.11.09-03.34.24:999][  0]LogDerivedDataCache:Display: Max Cache Size: 512 MB
[2017.11.09-03.34.25:083][  0]LogDerivedDataCache: Loaded boot cache 0.08s 90MB D:/Users/joseph.new6687/AppData/Local/UnrealEngine/4.16/DerivedDataCache/Boot.ddc.
[2017.11.09-03.34.25:083][  0]LogDerivedDataCache:Display: Loaded Boot cache: D:/Users/joseph.new6687/AppData/Local/UnrealEngine/4.16/DerivedDataCache/Boot.ddc
[2017.11.09-03.34.25:084][  0]LogDerivedDataCache: FDerivedDataBackendGraph:  Pak pak cache file D:/Users/joseph.new6687/Documents/GameEngineSummative/chat/DerivedDataCache/DDC.ddp not found, will not use a pak cache.
[2017.11.09-03.34.25:084][  0]LogDerivedDataCache: Unable to find inner node Pak for hierarchical cache Hierarchy.
[2017.11.09-03.34.25:084][  0]LogDerivedDataCache: FDerivedDataBackendGraph:  CompressedPak pak cache file D:/Users/joseph.new6687/Documents/GameEngineSummative/chat/DerivedDataCache/Compressed.ddp not found, will not use a pak cache.
[2017.11.09-03.34.25:084][  0]LogDerivedDataCache: Unable to find inner node CompressedPak for hierarchical cache Hierarchy.
[2017.11.09-03.34.25:100][  0]LogDerivedDataCache:Display: Pak cache opened for reading ../../../Engine/DerivedDataCache/Compressed.ddp.
[2017.11.09-03.34.25:112][  0]LogDerivedDataCache: Using Local data cache path D:/Users/joseph.new6687/AppData/Local/UnrealEngine/Common/DerivedDataCache: Writable
[2017.11.09-03.34.25:120][  0]LogMaterial: Verifying Global Shaders for PCD3D_SM5
[2017.11.09-03.34.25:121][  0]LogSlate: Using Freetype 2.6.0
[2017.11.09-03.34.25:123][  0]LogSlate: SlateFontCache - WITH_FREETYPE: 1, WITH_HARFBUZZ: 1
[2017.11.09-03.34.25:123][  0]LogSlate: SlateFontCache - WITH_FREETYPE: 1, WITH_HARFBUZZ: 1
[2017.11.09-03.34.25:528][  0]LogInit: Selected Device Profile: [Windows]
[2017.11.09-03.34.25:532][  0]LogContentStreaming: Texture pool size is 0.00 MB
[2017.11.09-03.34.25:817][  0]LogMeshUtilities: Using QuadricMeshReduction for automatic static mesh reduction
[2017.11.09-03.34.25:884][  0]LogSimplygon: Simplygon DLL not present - disabling.
[2017.11.09-03.34.25:948][  0]LogMeshUtilities: Using SimplygonSwarm for distributed automatic mesh merging
[2017.11.09-03.34.25:948][  0]LogMeshUtilities: No automatic skeletal mesh reduction module available
[2017.11.09-03.34.25:948][  0]LogMeshUtilities: No automatic mesh merging module available
[2017.11.09-03.34.26:528][  0]LogNetVersion: chat , NetCL: 3452394, EngineNetVer: 2, GameNetVer: 0 (Checksum: 3772067698)
[2017.11.09-03.34.26:598][  0]LogAssetRegistry: FAssetRegistry took 0.0251 seconds to start up
[2017.11.09-03.34.26:652][  0]LogPackageLocalizationCache: Processed 4 localized package path(s) for 2 prioritized culture(s) in 0.023140 seconds
[2017.11.09-03.34.26:657][  0]LogUObjectArray: 34194 objects as part of root set at end of initial load.
[2017.11.09-03.34.26:657][  0]LogUObjectAllocator: 7260424 out of 0 bytes used by permanent object pool.
[2017.11.09-03.34.26:657][  0]LogUObjectArray: CloseDisregardForGC: 0/0 objects in disregard for GC pool
[2017.11.09-03.34.26:748][  0]LogInit: WinSock: version 1.1 (2.2), MaxSocks=32767, MaxUdp=65467
[2017.11.09-03.34.30:278][  0]LogTcpMessaging: Initializing TcpMessaging bridge
[2017.11.09-03.34.30:326][  0]LogUdpMessaging: Initializing bridge on interface 0.0.0.0:0 to multicast group 230.0.0.1:6666.
[2017.11.09-03.34.31:098][  0]LogMaterial: Uniform references updated for custom material expression Custom.
[2017.11.09-03.34.31:622][  0]SourceControl: Info Source control is disabled
[2017.11.09-03.34.31:650][  0]SourceControl: Info Source control is disabled
[2017.11.09-03.34.31:716][  0]SourceControl: Info Source control is disabled
[2017.11.09-03.34.31:783][  0]SourceControl: Info Source control is disabled
[2017.11.09-03.34.32:710][  0]LogAndroidPermission: UAndroidPermissionCallbackProxy::GetInstance
