Log file open, 11/09/17 18:11:45
LogInit:Display: Running engine for game: chat
LogPlatformFile: Not using cached read wrapper
LogInit:Display: RandInit(1077676423) SRandInit(1077676423).
LogTaskGraph: Started task graph with 5 named threads and 8 total threads with 1 sets of task threads.
LogStats: Stats thread started at 0.180071
LogInit: Using libcurl 7.47.1
LogInit:  - built for x86_64-pc-win32
LogInit:  - supports SSL with OpenSSL/1.0.2g
LogInit:  - supports HTTP deflate (compression) using libz 1.2.8
LogInit:  - other features:
LogInit:      CURL_VERSION_SSL
LogInit:      CURL_VERSION_LIBZ
LogInit:      CURL_VERSION_IPV6
LogInit:      CURL_VERSION_ASYNCHDNS
LogInit:      CURL_VERSION_LARGEFILE
LogInit:      CURL_VERSION_IDN
LogInit:  CurlRequestOptions (configurable via config and command line):
LogInit:  - bVerifyPeer = false  - Libcurl will NOT verify peer certificate
LogInit:  - bUseHttpProxy = false  - Libcurl will NOT use HTTP proxy
LogInit:  - bDontReuseConnections = false  - Libcurl will reuse connections
LogInit:  - CertBundlePath = nullptr  - Libcurl will use whatever was configured at build time.
LogInit: Build: ++UE4+Release-4.16-CL-3561208
LogInit: Engine Version: 4.16.3-3561208+++UE4+Release-4.16
LogInit: Compatible Engine Version: 4.16.0-3452394+++UE4+Release-4.16
LogInit: Net CL: 3452394
LogDevObjectVersion: Number of dev versions registered: 16
LogDevObjectVersion:   Dev-Blueprints (B0D832E4-1F89-4F0D-ACCF-7EB736FD4AA2): 9
LogDevObjectVersion:   Dev-Build (E1C64328-A22C-4D53-A36C-8E866417BD8C): 0
LogDevObjectVersion:   Dev-Core (375EC13C-06E4-48FB-B500-84F0262A717E): 2
LogDevObjectVersion:   Dev-Editor (E4B068ED-F494-42E9-A231-DA0B2E46BB41): 17
LogDevObjectVersion:   Dev-Framework (CFFC743F-43B0-4480-9391-14DF171D2073): 23
LogDevObjectVersion:   Dev-Mobile (B02B49B5-BB20-44E9-A304-32B752E40360): 0
LogDevObjectVersion:   Dev-Networking (A4E4105C-59A1-49B5-A7C5-40C4547EDFEE): 0
LogDevObjectVersion:   Dev-Online (39C831C9-5AE6-47DC-9A44-9C173E1C8E7C): 0
LogDevObjectVersion:   Dev-Physics (78F01B33-EBEA-4F98-B9B4-84EACCB95AA2): 0
LogDevObjectVersion:   Dev-Platform (6631380F-2D4D-43E0-8009-CF276956A95A): 0
LogDevObjectVersion:   Dev-Rendering (12F88B9F-8875-4AFC-A67C-D90C383ABD29): 15
LogDevObjectVersion:   Dev-Sequencer (7B5AE74C-D270-4C10-A958-57980B212A5A): 4
LogDevObjectVersion:   Dev-VR (D7296918-1DD6-4BDD-9DE2-64A83CC13884): 0
LogDevObjectVersion:   Dev-LoadTimes (C2A15278-BFE7-4AFE-6C17-90FF531DF755): 1
LogDevObjectVersion:   Private-Geometry (6EACA3D4-40EC-4CC1-B786-8BED09428FC5): 1
LogDevObjectVersion:   Dev-AnimPhys (29E575DD-E0A3-4627-9D10-D276232CDCEA): 3
LogInit: Compiled (64-bit): Jul 28 2017 11:49:47
LogInit: Compiled with Visual C++: 19.00.24215.01
LogInit: Build Configuration: Development
LogInit: Branch Name: ++UE4+Release-4.16
LogInit: Command line:  -skipcompile
LogInit: Base directory: C:/Program Files/Epic Games/UE_4.16/Engine/Binaries/Win64/
LogInit: Installed Engine Build: 1
LogInit: Presizing for max 8388607 objects, including 0 objects not considered by GC, pre-allocating 0 bytes for permanent pool.
LogInit: Object subsystem initialized
[2017.11.09-05.11.45:941][  0]LogInit: Selected Device Profile: [Windows]
[2017.11.09-05.11.45:941][  0]LogInit: Applying CVar settings loaded from the selected device profile: [Windows]
[2017.11.09-05.11.45:950][  0]LogInit: Computer: 1903C004
[2017.11.09-05.11.45:951][  0]LogInit: User: josephnew6687
[2017.11.09-05.11.45:951][  0]LogInit: CPU Page size=4096, Cores=4
[2017.11.09-05.11.45:951][  0]LogInit: High frequency timer resolution =3.515673 MHz
[2017.11.09-05.11.45:951][  0]LogMemory: Memory total: Physical=15.9GB (16GB approx)
[2017.11.09-05.11.45:951][  0]LogMemory: Platform Memory Stats for Windows
[2017.11.09-05.11.45:951][  0]LogMemory: Process Physical Memory: 276.14 MB used, 276.14 MB peak
[2017.11.09-05.11.45:951][  0]LogMemory: Process Virtual Memory: 263.93 MB used, 263.93 MB peak
[2017.11.09-05.11.45:951][  0]LogMemory: Physical Memory: 14315.73 MB used,  1985.12 MB free, 16300.84 MB total
[2017.11.09-05.11.45:951][  0]LogMemory: Virtual Memory: 621.59 MB used,  1985.12 MB free, 8388608.00 MB total
[2017.11.09-05.11.46:090][  0]LogInit: Using OS detected language (en-NZ).
[2017.11.09-05.11.46:090][  0]LogInit: Using OS detected locale (en-NZ).
[2017.11.09-05.11.46:097][  0]LogTextLocalizationManager: No specific localization for 'en-NZ' exists, so the 'en' localization will be used.
[2017.11.09-05.11.47:100][  0]LogD3D11RHI: D3D11 adapters:
[2017.11.09-05.11.47:145][  0]LogD3D11RHI:    0. 'NVIDIA GeForce GTX 760' (Feature Level 11_0)
[2017.11.09-05.11.47:145][  0]LogD3D11RHI:       1989/0/2048 MB DedicatedVideo/DedicatedSystem/SharedSystem, Outputs:2, VendorId:0x10de
[2017.11.09-05.11.47:145][  0]LogD3D11RHI: Chosen D3D11 Adapter: 0
[2017.11.09-05.11.47:155][  0]LogD3D11RHI: Creating new Direct3DDevice
[2017.11.09-05.11.47:155][  0]LogD3D11RHI:     GPU DeviceId: 0x1187 (for the marketing name, search the web for "GPU Device Id")
[2017.11.09-05.11.47:155][  0]LogWindows: EnumDisplayDevices:
[2017.11.09-05.11.47:155][  0]LogWindows:    0. 'NVIDIA GeForce GTX 760' (P:1 D:1)
[2017.11.09-05.11.47:155][  0]LogWindows:    1. 'NVIDIA GeForce GTX 760' (P:0 D:1)
[2017.11.09-05.11.47:155][  0]LogWindows:    2. 'NVIDIA GeForce GTX 760' (P:0 D:0)
[2017.11.09-05.11.47:156][  0]LogWindows:    3. 'NVIDIA GeForce GTX 760' (P:0 D:0)
[2017.11.09-05.11.47:156][  0]LogWindows:    4. 'RDPDD Chained DD' (P:0 D:0)
[2017.11.09-05.11.47:156][  0]LogWindows:    5. 'RDP Encoder Mirror Driver' (P:0 D:0)
[2017.11.09-05.11.47:156][  0]LogWindows:    6. 'RDP Reflector Display Driver' (P:0 D:0)
[2017.11.09-05.11.47:156][  0]LogWindows:    7. 'Mirage Driver' (P:0 D:0)
[2017.11.09-05.11.47:159][  0]LogWindows: DebugString: GetVideoDriverDetailsInvalid PrimaryIsNotTheChoosenAdapter GetVideoDriverDetailsInvalid PrimaryIsNotTheChoosenAdapter GetVideoDriverDetailsInvalid PrimaryIsNotTheChoosenAdapter GetVideoDriverDetailsInvalid PrimaryIsNotTheChoosenAdapter FoundDriverCount:4 
[2017.11.09-05.11.47:159][  0]LogD3D11RHI:     Adapter Name: NVIDIA GeForce GTX 760
[2017.11.09-05.11.47:159][  0]LogD3D11RHI:   Driver Version: 364.72 (internal:10.18.13.6472, unified:364.72)
[2017.11.09-05.11.47:159][  0]LogD3D11RHI:      Driver Date: 3-21-2016
[2017.11.09-05.11.47:159][  0]LogRHI: Texture pool is 1361 MB (70% of 1945 MB)
[2017.11.09-05.11.47:192][  0]LogD3D11RHI: NvAPI_D3D_GetCurrentSLIState failed: 0xfffffff7
[2017.11.09-05.11.47:193][  0]LogD3D11RHI: Async texture creation enabled
[2017.11.09-05.11.47:207][  0]LogD3D11RHI: GPU Timing Frequency: 1000.000000 (Debug: 2 2)
[2017.11.09-05.11.47:308][  0]LogShaderCompilers: Guid format shader working directory is -3 characters bigger than the processId version (D:/Users/joseph.new6687/Documents/GameEngineSummative/chat/Intermediate/Shaders/WorkingDirectory/4940/).
[2017.11.09-05.11.47:308][  0]LogShaderCompilers: Cleaned the shader compiler working directory 'D:/Users/joseph.new6687/AppData/Local/Temp/UnrealShaderWorkingDir/322BA0304F06A3B5B980029ACB8E0B01/'.
[2017.11.09-05.11.47:309][  0]LogShaderCompilers:Display: Using Local Shader Compiler.
[2017.11.09-05.11.48:632][  0]LogTemp:Display: Loaded TP AllDesktopTargetPlatform
[2017.11.09-05.11.48:703][  0]LogTemp:Display: Loaded TP MacClientTargetPlatform
[2017.11.09-05.11.48:784][  0]LogTemp:Display: Loaded TP MacNoEditorTargetPlatform
[2017.11.09-05.11.48:857][  0]LogTemp:Display: Loaded TP MacServerTargetPlatform
[2017.11.09-05.11.48:931][  0]LogTemp:Display: Loaded TP MacTargetPlatform
[2017.11.09-05.11.49:003][  0]LogTemp:Display: Loaded TP WindowsClientTargetPlatform
[2017.11.09-05.11.49:077][  0]LogTemp:Display: Loaded TP WindowsNoEditorTargetPlatform
[2017.11.09-05.11.49:151][  0]LogTemp:Display: Loaded TP WindowsServerTargetPlatform
[2017.11.09-05.11.49:215][  0]LogTemp:Display: Loaded TP WindowsTargetPlatform
[2017.11.09-05.11.49:286][  0]LogTemp:Display: Loaded TP AndroidTargetPlatform
[2017.11.09-05.11.49:358][  0]LogTemp:Display: Loaded TP Android_ASTCTargetPlatform
[2017.11.09-05.11.49:428][  0]LogTemp:Display: Loaded TP Android_ATCTargetPlatform
[2017.11.09-05.11.49:498][  0]LogTemp:Display: Loaded TP Android_DXTTargetPlatform
[2017.11.09-05.11.49:571][  0]LogTemp:Display: Loaded TP Android_ETC1TargetPlatform
[2017.11.09-05.11.49:640][  0]LogTemp:Display: Loaded TP Android_ETC2TargetPlatform
[2017.11.09-05.11.49:788][  0]LogTemp:Display: Loaded TP Android_MultiTargetPlatform
[2017.11.09-05.11.49:788][  0]LogTemp:Display: Loaded TP Android_PVRTCTargetPlatform
[2017.11.09-05.11.49:851][  0]LogTemp:Display: Loaded TP HTML5TargetPlatform
[2017.11.09-05.11.49:984][  0]LogTemp:Display: Loaded TP IOSTargetPlatform
[2017.11.09-05.11.50:025][  0]LogTemp:Display: Loaded TP TVOSTargetPlatform
[2017.11.09-05.11.50:097][  0]LogTemp:Display: Loaded TP LinuxClientTargetPlatform
[2017.11.09-05.11.50:172][  0]LogTemp:Display: Loaded TP LinuxNoEditorTargetPlatform
[2017.11.09-05.11.50:250][  0]LogTemp:Display: Loaded TP LinuxServerTargetPlatform
[2017.11.09-05.11.50:323][  0]LogTemp:Display: Loaded TP LinuxTargetPlatform
[2017.11.09-05.11.50:323][  0]LogTargetPlatformManager:Display: Building Assets For Windows
[2017.11.09-05.11.51:089][  0]LogDerivedDataCache:Display: Max Cache Size: 512 MB
[2017.11.09-05.11.51:178][  0]LogDerivedDataCache: Loaded boot cache 0.09s 90MB D:/Users/joseph.new6687/AppData/Local/UnrealEngine/4.16/DerivedDataCache/Boot.ddc.
[2017.11.09-05.11.51:178][  0]LogDerivedDataCache:Display: Loaded Boot cache: D:/Users/joseph.new6687/AppData/Local/UnrealEngine/4.16/DerivedDataCache/Boot.ddc
[2017.11.09-05.11.51:178][  0]LogDerivedDataCache: FDerivedDataBackendGraph:  Pak pak cache file D:/Users/joseph.new6687/Documents/GameEngineSummative/chat/DerivedDataCache/DDC.ddp not found, will not use a pak cache.
[2017.11.09-05.11.51:179][  0]LogDerivedDataCache: Unable to find inner node Pak for hierarchical cache Hierarchy.
[2017.11.09-05.11.51:179][  0]LogDerivedDataCache: FDerivedDataBackendGraph:  CompressedPak pak cache file D:/Users/joseph.new6687/Documents/GameEngineSummative/chat/DerivedDataCache/Compressed.ddp not found, will not use a pak cache.
[2017.11.09-05.11.51:179][  0]LogDerivedDataCache: Unable to find inner node CompressedPak for hierarchical cache Hierarchy.
[2017.11.09-05.11.51:195][  0]LogDerivedDataCache:Display: Pak cache opened for reading ../../../Engine/DerivedDataCache/Compressed.ddp.
[2017.11.09-05.11.51:208][  0]LogDerivedDataCache: Using Local data cache path D:/Users/joseph.new6687/AppData/Local/UnrealEngine/Common/DerivedDataCache: Writable
[2017.11.09-05.11.51:217][  0]LogMaterial: Verifying Global Shaders for PCD3D_SM5
[2017.11.09-05.11.51:217][  0]LogSlate: Using Freetype 2.6.0
[2017.11.09-05.11.51:218][  0]LogSlate: SlateFontCache - WITH_FREETYPE: 1, WITH_HARFBUZZ: 1
[2017.11.09-05.11.51:218][  0]LogSlate: SlateFontCache - WITH_FREETYPE: 1, WITH_HARFBUZZ: 1
[2017.11.09-05.11.51:615][  0]LogInit: Selected Device Profile: [Windows]
[2017.11.09-05.11.51:619][  0]LogContentStreaming: Texture pool size is 0.00 MB
[2017.11.09-05.11.51:910][  0]LogMeshUtilities: Using QuadricMeshReduction for automatic static mesh reduction
[2017.11.09-05.11.51:978][  0]LogSimplygon: Simplygon DLL not present - disabling.
[2017.11.09-05.11.52:044][  0]LogMeshUtilities: Using SimplygonSwarm for distributed automatic mesh merging
[2017.11.09-05.11.52:044][  0]LogMeshUtilities: No automatic skeletal mesh reduction module available
[2017.11.09-05.11.52:044][  0]LogMeshUtilities: No automatic mesh merging module available
[2017.11.09-05.11.52:639][  0]LogNetVersion: chat , NetCL: 3452394, EngineNetVer: 2, GameNetVer: 0 (Checksum: 3772067698)
[2017.11.09-05.11.52:710][  0]LogAssetRegistry: FAssetRegistry took 0.0257 seconds to start up
[2017.11.09-05.11.52:766][  0]LogPackageLocalizationCache: Processed 4 localized package path(s) for 2 prioritized culture(s) in 0.024107 seconds
[2017.11.09-05.11.52:772][  0]LogUObjectArray: 34194 objects as part of root set at end of initial load.
[2017.11.09-05.11.52:772][  0]LogUObjectAllocator: 7260424 out of 0 bytes used by permanent object pool.
[2017.11.09-05.11.52:772][  0]LogUObjectArray: CloseDisregardForGC: 0/0 objects in disregard for GC pool
[2017.11.09-05.11.52:862][  0]LogInit: WinSock: version 1.1 (2.2), MaxSocks=32767, MaxUdp=65467
[2017.11.09-05.11.56:404][  0]LogTcpMessaging: Initializing TcpMessaging bridge
[2017.11.09-05.11.56:454][  0]LogUdpMessaging: Initializing bridge on interface 0.0.0.0:0 to multicast group 230.0.0.1:6666.
[2017.11.09-05.11.57:231][  0]LogMaterial: Uniform references updated for custom material expression Custom.
[2017.11.09-05.11.57:761][  0]SourceControl: Info Source control is disabled
[2017.11.09-05.11.57:789][  0]SourceControl: Info Source control is disabled
[2017.11.09-05.11.57:859][  0]SourceControl: Info Source control is disabled
[2017.11.09-05.11.57:937][  0]SourceControl: Info Source control is disabled
[2017.11.09-05.11.58:912][  0]LogAndroidPermission: UAndroidPermissionCallbackProxy::GetInstance
[2017.11.09-05.12.01:343][  0]LogEngine: Initializing Engine...
[2017.11.09-05.12.01:344][  0]LogHMD: Failed to initialize OpenVR with code 110
[2017.11.09-05.12.01:549][  0]LogStats: UGameplayTagsManager::ConstructGameplayTagTree: Construct from data asset -  0.000 s
[2017.11.09-05.12.01:550][  0]LogStats: UGameplayTagsManager::ConstructGameplayTagTree: GameplayTagTreeChangedEvent.Broadcast -  0.000 s
[2017.11.09-05.12.01:754][  0]LogAIModule: Creating AISystem for world Untitled
[2017.11.09-05.12.01:769][  0]LogInit: XAudio2 using 'Speakers (High Definition Audio Device)' : 2 channels at 44.1 kHz using 16 bits per sample (channel mask 0x3)
[2017.11.09-05.12.01:779][  0]LogInit: FAudioDevice initialized.
[2017.11.09-05.12.01:821][  0]LogDerivedDataCache: Saved boot cache 0.04s 90MB D:/Users/joseph.new6687/AppData/Local/UnrealEngine/4.16/DerivedDataCache/Boot.ddc.
[2017.11.09-05.12.01:833][  0]LogInit: Texture streaming: Enabled
[2017.11.09-05.12.01:983][  0]LogEngineSessionManager: EngineSessionManager initialized
[2017.11.09-05.12.02:298][  0]LogInit: Transaction tracking system initialized
[2017.11.09-05.12.02:762][  0]BlueprintLog: New page: Editor Load
[2017.11.09-05.12.04:133][  0]LocalizationService: Info Localization service is disabled
[2017.11.09-05.12.05:131][  0]LogConsoleResponse:Display: 
[2017.11.09-05.12.05:299][  0]LogCook:Display: Max memory allowance for cook 16384mb min free memory 0mb
[2017.11.09-05.12.05:299][  0]LogFileCache: Scanning file cache for directory 'D:/Users/joseph.new6687/Documents/GameEngineSummative/chat/Content/' took 0.01s
[2017.11.09-05.12.05:299][  0]LogCook:Display: Mobile HDR setting 1
[2017.11.09-05.12.07:008][  0]SourceControl: Info Source control is disabled
[2017.11.09-05.12.07:008][  0]Cmd: MAP LOAD FILE="../../../Engine/Content/Maps/Templates/Template_Default.umap" TEMPLATE=1 SHOWPROGRESS=1 FEATURELEVEL=3
[2017.11.09-05.12.07:010][  0]LightingResults: New page: Lighting Build
[2017.11.09-05.12.07:072][  0]MapCheck: New page: Map Check
[2017.11.09-05.12.07:072][  0]LightingResults: New page: Lighting Build
[2017.11.09-05.12.07:260][  0]LogAIModule: Creating AISystem for world Untitled_1
[2017.11.09-05.12.07:261][  0]LogActorComponent: RegisterComponentWithWorld: (/Temp/Untitled_1.Untitled_1:PersistentLevel.WorldSettings_1.StaticMeshComponent0) Trying to register component with IsPendingKill() == true. Aborting.
[2017.11.09-05.12.07:268][  0]LogEditorServer: Finished looking for orphan Actors (0.000 secs)
[2017.11.09-05.12.07:282][  0]Cmd: MAP CHECKDEP NOCLEARLOG
[2017.11.09-05.12.07:409][  0]MapCheck: Info Map check complete: 0 Error(s), 0 Warning(s), took 126.907ms to complete.
[2017.11.09-05.12.07:409][  0]LogFileHelpers: Loading map 'Template_Default' took 0.400
[2017.11.09-05.12.07:542][  0]LogCollectionManager: Loaded 0 collections in 0.001191 seconds
[2017.11.09-05.12.07:651][  0]LogFileCache: Scanning file cache for directory 'D:/Users/joseph.new6687/Documents/GameEngineSummative/chat/Saved/Collections/' took 0.01s
[2017.11.09-05.12.07:651][  0]LogFileCache: Scanning file cache for directory 'D:/Users/joseph.new6687/Documents/GameEngineSummative/chat/Content/Developers/josephnew6687/Collections/' took 0.01s
[2017.11.09-05.12.07:651][  0]LogFileCache: Scanning file cache for directory 'D:/Users/joseph.new6687/Documents/GameEngineSummative/chat/Content/Collections/' took 0.01s
[2017.11.09-05.12.07:651][  0]LogCollectionManager: Rebuilt the GUID cache for 0 collections in 0.000001 seconds
[2017.11.09-05.12.07:659][  0]LogContentBrowser: Native class hierarchy populated in 0.0081 seconds. Added 2330 classes and 493 folders.
[2017.11.09-05.12.07:752][  0]LogContentBrowser: Native class hierarchy updated for 'WidgetCarousel' in 0.0009 seconds. Added 0 classes and 0 folders.
[2017.11.09-05.12.07:808][  0]LogContentBrowser: Native class hierarchy updated for 'AddContentDialog' in 0.0008 seconds. Added 0 classes and 0 folders.
[2017.11.09-05.12.07:872][  0]LogContentBrowser: Native class hierarchy updated for 'SceneOutliner' in 0.0009 seconds. Added 1 classes and 2 folders.
[2017.11.09-05.12.07:918][  0]LogCrashTracker: Crashtracker disabled due to settings.
[2017.11.09-05.12.07:922][  0]LogSlate: Took 0.000429 seconds to synchronously load lazily loaded font '../../../Engine/Content/Slate/Fonts/Roboto-Regular.ttf' (155K)
[2017.11.09-05.12.07:923][  0]LogSlate: Took 0.000392 seconds to synchronously load lazily loaded font '../../../Engine/Content/Slate/Fonts/Roboto-Bold.ttf' (160K)
[2017.11.09-05.12.07:928][  0]LogSlate: Took 0.000501 seconds to synchronously load lazily loaded font '../../../Engine/Content/Editor/Slate/Fonts/FontAwesome.ttf' (139K)
[2017.11.09-05.12.08:008][  0]LogRenderer: Reallocating scene render targets to support 1208x660 NumSamples 1 (Frame:1).
[2017.11.09-05.12.08:246][  0]LogUObjectGlobals:Warning: Failed to find object 'Class None.'
[2017.11.09-05.12.08:329][  0]LogContentBrowser: Native class hierarchy updated for 'HierarchicalLODOutliner' in 0.0009 seconds. Added 1 classes and 2 folders.
[2017.11.09-05.12.08:329][  0]LogLoad: (Engine Initialization) Total time: 24.23 seconds
[2017.11.09-05.12.08:329][  0]LogLoad: (Engine Initialization) Total Blueprint compile time: 0.11 seconds
[2017.11.09-05.12.08:329][  0]LogExternalProfiler: Found external profiler: VSPerf
[2017.11.09-05.12.08:330][  0]LogExternalProfiler: Using external profiler: VSPerf
[2017.11.09-05.12.08:339][  0]LogOcInput: OculusInput pre-init called
[2017.11.09-05.12.08:339][  0]LogHMD: Starting GearVRController plugin
[2017.11.09-05.12.08:351][  0]LogAssetRegistry: Asset discovery search completed in 15.6614 seconds
[2017.11.09-05.12.08:352][  0]LogCollectionManager: Rebuilt the object cache for 0 collections in 0.000001 seconds (found 0 objects)
[2017.11.09-05.12.08:352][  0]LogCollectionManager: Fixed up redirectors for 0 collections in 0.000079 seconds (updated 0 objects)
[2017.11.09-05.12.08:356][  0]LogContentStreaming: Texture pool size now 1000 MB
[2017.11.09-05.12.12:307][430]Cmd: QUIT_EDITOR
[2017.11.09-05.12.12:325][430]LogExit: Preparing to exit.
[2017.11.09-05.12.13:633][430]LogExit: Editor shut down
[2017.11.09-05.12.13:636][430]LogExit: Transaction tracking system shut down
[2017.11.09-05.12.13:682][430]LogObj: Freed 0b from 0 cluster array pools.
[2017.11.09-05.12.13:682][430]LogExit: Object subsystem successfully closed.
[2017.11.09-05.12.13:701][430]LogD3D11RHI: Shutdown
[2017.11.09-05.12.13:701][430]LogD3D11RHI: CleanupD3DDevice
[2017.11.09-05.12.13:739][430]LogD3D11RHI: ~FD3D11DynamicRHI
[2017.11.09-05.12.13:762][430]LogModuleManager: Shutting down and abandoning module HierarchicalLODOutliner (528)
[2017.11.09-05.12.13:762][430]LogModuleManager: Shutting down and abandoning module CrashTracker (526)
[2017.11.09-05.12.13:762][430]LogModuleManager: Shutting down and abandoning module SceneOutliner (524)
[2017.11.09-05.12.13:762][430]LogModuleManager: Shutting down and abandoning module AddContentDialog (522)
[2017.11.09-05.12.13:762][430]LogDirectoryWatcher: A directory notification for 'C:/Program Files/Epic Games/UE_4.16/FeaturePacks/' was aborted.
[2017.11.09-05.12.13:762][430]LogModuleManager: Shutting down and abandoning module WidgetCarousel (521)
[2017.11.09-05.12.13:763][430]LogModuleManager: Shutting down and abandoning module EditorWidgets (518)
[2017.11.09-05.12.13:763][430]LogModuleManager: Shutting down and abandoning module CollectionManager (516)
[2017.11.09-05.12.13:763][430]LogDirectoryWatcher: A directory notification for 'D:/Users/joseph.new6687/Documents/GameEngineSummative/chat/Content/Collections/' was aborted.
[2017.11.09-05.12.13:763][430]LogDirectoryWatcher: A directory notification for 'D:/Users/joseph.new6687/Documents/GameEngineSummative/chat/Content/Developers/josephnew6687/Collections/' was aborted.
[2017.11.09-05.12.13:763][430]LogDirectoryWatcher: A directory notification for 'D:/Users/joseph.new6687/Documents/GameEngineSummative/chat/Saved/Collections/' was aborted.
[2017.11.09-05.12.13:763][430]LogModuleManager: Shutting down and abandoning module StatsViewer (514)
[2017.11.09-05.12.13:763][430]LogModuleManager: Shutting down and abandoning module FoliageEdit (512)
[2017.11.09-05.12.13:763][430]LogModuleManager: Shutting down and abandoning module LandscapeEditor (510)
[2017.11.09-05.12.13:763][430]LogModuleManager: Shutting down and abandoning module MeshPaintMode (508)
[2017.11.09-05.12.13:763][430]LogModuleManager: Shutting down and abandoning module SceneDepthPickerMode (506)
[2017.11.09-05.12.13:763][430]LogModuleManager: Shutting down and abandoning module ActorPickerMode (504)
[2017.11.09-05.12.13:764][430]LogModuleManager: Shutting down and abandoning module GeometryMode (502)
[2017.11.09-05.12.13:764][430]LogModuleManager: Shutting down and abandoning module TextureAlignMode (500)
[2017.11.09-05.12.13:764][430]LogModuleManager: Shutting down and abandoning module BspMode (498)
[2017.11.09-05.12.13:764][430]LogModuleManager: Shutting down and abandoning module HardwareSurvey (496)
[2017.11.09-05.12.13:764][430]LogModuleManager: Shutting down and abandoning module SequenceRecorderSections (494)
[2017.11.09-05.12.13:764][430]LogModuleManager: Shutting down and abandoning module AutomationWorker (492)
[2017.11.09-05.12.13:764][430]LogModuleManager: Shutting down and abandoning module MatineeToLevelSequence (490)
[2017.11.09-05.12.13:764][430]LogModuleManager: Shutting down and abandoning module LevelSequenceEditor (488)
[2017.11.09-05.12.13:764][430]LogModuleManager: Shutting down and abandoning module PlacementMode (487)
[2017.11.09-05.12.13:764][430]LogModuleManager: Shutting down and abandoning module WmfMediaFactory (484)
[2017.11.09-05.12.13:764][430]LogModuleManager: Shutting down and abandoning module WmfMediaEditor (482)
[2017.11.09-05.12.13:764][430]LogModuleManager: Shutting down and abandoning module AvfMediaFactory (480)
[2017.11.09-05.12.13:764][430]LogModuleManager: Shutting down and abandoning module AvfMediaEditor (478)
[2017.11.09-05.12.13:764][430]LogModuleManager: Shutting down and abandoning module AndroidMediaFactory (476)
[2017.11.09-05.12.13:764][430]LogModuleManager: Shutting down and abandoning module Media (475)
[2017.11.09-05.12.13:764][430]LogModuleManager: Shutting down and abandoning module AndroidMediaEditor (472)
[2017.11.09-05.12.13:764][430]LogModuleManager: Shutting down and abandoning module CharacterAI (470)
[2017.11.09-05.12.13:764][430]LogModuleManager: Shutting down and abandoning module AudioCapture (468)
[2017.11.09-05.12.13:764][430]LogModuleManager: Shutting down and abandoning module SequenceRecorder (467)
[2017.11.09-05.12.13:765][430]LogModuleManager: Shutting down and abandoning module SmartSnapping (464)
[2017.11.09-05.12.13:765][430]LogModuleManager: Shutting down and abandoning module SessionServices (462)
[2017.11.09-05.12.13:765][430]LogModuleManager: Shutting down and abandoning module ViewportSnapping (460)
[2017.11.09-05.12.13:765][430]LogModuleManager: Shutting down and abandoning module ViewportInteraction (458)
[2017.11.09-05.12.13:765][430]LogModuleManager: Shutting down and abandoning module ClothPainter (456)
[2017.11.09-05.12.13:765][430]LogModuleManager: Shutting down and abandoning module LogVisualizer (454)
[2017.11.09-05.12.13:765][430]LogModuleManager: Shutting down and abandoning module IntroTutorials (452)
[2017.11.09-05.12.13:765][430]LogModuleManager: Shutting down and abandoning module GameProjectGeneration (451)
[2017.11.09-05.12.13:765][430]LogModuleManager: Shutting down and abandoning module EditorLiveStreaming (448)
[2017.11.09-05.12.13:765][430]LogModuleManager: Shutting down and abandoning module IOSPlatformEditor (446)
[2017.11.09-05.12.13:765][430]LogModuleManager: Shutting down and abandoning module HTML5PlatformEditor (444)
[2017.11.09-05.12.13:765][430]LogModuleManager: Shutting down and abandoning module AndroidPlatformEditor (442)
[2017.11.09-05.12.13:765][430]LogModuleManager: Shutting down and abandoning module AndroidDeviceDetection (441)
[2017.11.09-05.12.14:620][430]LogModuleManager: Shutting down and abandoning module IOSRuntimeSettings (438)
[2017.11.09-05.12.14:620][430]LogModuleManager: Shutting down and abandoning module AndroidRuntimeSettings (436)
[2017.11.09-05.12.14:620][430]LogModuleManager: Shutting down and abandoning module InputBindingEditor (434)
[2017.11.09-05.12.14:620][430]LogModuleManager: Shutting down and abandoning module MergeActors (432)
[2017.11.09-05.12.14:620][430]LogModuleManager: Shutting down and abandoning module SizeMap (430)
[2017.11.09-05.12.14:620][430]LogModuleManager: Shutting down and abandoning module TreeMap (428)
[2017.11.09-05.12.14:620][430]LogModuleManager: Shutting down and abandoning module ReferenceViewer (426)
[2017.11.09-05.12.14:620][430]LogModuleManager: Shutting down and abandoning module LocalizationDashboard (424)
[2017.11.09-05.12.14:620][430]LogModuleManager: Shutting down and abandoning module LocalizationService (423)
[2017.11.09-05.12.14:620][430]LogModuleManager: Shutting down and abandoning module HardwareTargeting (420)
[2017.11.09-05.12.14:620][430]LogModuleManager: Shutting down and abandoning module DeviceProfileEditor (418)
[2017.11.09-05.12.14:620][430]LogModuleManager: Shutting down and abandoning module UndoHistory (416)
[2017.11.09-05.12.14:620][430]LogModuleManager: Shutting down and abandoning module UserFeedback (414)
[2017.11.09-05.12.14:621][430]LogModuleManager: Shutting down and abandoning module XmlParser (412)
[2017.11.09-05.12.14:621][430]LogModuleManager: Shutting down and abandoning module Blutility (410)
[2017.11.09-05.12.14:621][430]LogModuleManager: Shutting down and abandoning module ProjectSettingsViewer (408)
[2017.11.09-05.12.14:621][430]LogModuleManager: Shutting down and abandoning module ProjectTargetPlatformEditor (407)
[2017.11.09-05.12.14:621][430]LogModuleManager: Shutting down and abandoning module EditorSettingsViewer (404)
[2017.11.09-05.12.14:621][430]LogModuleManager: Shutting down and abandoning module SettingsEditor (402)
[2017.11.09-05.12.14:621][430]LogModuleManager: Shutting down and abandoning module ProjectLauncher (400)
[2017.11.09-05.12.14:621][430]LogModuleManager: Shutting down and abandoning module SessionFrontend (398)
[2017.11.09-05.12.14:621][430]LogModuleManager: Shutting down and abandoning module ProfilerClient (396)
[2017.11.09-05.12.14:621][430]LogModuleManager: Shutting down and abandoning module DeviceManager (394)
[2017.11.09-05.12.14:622][430]LogModuleManager: Shutting down and abandoning module TargetDeviceServices (393)
[2017.11.09-05.12.14:672][430]LogModuleManager: Shutting down and abandoning module AutomationController (390)
[2017.11.09-05.12.14:672][430]LogModuleManager: Shutting down and abandoning module AutomationWindow (388)
[2017.11.09-05.12.14:672][430]LogModuleManager: Shutting down and abandoning module Layers (386)
[2017.11.09-05.12.14:672][430]LogModuleManager: Shutting down and abandoning module ComponentVisualizers (384)
[2017.11.09-05.12.14:672][430]LogModuleManager: Shutting down and abandoning module DetailCustomizations (382)
[2017.11.09-05.12.14:672][430]LogModuleManager: Shutting down and abandoning module PackagesDialog (380)
[2017.11.09-05.12.14:672][430]LogModuleManager: Shutting down and abandoning module Persona (378)
[2017.11.09-05.12.14:672][430]LogModuleManager: Shutting down and abandoning module AdvancedPreviewScene (377)
[2017.11.09-05.12.14:672][430]LogModuleManager: Shutting down and abandoning module AnimGraph (375)
[2017.11.09-05.12.14:672][430]LogModuleManager: Shutting down and abandoning module Kismet (372)
[2017.11.09-05.12.14:673][430]LogModuleManager: Shutting down and abandoning module ClassViewer (370)
[2017.11.09-05.12.14:673][430]LogModuleManager: Shutting down and abandoning module Toolbox (368)
[2017.11.09-05.12.14:673][430]LogModuleManager: Shutting down and abandoning module ModuleUI (366)
[2017.11.09-05.12.14:673][430]LogModuleManager: Shutting down and abandoning module MovieSceneTools (364)
[2017.11.09-05.12.14:673][430]LogModuleManager: Shutting down and abandoning module OutputLog (362)
[2017.11.09-05.12.14:673][430]LogModuleManager: Shutting down and abandoning module GammaUI (360)
[2017.11.09-05.12.14:673][430]LogModuleManager: Shutting down and abandoning module Documentation (358)
[2017.11.09-05.12.14:673][430]LogModuleManager: Shutting down and abandoning module MovieSceneTracks (356)
[2017.11.09-05.12.14:673][430]LogModuleManager: Shutting down and abandoning module MovieScene (354)
[2017.11.09-05.12.14:673][430]LogModuleManager: Shutting down and abandoning module Niagara (352)
[2017.11.09-05.12.14:673][430]LogModuleManager: Shutting down and abandoning module NiagaraEditor (351)
[2017.11.09-05.12.14:673][430]LogModuleManager: Shutting down and abandoning module StreamingPauseRendering (348)
[2017.11.09-05.12.14:674][430]LogModuleManager: Shutting down and abandoning module AnalyticsET (346)
[2017.11.09-05.12.14:674][430]LogModuleManager: Shutting down and abandoning module PortalServices (344)
[2017.11.09-05.12.14:674][430]LogModuleManager: Shutting down and abandoning module PortalRpc (342)
[2017.11.09-05.12.14:674][430]LogModuleManager: Shutting down and abandoning module MessagingRpc (340)
[2017.11.09-05.12.14:674][430]LogModuleManager: Shutting down and abandoning module AIModule (338)
[2017.11.09-05.12.14:674][430]LogModuleManager: Shutting down and abandoning module GameplayDebugger (337)
[2017.11.09-05.12.14:674][430]LogModuleManager: Shutting down and abandoning module AITestSuite (335)
[2017.11.09-05.12.14:674][430]LogModuleManager: Shutting down and abandoning module ProfilerService (332)
