Log file open, 11/09/17 18:02:08
LogInit:Display: Running engine for game: chat
LogPlatformFile: Not using cached read wrapper
LogInit:Display: RandInit(-950732557) SRandInit(-950732556).
LogTaskGraph: Started task graph with 5 named threads and 8 total threads with 1 sets of task threads.
LogStats: Stats thread started at 0.097688
LogInit: Using libcurl 7.47.1
LogInit:  - built for x86_64-pc-win32
LogInit:  - supports SSL with OpenSSL/1.0.2g
LogInit:  - supports HTTP deflate (compression) using libz 1.2.8
LogInit:  - other features:
LogInit:      CURL_VERSION_SSL
LogInit:      CURL_VERSION_LIBZ
LogInit:      CURL_VERSION_IPV6
LogInit:      CURL_VERSION_ASYNCHDNS
LogInit:      CURL_VERSION_LARGEFILE
LogInit:      CURL_VERSION_IDN
LogInit:  CurlRequestOptions (configurable via config and command line):
LogInit:  - bVerifyPeer = false  - Libcurl will NOT verify peer certificate
LogInit:  - bUseHttpProxy = false  - Libcurl will NOT use HTTP proxy
LogInit:  - bDontReuseConnections = false  - Libcurl will reuse connections
LogInit:  - CertBundlePath = nullptr  - Libcurl will use whatever was configured at build time.
LogInit: Build: ++UE4+Release-4.16-CL-3561208
LogInit: Engine Version: 4.16.3-3561208+++UE4+Release-4.16
LogInit: Compatible Engine Version: 4.16.0-3452394+++UE4+Release-4.16
LogInit: Net CL: 3452394
LogDevObjectVersion: Number of dev versions registered: 16
LogDevObjectVersion:   Dev-Blueprints (B0D832E4-1F89-4F0D-ACCF-7EB736FD4AA2): 9
LogDevObjectVersion:   Dev-Build (E1C64328-A22C-4D53-A36C-8E866417BD8C): 0
LogDevObjectVersion:   Dev-Core (375EC13C-06E4-48FB-B500-84F0262A717E): 2
LogDevObjectVersion:   Dev-Editor (E4B068ED-F494-42E9-A231-DA0B2E46BB41): 17
LogDevObjectVersion:   Dev-Framework (CFFC743F-43B0-4480-9391-14DF171D2073): 23
LogDevObjectVersion:   Dev-Mobile (B02B49B5-BB20-44E9-A304-32B752E40360): 0
LogDevObjectVersion:   Dev-Networking (A4E4105C-59A1-49B5-A7C5-40C4547EDFEE): 0
LogDevObjectVersion:   Dev-Online (39C831C9-5AE6-47DC-9A44-9C173E1C8E7C): 0
LogDevObjectVersion:   Dev-Physics (78F01B33-EBEA-4F98-B9B4-84EACCB95AA2): 0
LogDevObjectVersion:   Dev-Platform (6631380F-2D4D-43E0-8009-CF276956A95A): 0
LogDevObjectVersion:   Dev-Rendering (12F88B9F-8875-4AFC-A67C-D90C383ABD29): 15
LogDevObjectVersion:   Dev-Sequencer (7B5AE74C-D270-4C10-A958-57980B212A5A): 4
LogDevObjectVersion:   Dev-VR (D7296918-1DD6-4BDD-9DE2-64A83CC13884): 0
LogDevObjectVersion:   Dev-LoadTimes (C2A15278-BFE7-4AFE-6C17-90FF531DF755): 1
LogDevObjectVersion:   Private-Geometry (6EACA3D4-40EC-4CC1-B786-8BED09428FC5): 1
LogDevObjectVersion:   Dev-AnimPhys (29E575DD-E0A3-4627-9D10-D276232CDCEA): 3
LogInit: Compiled (64-bit): Jul 28 2017 11:49:47
LogInit: Compiled with Visual C++: 19.00.24215.01
LogInit: Build Configuration: Development
LogInit: Branch Name: ++UE4+Release-4.16
LogInit: Command line:  
LogInit: Base directory: C:/Program Files/Epic Games/UE_4.16/Engine/Binaries/Win64/
LogInit: Installed Engine Build: 1
LogInit: Presizing for max 8388607 objects, including 0 objects not considered by GC, pre-allocating 0 bytes for permanent pool.
LogInit: Object subsystem initialized
[2017.11.09-05.02.08:871][  0]LogInit: Selected Device Profile: [Windows]
[2017.11.09-05.02.08:871][  0]LogInit: Applying CVar settings loaded from the selected device profile: [Windows]
[2017.11.09-05.02.08:901][  0]LogInit: Computer: 1903C004
[2017.11.09-05.02.08:901][  0]LogInit: User: josephnew6687
[2017.11.09-05.02.08:901][  0]LogInit: CPU Page size=4096, Cores=4
[2017.11.09-05.02.08:901][  0]LogInit: High frequency timer resolution =3.515673 MHz
[2017.11.09-05.02.08:901][  0]LogMemory: Memory total: Physical=15.9GB (16GB approx)
[2017.11.09-05.02.08:901][  0]LogMemory: Platform Memory Stats for Windows
[2017.11.09-05.02.08:901][  0]LogMemory: Process Physical Memory: 275.34 MB used, 275.34 MB peak
[2017.11.09-05.02.08:901][  0]LogMemory: Process Virtual Memory: 263.96 MB used, 263.96 MB peak
[2017.11.09-05.02.08:901][  0]LogMemory: Physical Memory: 14508.45 MB used,  1792.39 MB free, 16300.84 MB total
[2017.11.09-05.02.08:901][  0]LogMemory: Virtual Memory: 621.59 MB used,  1792.39 MB free, 8388608.00 MB total
[2017.11.09-05.02.09:004][  0]LogInit: Using OS detected language (en-NZ).
[2017.11.09-05.02.09:004][  0]LogInit: Using OS detected locale (en-NZ).
[2017.11.09-05.02.09:010][  0]LogTextLocalizationManager: No specific localization for 'en-NZ' exists, so the 'en' localization will be used.
[2017.11.09-05.02.10:072][  0]LogD3D11RHI: D3D11 adapters:
[2017.11.09-05.02.10:096][  0]LogD3D11RHI:    0. 'NVIDIA GeForce GTX 760' (Feature Level 11_0)
[2017.11.09-05.02.10:096][  0]LogD3D11RHI:       1989/0/2048 MB DedicatedVideo/DedicatedSystem/SharedSystem, Outputs:2, VendorId:0x10de
[2017.11.09-05.02.10:096][  0]LogD3D11RHI: Chosen D3D11 Adapter: 0
[2017.11.09-05.02.10:100][  0]LogD3D11RHI: Creating new Direct3DDevice
[2017.11.09-05.02.10:100][  0]LogD3D11RHI:     GPU DeviceId: 0x1187 (for the marketing name, search the web for "GPU Device Id")
[2017.11.09-05.02.10:100][  0]LogWindows: EnumDisplayDevices:
[2017.11.09-05.02.10:100][  0]LogWindows:    0. 'NVIDIA GeForce GTX 760' (P:1 D:1)
[2017.11.09-05.02.10:100][  0]LogWindows:    1. 'NVIDIA GeForce GTX 760' (P:0 D:1)
[2017.11.09-05.02.10:101][  0]LogWindows:    2. 'NVIDIA GeForce GTX 760' (P:0 D:0)
[2017.11.09-05.02.10:101][  0]LogWindows:    3. 'NVIDIA GeForce GTX 760' (P:0 D:0)
[2017.11.09-05.02.10:101][  0]LogWindows:    4. 'RDPDD Chained DD' (P:0 D:0)
[2017.11.09-05.02.10:101][  0]LogWindows:    5. 'RDP Encoder Mirror Driver' (P:0 D:0)
[2017.11.09-05.02.10:101][  0]LogWindows:    6. 'RDP Reflector Display Driver' (P:0 D:0)
[2017.11.09-05.02.10:101][  0]LogWindows:    7. 'Mirage Driver' (P:0 D:0)
[2017.11.09-05.02.10:101][  0]LogWindows: DebugString: GetVideoDriverDetailsInvalid PrimaryIsNotTheChoosenAdapter GetVideoDriverDetailsInvalid PrimaryIsNotTheChoosenAdapter GetVideoDriverDetailsInvalid PrimaryIsNotTheChoosenAdapter GetVideoDriverDetailsInvalid PrimaryIsNotTheChoosenAdapter FoundDriverCount:4 
[2017.11.09-05.02.10:101][  0]LogD3D11RHI:     Adapter Name: NVIDIA GeForce GTX 760
[2017.11.09-05.02.10:101][  0]LogD3D11RHI:   Driver Version: 364.72 (internal:10.18.13.6472, unified:364.72)
[2017.11.09-05.02.10:101][  0]LogD3D11RHI:      Driver Date: 3-21-2016
[2017.11.09-05.02.10:101][  0]LogRHI: Texture pool is 1361 MB (70% of 1945 MB)
[2017.11.09-05.02.10:108][  0]LogD3D11RHI: NvAPI_D3D_GetCurrentSLIState failed: 0xfffffff7
[2017.11.09-05.02.10:108][  0]LogD3D11RHI: Async texture creation enabled
[2017.11.09-05.02.10:121][  0]LogD3D11RHI: GPU Timing Frequency: 1000.000000 (Debug: 2 2)
[2017.11.09-05.02.10:216][  0]LogShaderCompilers: Guid format shader working directory is -4 characters bigger than the processId version (D:/Users/joseph.new6687/Documents/GameEngineSummative/chat/Intermediate/Shaders/WorkingDirectory/13136/).
[2017.11.09-05.02.10:216][  0]LogShaderCompilers: Cleaned the shader compiler working directory 'D:/Users/joseph.new6687/AppData/Local/Temp/UnrealShaderWorkingDir/AE8346884B21B3E9CD4A008DC901DA55/'.
[2017.11.09-05.02.10:216][  0]LogShaderCompilers:Display: Using Local Shader Compiler.
[2017.11.09-05.02.11:775][  0]LogTemp:Display: Loaded TP AllDesktopTargetPlatform
[2017.11.09-05.02.11:859][  0]LogTemp:Display: Loaded TP MacClientTargetPlatform
[2017.11.09-05.02.11:939][  0]LogTemp:Display: Loaded TP MacNoEditorTargetPlatform
[2017.11.09-05.02.12:020][  0]LogTemp:Display: Loaded TP MacServerTargetPlatform
[2017.11.09-05.02.12:102][  0]LogTemp:Display: Loaded TP MacTargetPlatform
[2017.11.09-05.02.12:181][  0]LogTemp:Display: Loaded TP WindowsClientTargetPlatform
[2017.11.09-05.02.12:274][  0]LogTemp:Display: Loaded TP WindowsNoEditorTargetPlatform
[2017.11.09-05.02.12:355][  0]LogTemp:Display: Loaded TP WindowsServerTargetPlatform
[2017.11.09-05.02.12:429][  0]LogTemp:Display: Loaded TP WindowsTargetPlatform
[2017.11.09-05.02.12:516][  0]LogTemp:Display: Loaded TP AndroidTargetPlatform
[2017.11.09-05.02.12:600][  0]LogTemp:Display: Loaded TP Android_ASTCTargetPlatform
[2017.11.09-05.02.12:687][  0]LogTemp:Display: Loaded TP Android_ATCTargetPlatform
[2017.11.09-05.02.12:771][  0]LogTemp:Display: Loaded TP Android_DXTTargetPlatform
[2017.11.09-05.02.12:855][  0]LogTemp:Display: Loaded TP Android_ETC1TargetPlatform
[2017.11.09-05.02.12:944][  0]LogTemp:Display: Loaded TP Android_ETC2TargetPlatform
[2017.11.09-05.02.13:111][  0]LogTemp:Display: Loaded TP Android_MultiTargetPlatform
[2017.11.09-05.02.13:111][  0]LogTemp:Display: Loaded TP Android_PVRTCTargetPlatform
[2017.11.09-05.02.13:176][  0]LogTemp:Display: Loaded TP HTML5TargetPlatform
[2017.11.09-05.02.13:312][  0]LogTemp:Display: Loaded TP IOSTargetPlatform
[2017.11.09-05.02.13:352][  0]LogTemp:Display: Loaded TP TVOSTargetPlatform
[2017.11.09-05.02.13:435][  0]LogTemp:Display: Loaded TP LinuxClientTargetPlatform
[2017.11.09-05.02.13:521][  0]LogTemp:Display: Loaded TP LinuxNoEditorTargetPlatform
[2017.11.09-05.02.13:596][  0]LogTemp:Display: Loaded TP LinuxServerTargetPlatform
[2017.11.09-05.02.13:675][  0]LogTemp:Display: Loaded TP LinuxTargetPlatform
[2017.11.09-05.02.13:675][  0]LogTargetPlatformManager:Display: Building Assets For Windows
[2017.11.09-05.02.14:440][  0]LogDerivedDataCache:Display: Max Cache Size: 512 MB
[2017.11.09-05.02.14:551][  0]LogDerivedDataCache: Loaded boot cache 0.11s 90MB D:/Users/joseph.new6687/AppData/Local/UnrealEngine/4.16/DerivedDataCache/Boot.ddc.
[2017.11.09-05.02.14:552][  0]LogDerivedDataCache:Display: Loaded Boot cache: D:/Users/joseph.new6687/AppData/Local/UnrealEngine/4.16/DerivedDataCache/Boot.ddc
[2017.11.09-05.02.14:552][  0]LogDerivedDataCache: FDerivedDataBackendGraph:  Pak pak cache file D:/Users/joseph.new6687/Documents/GameEngineSummative/chat/DerivedDataCache/DDC.ddp not found, will not use a pak cache.
[2017.11.09-05.02.14:552][  0]LogDerivedDataCache: Unable to find inner node Pak for hierarchical cache Hierarchy.
[2017.11.09-05.02.14:552][  0]LogDerivedDataCache: FDerivedDataBackendGraph:  CompressedPak pak cache file D:/Users/joseph.new6687/Documents/GameEngineSummative/chat/DerivedDataCache/Compressed.ddp not found, will not use a pak cache.
[2017.11.09-05.02.14:552][  0]LogDerivedDataCache: Unable to find inner node CompressedPak for hierarchical cache Hierarchy.
[2017.11.09-05.02.14:572][  0]LogDerivedDataCache:Display: Pak cache opened for reading ../../../Engine/DerivedDataCache/Compressed.ddp.
[2017.11.09-05.02.14:583][  0]LogDerivedDataCache: Using Local data cache path D:/Users/joseph.new6687/AppData/Local/UnrealEngine/Common/DerivedDataCache: Writable
[2017.11.09-05.02.14:592][  0]LogMaterial: Verifying Global Shaders for PCD3D_SM5
[2017.11.09-05.02.14:592][  0]LogSlate: Using Freetype 2.6.0
[2017.11.09-05.02.14:594][  0]LogSlate: SlateFontCache - WITH_FREETYPE: 1, WITH_HARFBUZZ: 1
[2017.11.09-05.02.14:594][  0]LogSlate: SlateFontCache - WITH_FREETYPE: 1, WITH_HARFBUZZ: 1
[2017.11.09-05.02.15:045][  0]LogInit: Selected Device Profile: [Windows]
[2017.11.09-05.02.15:049][  0]LogContentStreaming: Texture pool size is 0.00 MB
[2017.11.09-05.02.15:377][  0]LogMeshUtilities: Using QuadricMeshReduction for automatic static mesh reduction
[2017.11.09-05.02.15:445][  0]LogSimplygon: Simplygon DLL not present - disabling.
[2017.11.09-05.02.15:520][  0]LogMeshUtilities: Using SimplygonSwarm for distributed automatic mesh merging
[2017.11.09-05.02.15:520][  0]LogMeshUtilities: No automatic skeletal mesh reduction module available
[2017.11.09-05.02.15:520][  0]LogMeshUtilities: No automatic mesh merging module available
[2017.11.09-05.02.16:187][  0]LogNetVersion: chat , NetCL: 3452394, EngineNetVer: 2, GameNetVer: 0 (Checksum: 3772067698)
[2017.11.09-05.02.16:266][  0]LogAssetRegistry: FAssetRegistry took 0.0245 seconds to start up
[2017.11.09-05.02.16:332][  0]LogPackageLocalizationCache: Processed 4 localized package path(s) for 2 prioritized culture(s) in 0.028705 seconds
[2017.11.09-05.02.16:338][  0]LogUObjectArray: 34194 objects as part of root set at end of initial load.
[2017.11.09-05.02.16:338][  0]LogUObjectAllocator: 7260416 out of 0 bytes used by permanent object pool.
[2017.11.09-05.02.16:338][  0]LogUObjectArray: CloseDisregardForGC: 0/0 objects in disregard for GC pool
[2017.11.09-05.02.16:444][  0]LogInit: WinSock: version 1.1 (2.2), MaxSocks=32767, MaxUdp=65467
[2017.11.09-05.02.20:403][  0]LogTcpMessaging: Initializing TcpMessaging bridge
[2017.11.09-05.02.20:453][  0]LogUdpMessaging: Initializing bridge on interface 0.0.0.0:0 to multicast group 230.0.0.1:6666.
[2017.11.09-05.02.21:291][  0]LogMaterial: Uniform references updated for custom material expression Custom.
[2017.11.09-05.02.21:849][  0]SourceControl: Info Source control is disabled
[2017.11.09-05.02.21:877][  0]SourceControl: Info Source control is disabled
[2017.11.09-05.02.21:942][  0]SourceControl: Info Source control is disabled
[2017.11.09-05.02.22:011][  0]SourceControl: Info Source control is disabled
[2017.11.09-05.02.22:939][  0]LogAndroidPermission: UAndroidPermissionCallbackProxy::GetInstance
[2017.11.09-05.02.25:384][  0]LogEngine: Initializing Engine...
[2017.11.09-05.02.25:384][  0]LogHMD: Failed to initialize OpenVR with code 110
[2017.11.09-05.02.25:597][  0]LogStats: UGameplayTagsManager::ConstructGameplayTagTree: Construct from data asset -  0.000 s
[2017.11.09-05.02.25:597][  0]LogStats: UGameplayTagsManager::ConstructGameplayTagTree: GameplayTagTreeChangedEvent.Broadcast -  0.000 s
[2017.11.09-05.02.25:794][  0]LogAIModule: Creating AISystem for world Untitled
[2017.11.09-05.02.25:805][  0]LogInit: XAudio2 using 'Speakers (High Definition Audio Device)' : 2 channels at 44.1 kHz using 16 bits per sample (channel mask 0x3)
[2017.11.09-05.02.25:811][  0]LogInit: FAudioDevice initialized.
[2017.11.09-05.02.25:856][  0]LogDerivedDataCache: Saved boot cache 0.04s 90MB D:/Users/joseph.new6687/AppData/Local/UnrealEngine/4.16/DerivedDataCache/Boot.ddc.
[2017.11.09-05.02.25:867][  0]LogInit: Texture streaming: Enabled
[2017.11.09-05.02.26:000][  0]LogEngineSessionManager: EngineSessionManager initialized
[2017.11.09-05.02.26:315][  0]LogInit: Transaction tracking system initialized
[2017.11.09-05.02.26:774][  0]BlueprintLog: New page: Editor Load
[2017.11.09-05.02.28:125][  0]LocalizationService: Info Localization service is disabled
[2017.11.09-05.02.29:120][  0]LogConsoleResponse:Display: 
[2017.11.09-05.02.29:281][  0]LogCook:Display: Max memory allowance for cook 16384mb min free memory 0mb
[2017.11.09-05.02.29:281][  0]LogCook:Display: Mobile HDR setting 1
[2017.11.09-05.02.30:058][  0]LogFileCache: Scanning file cache for directory 'D:/Users/joseph.new6687/Documents/GameEngineSummative/chat/Content/' took 0.01s
[2017.11.09-05.02.30:906][  0]SourceControl: Info Source control is disabled
[2017.11.09-05.02.30:906][  0]Cmd: MAP LOAD FILE="../../../Engine/Content/Maps/Templates/Template_Default.umap" TEMPLATE=1 SHOWPROGRESS=1 FEATURELEVEL=3
[2017.11.09-05.02.30:907][  0]LightingResults: New page: Lighting Build
[2017.11.09-05.02.30:990][  0]MapCheck: New page: Map Check
[2017.11.09-05.02.30:990][  0]LightingResults: New page: Lighting Build
[2017.11.09-05.02.31:226][  0]LogAIModule: Creating AISystem for world Untitled_1
[2017.11.09-05.02.31:227][  0]LogActorComponent: RegisterComponentWithWorld: (/Temp/Untitled_1.Untitled_1:PersistentLevel.WorldSettings_1.StaticMeshComponent0) Trying to register component with IsPendingKill() == true. Aborting.
[2017.11.09-05.02.31:235][  0]LogEditorServer: Finished looking for orphan Actors (0.000 secs)
[2017.11.09-05.02.31:288][  0]Cmd: MAP CHECKDEP NOCLEARLOG
[2017.11.09-05.02.31:435][  0]MapCheck: Info Map check complete: 0 Error(s), 0 Warning(s), took 146.742ms to complete.
[2017.11.09-05.02.31:435][  0]LogFileHelpers: Loading map 'Template_Default' took 0.529
[2017.11.09-05.02.31:634][  0]LogCollectionManager: Loaded 0 collections in 0.000953 seconds
[2017.11.09-05.02.31:758][  0]LogFileCache: Scanning file cache for directory 'D:/Users/joseph.new6687/Documents/GameEngineSummative/chat/Saved/Collections/' took 0.01s
[2017.11.09-05.02.31:758][  0]LogFileCache: Scanning file cache for directory 'D:/Users/joseph.new6687/Documents/GameEngineSummative/chat/Content/Developers/josephnew6687/Collections/' took 0.01s
[2017.11.09-05.02.31:758][  0]LogFileCache: Scanning file cache for directory 'D:/Users/joseph.new6687/Documents/GameEngineSummative/chat/Content/Collections/' took 0.01s
[2017.11.09-05.02.31:758][  0]LogCollectionManager: Rebuilt the GUID cache for 0 collections in 0.000001 seconds
[2017.11.09-05.02.31:768][  0]LogContentBrowser: Native class hierarchy populated in 0.0096 seconds. Added 2330 classes and 493 folders.
[2017.11.09-05.02.31:875][  0]LogContentBrowser: Native class hierarchy updated for 'WidgetCarousel' in 0.0009 seconds. Added 0 classes and 0 folders.
[2017.11.09-05.02.31:930][  0]LogContentBrowser: Native class hierarchy updated for 'AddContentDialog' in 0.0009 seconds. Added 0 classes and 0 folders.
[2017.11.09-05.02.31:994][  0]LogContentBrowser: Native class hierarchy updated for 'SceneOutliner' in 0.0009 seconds. Added 1 classes and 2 folders.
[2017.11.09-05.02.32:039][  0]LogCrashTracker: Crashtracker disabled due to settings.
[2017.11.09-05.02.32:044][  0]LogSlate: Took 0.000535 seconds to synchronously load lazily loaded font '../../../Engine/Content/Slate/Fonts/Roboto-Regular.ttf' (155K)
[2017.11.09-05.02.32:046][  0]LogSlate: Took 0.000587 seconds to synchronously load lazily loaded font '../../../Engine/Content/Slate/Fonts/Roboto-Bold.ttf' (160K)
[2017.11.09-05.02.32:050][  0]LogSlate: Took 0.000482 seconds to synchronously load lazily loaded font '../../../Engine/Content/Editor/Slate/Fonts/FontAwesome.ttf' (139K)
[2017.11.09-05.02.32:143][  0]LogRenderer: Reallocating scene render targets to support 1208x660 NumSamples 1 (Frame:1).
[2017.11.09-05.02.32:577][  0]LogUObjectGlobals:Warning: Failed to find object 'Class None.'
[2017.11.09-05.02.32:689][  0]LogContentBrowser: Native class hierarchy updated for 'HierarchicalLODOutliner' in 0.0010 seconds. Added 1 classes and 2 folders.
[2017.11.09-05.02.32:689][  0]LogLoad: (Engine Initialization) Total time: 25.50 seconds
[2017.11.09-05.02.32:689][  0]LogLoad: (Engine Initialization) Total Blueprint compile time: 0.12 seconds
[2017.11.09-05.02.32:689][  0]LogExternalProfiler: Found external profiler: VSPerf
[2017.11.09-05.02.32:689][  0]LogExternalProfiler: Using external profiler: VSPerf
[2017.11.09-05.02.33:028][  0]LogOcInput: OculusInput pre-init called
[2017.11.09-05.02.33:028][  0]LogHMD: Starting GearVRController plugin
[2017.11.09-05.02.33:043][  0]LogAssetRegistry: Asset discovery search completed in 16.7966 seconds
[2017.11.09-05.02.33:045][  0]LogCollectionManager: Rebuilt the object cache for 0 collections in 0.000001 seconds (found 0 objects)
[2017.11.09-05.02.33:045][  0]LogCollectionManager: Fixed up redirectors for 0 collections in 0.000029 seconds (updated 0 objects)
[2017.11.09-05.02.33:045][  0]LogContentStreaming: Texture pool size now 1000 MB
[2017.11.09-05.02.47:364][269]LogInit: WinSock: I am 1903C004 (10.19.2.33:0)
[2017.11.09-05.02.47:364][269]10.19.2.33
[2017.11.09-05.02.47:364][269]LogTemp:Warning: 10.19.2.33:0
[2017.11.09-05.02.56:946][409]LogTemp:Warning: new socket
[2017.11.09-05.02.56:957][409]LogTemp:Warning: Created udp Receiver
[2017.11.09-05.03.28:953][402]LogTemp:Warning: 


~~~~~~~~~~~~~StartUDPSender~~~~~~~~~~~~~~~~



[2017.11.09-05.03.28:953][402]LogTemp:Warning: 50012
[2017.11.09-05.03.28:953][402]LogTemp:Warning: af
[2017.11.09-05.03.28:954][402]LogTemp:Warning: Remote Address PORT
[2017.11.09-05.03.28:954][402]LogTemp:Warning: 50012
[2017.11.09-05.03.28:954][402]LogTemp:Warning: Remote Address Platform PORT
[2017.11.09-05.03.28:954][402]LogTemp:Warning: 50012
[2017.11.09-05.03.45:311][427]LogTemp:Warning: af
[2017.11.09-05.03.45:311][427]LogTemp:Warning: Remote Address PORT
[2017.11.09-05.03.45:311][427]LogTemp:Warning: 50012
[2017.11.09-05.03.45:311][427]LogTemp:Warning: Remote Address Platform PORT
[2017.11.09-05.03.45:311][427]LogTemp:Warning: 50012
[2017.11.09-05.03.47:271][662]LogTemp:Warning: af
[2017.11.09-05.03.47:271][662]LogTemp:Warning: Remote Address PORT
[2017.11.09-05.03.47:271][662]LogTemp:Warning: 50012
[2017.11.09-05.03.47:271][662]LogTemp:Warning: Remote Address Platform PORT
[2017.11.09-05.03.47:271][662]LogTemp:Warning: 50012
[2017.11.09-05.03.48:438][802]LogTemp:Warning: af
[2017.11.09-05.03.48:438][802]LogTemp:Warning: Remote Address PORT
[2017.11.09-05.03.48:438][802]LogTemp:Warning: 50012
[2017.11.09-05.03.48:438][802]LogTemp:Warning: Remote Address Platform PORT
[2017.11.09-05.03.48:438][802]LogTemp:Warning: 50012
[2017.11.09-05.04.12:571][551]LogTemp:Warning: af
[2017.11.09-05.04.12:571][551]LogTemp:Warning: Remote Address PORT
[2017.11.09-05.04.12:571][551]LogTemp:Warning: 50012
[2017.11.09-05.04.12:571][551]LogTemp:Warning: Remote Address Platform PORT
[2017.11.09-05.04.12:571][551]LogTemp:Warning: 50012
[2017.11.09-05.04.13:896][710]LogTemp:Warning: af
[2017.11.09-05.04.13:896][710]LogTemp:Warning: Remote Address PORT
[2017.11.09-05.04.13:896][710]LogTemp:Warning: 50012
[2017.11.09-05.04.13:896][710]LogTemp:Warning: Remote Address Platform PORT
[2017.11.09-05.04.13:896][710]LogTemp:Warning: 50012
[2017.11.09-05.04.14:338][763]LogTemp:Warning: af
[2017.11.09-05.04.14:338][763]LogTemp:Warning: Remote Address PORT
[2017.11.09-05.04.14:338][763]LogTemp:Warning: 50012
[2017.11.09-05.04.14:338][763]LogTemp:Warning: Remote Address Platform PORT
[2017.11.09-05.04.14:338][763]LogTemp:Warning: 50012
[2017.11.09-05.04.14:830][822]LogTemp:Warning: af
[2017.11.09-05.04.14:830][822]LogTemp:Warning: Remote Address PORT
[2017.11.09-05.04.14:830][822]LogTemp:Warning: 50012
[2017.11.09-05.04.14:830][822]LogTemp:Warning: Remote Address Platform PORT
[2017.11.09-05.04.14:830][822]LogTemp:Warning: 50012
[2017.11.09-05.04.15:322][881]LogTemp:Warning: af
[2017.11.09-05.04.15:322][881]LogTemp:Warning: Remote Address PORT
[2017.11.09-05.04.15:322][881]LogTemp:Warning: 50012
[2017.11.09-05.04.15:322][881]LogTemp:Warning: Remote Address Platform PORT
[2017.11.09-05.04.15:322][881]LogTemp:Warning: 50012
[2017.11.09-05.04.15:780][936]LogTemp:Warning: af
[2017.11.09-05.04.15:780][936]LogTemp:Warning: Remote Address PORT
[2017.11.09-05.04.15:780][936]LogTemp:Warning: 50012
[2017.11.09-05.04.15:780][936]LogTemp:Warning: Remote Address Platform PORT
[2017.11.09-05.04.15:780][936]LogTemp:Warning: 50012
[2017.11.09-05.04.16:072][971]LogTemp:Warning: af
[2017.11.09-05.04.16:072][971]LogTemp:Warning: Remote Address PORT
[2017.11.09-05.04.16:072][971]LogTemp:Warning: 50012
[2017.11.09-05.04.16:072][971]LogTemp:Warning: Remote Address Platform PORT
[2017.11.09-05.04.16:072][971]LogTemp:Warning: 50012
[2017.11.09-05.04.16:288][997]LogTemp:Warning: af
[2017.11.09-05.04.16:288][997]LogTemp:Warning: Remote Address PORT
[2017.11.09-05.04.16:289][997]LogTemp:Warning: 50012
[2017.11.09-05.04.16:289][997]LogTemp:Warning: Remote Address Platform PORT
[2017.11.09-05.04.16:289][997]LogTemp:Warning: 50012
[2017.11.09-05.04.16:455][ 17]LogTemp:Warning: af
[2017.11.09-05.04.16:455][ 17]LogTemp:Warning: Remote Address PORT
[2017.11.09-05.04.16:455][ 17]LogTemp:Warning: 50012
[2017.11.09-05.04.16:455][ 17]LogTemp:Warning: Remote Address Platform PORT
[2017.11.09-05.04.16:455][ 17]LogTemp:Warning: 50012
[2017.11.09-05.04.16:630][ 38]LogTemp:Warning: af
[2017.11.09-05.04.16:630][ 38]LogTemp:Warning: Remote Address PORT
[2017.11.09-05.04.16:630][ 38]LogTemp:Warning: 50012
[2017.11.09-05.04.16:630][ 38]LogTemp:Warning: Remote Address Platform PORT
[2017.11.09-05.04.16:630][ 38]LogTemp:Warning: 50012
[2017.11.09-05.04.17:013][ 84]LogTemp:Warning: af
[2017.11.09-05.04.17:014][ 84]LogTemp:Warning: Remote Address PORT
[2017.11.09-05.04.17:014][ 84]LogTemp:Warning: 50012
[2017.11.09-05.04.17:014][ 84]LogTemp:Warning: Remote Address Platform PORT
[2017.11.09-05.04.17:014][ 84]LogTemp:Warning: 50012
[2017.11.09-05.04.17:215][108]LogTemp:Warning: af
[2017.11.09-05.04.17:215][108]LogTemp:Warning: Remote Address PORT
[2017.11.09-05.04.17:215][108]LogTemp:Warning: 50012
[2017.11.09-05.04.17:215][108]LogTemp:Warning: Remote Address Platform PORT
[2017.11.09-05.04.17:215][108]LogTemp:Warning: 50012
[2017.11.09-05.04.17:398][130]LogTemp:Warning: af
[2017.11.09-05.04.17:398][130]LogTemp:Warning: Remote Address PORT
[2017.11.09-05.04.17:398][130]LogTemp:Warning: 50012
[2017.11.09-05.04.17:398][130]LogTemp:Warning: Remote Address Platform PORT
[2017.11.09-05.04.17:398][130]LogTemp:Warning: 50012
[2017.11.09-05.04.17:582][152]LogTemp:Warning: af
[2017.11.09-05.04.17:582][152]LogTemp:Warning: Remote Address PORT
[2017.11.09-05.04.17:582][152]LogTemp:Warning: 50012
[2017.11.09-05.04.17:582][152]LogTemp:Warning: Remote Address Platform PORT
[2017.11.09-05.04.17:582][152]LogTemp:Warning: 50012
[2017.11.09-05.04.17:740][171]LogTemp:Warning: af
[2017.11.09-05.04.17:740][171]LogTemp:Warning: Remote Address PORT
[2017.11.09-05.04.17:740][171]LogTemp:Warning: 50012
[2017.11.09-05.04.17:740][171]LogTemp:Warning: Remote Address Platform PORT
[2017.11.09-05.04.17:740][171]LogTemp:Warning: 50012
[2017.11.09-05.04.17:923][193]LogTemp:Warning: af
[2017.11.09-05.04.17:923][193]LogTemp:Warning: Remote Address PORT
[2017.11.09-05.04.17:923][193]LogTemp:Warning: 50012
[2017.11.09-05.04.17:923][193]LogTemp:Warning: Remote Address Platform PORT
[2017.11.09-05.04.17:923][193]LogTemp:Warning: 50012
[2017.11.09-05.04.18:132][218]LogTemp:Warning: af
[2017.11.09-05.04.18:132][218]LogTemp:Warning: Remote Address PORT
[2017.11.09-05.04.18:132][218]LogTemp:Warning: 50012
[2017.11.09-05.04.18:132][218]LogTemp:Warning: Remote Address Platform PORT
[2017.11.09-05.04.18:132][218]LogTemp:Warning: 50012
[2017.11.09-05.04.18:340][243]LogTemp:Warning: af
[2017.11.09-05.04.18:340][243]LogTemp:Warning: Remote Address PORT
[2017.11.09-05.04.18:340][243]LogTemp:Warning: 50012
[2017.11.09-05.04.18:340][243]LogTemp:Warning: Remote Address Platform PORT
[2017.11.09-05.04.18:340][243]LogTemp:Warning: 50012
[2017.11.09-05.04.18:540][267]LogTemp:Warning: af
[2017.11.09-05.04.18:540][267]LogTemp:Warning: Remote Address PORT
[2017.11.09-05.04.18:540][267]LogTemp:Warning: 50012
[2017.11.09-05.04.18:540][267]LogTemp:Warning: Remote Address Platform PORT
[2017.11.09-05.04.18:540][267]LogTemp:Warning: 50012
[2017.11.09-05.04.18:723][289]LogTemp:Warning: af
[2017.11.09-05.04.18:723][289]LogTemp:Warning: Remote Address PORT
[2017.11.09-05.04.18:723][289]LogTemp:Warning: 50012
[2017.11.09-05.04.18:723][289]LogTemp:Warning: Remote Address Platform PORT
[2017.11.09-05.04.18:723][289]LogTemp:Warning: 50012
[2017.11.09-05.04.18:923][313]LogTemp:Warning: af
[2017.11.09-05.04.18:923][313]LogTemp:Warning: Remote Address PORT
[2017.11.09-05.04.18:923][313]LogTemp:Warning: 50012
[2017.11.09-05.04.18:923][313]LogTemp:Warning: Remote Address Platform PORT
[2017.11.09-05.04.18:923][313]LogTemp:Warning: 50012
[2017.11.09-05.04.19:103][334]LogTemp:Warning: af
[2017.11.09-05.04.19:103][334]LogTemp:Warning: Remote Address PORT
[2017.11.09-05.04.19:103][334]LogTemp:Warning: 50012
[2017.11.09-05.04.19:103][334]LogTemp:Warning: Remote Address Platform PORT
[2017.11.09-05.04.19:103][334]LogTemp:Warning: 50012
[2017.11.09-05.04.26:722][248]LogTemp:Warning: af
[2017.11.09-05.04.26:722][248]LogTemp:Warning: Remote Address PORT
[2017.11.09-05.04.26:722][248]LogTemp:Warning: 50012
[2017.11.09-05.04.26:722][248]LogTemp:Warning: Remote Address Platform PORT
[2017.11.09-05.04.26:722][248]LogTemp:Warning: 50012
[2017.11.09-05.04.50:233][617]10.19.2.33
[2017.11.09-05.04.50:233][617]LogTemp:Warning: 10.19.2.33:0
[2017.11.09-05.04.51:857][812]LogTemp:Warning: af
[2017.11.09-05.04.51:857][812]LogTemp:Warning: Remote Address PORT
[2017.11.09-05.04.51:857][812]LogTemp:Warning: 50012
[2017.11.09-05.04.51:857][812]LogTemp:Warning: Remote Address Platform PORT
[2017.11.09-05.04.51:857][812]LogTemp:Warning: 50012
[2017.11.09-05.04.54:707][152]LogTemp:Warning: af
[2017.11.09-05.04.54:707][152]LogTemp:Warning: Remote Address PORT
[2017.11.09-05.04.54:707][152]LogTemp:Warning: 50012
[2017.11.09-05.04.54:707][152]LogTemp:Warning: Remote Address Platform PORT
[2017.11.09-05.04.54:707][152]LogTemp:Warning: 50012
[2017.11.09-05.04.56:341][348]LogTemp:Warning: af
[2017.11.09-05.04.56:341][348]LogTemp:Warning: Remote Address PORT
[2017.11.09-05.04.56:341][348]LogTemp:Warning: 50012
[2017.11.09-05.04.56:341][348]LogTemp:Warning: Remote Address Platform PORT
[2017.11.09-05.04.56:341][348]LogTemp:Warning: 50012
[2017.11.09-05.04.58:771][517]LogTemp:Warning: af
[2017.11.09-05.04.58:771][517]LogTemp:Warning: Remote Address PORT
[2017.11.09-05.04.58:771][517]LogTemp:Warning: 50012
[2017.11.09-05.04.58:771][517]LogTemp:Warning: Remote Address Platform PORT
[2017.11.09-05.04.58:771][517]LogTemp:Warning: 50012
[2017.11.09-05.04.59:296][580]LogTemp:Warning: af
[2017.11.09-05.04.59:296][580]LogTemp:Warning: Remote Address PORT
[2017.11.09-05.04.59:296][580]LogTemp:Warning: 50012
[2017.11.09-05.04.59:296][580]LogTemp:Warning: Remote Address Platform PORT
[2017.11.09-05.04.59:296][580]LogTemp:Warning: 50012
[2017.11.09-05.04.59:596][616]LogTemp:Warning: af
[2017.11.09-05.04.59:596][616]LogTemp:Warning: Remote Address PORT
[2017.11.09-05.04.59:596][616]LogTemp:Warning: 50012
[2017.11.09-05.04.59:596][616]LogTemp:Warning: Remote Address Platform PORT
[2017.11.09-05.04.59:596][616]LogTemp:Warning: 50012
[2017.11.09-05.04.59:830][644]LogTemp:Warning: af
[2017.11.09-05.04.59:830][644]LogTemp:Warning: Remote Address PORT
[2017.11.09-05.04.59:830][644]LogTemp:Warning: 50012
[2017.11.09-05.04.59:830][644]LogTemp:Warning: Remote Address Platform PORT
[2017.11.09-05.04.59:830][644]LogTemp:Warning: 50012
[2017.11.09-05.05.00:061][671]LogTemp:Warning: af
[2017.11.09-05.05.00:061][671]LogTemp:Warning: Remote Address PORT
[2017.11.09-05.05.00:061][671]LogTemp:Warning: 50012
[2017.11.09-05.05.00:061][671]LogTemp:Warning: Remote Address Platform PORT
[2017.11.09-05.05.00:061][671]LogTemp:Warning: 50012
[2017.11.09-05.05.00:269][696]LogTemp:Warning: af
[2017.11.09-05.05.00:269][696]LogTemp:Warning: Remote Address PORT
[2017.11.09-05.05.00:269][696]LogTemp:Warning: 50012
[2017.11.09-05.05.00:269][696]LogTemp:Warning: Remote Address Platform PORT
[2017.11.09-05.05.00:269][696]LogTemp:Warning: 50012
[2017.11.09-05.05.00:469][720]LogTemp:Warning: af
[2017.11.09-05.05.00:469][720]LogTemp:Warning: Remote Address PORT
[2017.11.09-05.05.00:469][720]LogTemp:Warning: 50012
[2017.11.09-05.05.00:469][720]LogTemp:Warning: Remote Address Platform PORT
[2017.11.09-05.05.00:469][720]LogTemp:Warning: 50012
[2017.11.09-05.05.00:661][743]LogTemp:Warning: af
[2017.11.09-05.05.00:661][743]LogTemp:Warning: Remote Address PORT
[2017.11.09-05.05.00:661][743]LogTemp:Warning: 50012
[2017.11.09-05.05.00:661][743]LogTemp:Warning: Remote Address Platform PORT
[2017.11.09-05.05.00:661][743]LogTemp:Warning: 50012
[2017.11.09-05.05.00:844][765]LogTemp:Warning: af
[2017.11.09-05.05.00:844][765]LogTemp:Warning: Remote Address PORT
[2017.11.09-05.05.00:844][765]LogTemp:Warning: 50012
[2017.11.09-05.05.00:844][765]LogTemp:Warning: Remote Address Platform PORT
[2017.11.09-05.05.00:844][765]LogTemp:Warning: 50012
[2017.11.09-05.05.01:006][783]LogTemp:Warning: af
[2017.11.09-05.05.01:006][783]LogTemp:Warning: Remote Address PORT
[2017.11.09-05.05.01:006][783]LogTemp:Warning: 50012
[2017.11.09-05.05.01:006][783]LogTemp:Warning: Remote Address Platform PORT
[2017.11.09-05.05.01:006][783]LogTemp:Warning: 50012
[2017.11.09-05.05.01:128][797]LogTemp:Warning: af
[2017.11.09-05.05.01:128][797]LogTemp:Warning: Remote Address PORT
[2017.11.09-05.05.01:128][797]LogTemp:Warning: 50012
[2017.11.09-05.05.01:128][797]LogTemp:Warning: Remote Address Platform PORT
[2017.11.09-05.05.01:128][797]LogTemp:Warning: 50012
[2017.11.09-05.05.01:298][817]LogTemp:Warning: af
[2017.11.09-05.05.01:298][817]LogTemp:Warning: Remote Address PORT
[2017.11.09-05.05.01:298][817]LogTemp:Warning: 50012
[2017.11.09-05.05.01:298][817]LogTemp:Warning: Remote Address Platform PORT
[2017.11.09-05.05.01:298][817]LogTemp:Warning: 50012
[2017.11.09-05.05.01:549][847]LogTemp:Warning: af
[2017.11.09-05.05.01:549][847]LogTemp:Warning: Remote Address PORT
[2017.11.09-05.05.01:549][847]LogTemp:Warning: 50012
[2017.11.09-05.05.01:549][847]LogTemp:Warning: Remote Address Platform PORT
[2017.11.09-05.05.01:549][847]LogTemp:Warning: 50012
[2017.11.09-05.05.01:901][889]LogTemp:Warning: af
[2017.11.09-05.05.01:901][889]LogTemp:Warning: Remote Address PORT
[2017.11.09-05.05.01:901][889]LogTemp:Warning: 50012
[2017.11.09-05.05.01:901][889]LogTemp:Warning: Remote Address Platform PORT
[2017.11.09-05.05.01:901][889]LogTemp:Warning: 50012
[2017.11.09-05.05.02:034][905]LogTemp:Warning: af
[2017.11.09-05.05.02:034][905]LogTemp:Warning: Remote Address PORT
[2017.11.09-05.05.02:034][905]LogTemp:Warning: 50012
[2017.11.09-05.05.02:034][905]LogTemp:Warning: Remote Address Platform PORT
[2017.11.09-05.05.02:034][905]LogTemp:Warning: 50012
[2017.11.09-05.05.08:181][623]Cmd: QUIT_EDITOR
[2017.11.09-05.05.08:198][623]LogExit: Preparing to exit.
[2017.11.09-05.05.08:604][623]LogExit: Editor shut down
[2017.11.09-05.05.08:607][623]LogExit: Transaction tracking system shut down
[2017.11.09-05.05.08:656][623]LogObj: Freed 0b from 0 cluster array pools.
[2017.11.09-05.05.08:656][623]LogExit: Object subsystem successfully closed.
[2017.11.09-05.05.08:675][623]LogD3D11RHI: Shutdown
[2017.11.09-05.05.08:675][623]LogD3D11RHI: CleanupD3DDevice
[2017.11.09-05.05.08:714][623]LogD3D11RHI: ~FD3D11DynamicRHI
[2017.11.09-05.05.08:736][623]LogModuleManager: Shutting down and abandoning module HierarchicalLODOutliner (528)
[2017.11.09-05.05.08:736][623]LogModuleManager: Shutting down and abandoning module CrashTracker (526)
[2017.11.09-05.05.08:736][623]LogModuleManager: Shutting down and abandoning module SceneOutliner (524)
[2017.11.09-05.05.08:736][623]LogModuleManager: Shutting down and abandoning module AddContentDialog (522)
[2017.11.09-05.05.08:736][623]LogDirectoryWatcher: A directory notification for 'C:/Program Files/Epic Games/UE_4.16/FeaturePacks/' was aborted.
[2017.11.09-05.05.08:737][623]LogModuleManager: Shutting down and abandoning module WidgetCarousel (521)
[2017.11.09-05.05.08:737][623]LogModuleManager: Shutting down and abandoning module EditorWidgets (518)
[2017.11.09-05.05.08:737][623]LogModuleManager: Shutting down and abandoning module CollectionManager (516)
[2017.11.09-05.05.08:737][623]LogDirectoryWatcher: A directory notification for 'D:/Users/joseph.new6687/Documents/GameEngineSummative/chat/Content/Collections/' was aborted.
[2017.11.09-05.05.08:737][623]LogDirectoryWatcher: A directory notification for 'D:/Users/joseph.new6687/Documents/GameEngineSummative/chat/Content/Developers/josephnew6687/Collections/' was aborted.
[2017.11.09-05.05.08:737][623]LogDirectoryWatcher: A directory notification for 'D:/Users/joseph.new6687/Documents/GameEngineSummative/chat/Saved/Collections/' was aborted.
[2017.11.09-05.05.08:737][623]LogModuleManager: Shutting down and abandoning module StatsViewer (514)
[2017.11.09-05.05.08:737][623]LogModuleManager: Shutting down and abandoning module FoliageEdit (512)
[2017.11.09-05.05.08:738][623]LogModuleManager: Shutting down and abandoning module LandscapeEditor (510)
[2017.11.09-05.05.08:738][623]LogModuleManager: Shutting down and abandoning module MeshPaintMode (508)
[2017.11.09-05.05.08:738][623]LogModuleManager: Shutting down and abandoning module SceneDepthPickerMode (506)
[2017.11.09-05.05.08:738][623]LogModuleManager: Shutting down and abandoning module ActorPickerMode (504)
[2017.11.09-05.05.08:738][623]LogModuleManager: Shutting down and abandoning module GeometryMode (502)
[2017.11.09-05.05.08:738][623]LogModuleManager: Shutting down and abandoning module TextureAlignMode (500)
[2017.11.09-05.05.08:738][623]LogModuleManager: Shutting down and abandoning module BspMode (498)
[2017.11.09-05.05.08:738][623]LogModuleManager: Shutting down and abandoning module HardwareSurvey (496)
[2017.11.09-05.05.08:738][623]LogModuleManager: Shutting down and abandoning module SequenceRecorderSections (494)
[2017.11.09-05.05.08:738][623]LogModuleManager: Shutting down and abandoning module AutomationWorker (492)
[2017.11.09-05.05.08:738][623]LogModuleManager: Shutting down and abandoning module MatineeToLevelSequence (490)
[2017.11.09-05.05.08:738][623]LogModuleManager: Shutting down and abandoning module LevelSequenceEditor (488)
[2017.11.09-05.05.08:738][623]LogModuleManager: Shutting down and abandoning module PlacementMode (487)
[2017.11.09-05.05.08:738][623]LogModuleManager: Shutting down and abandoning module WmfMediaFactory (484)
[2017.11.09-05.05.08:738][623]LogModuleManager: Shutting down and abandoning module WmfMediaEditor (482)
[2017.11.09-05.05.08:738][623]LogModuleManager: Shutting down and abandoning module AvfMediaFactory (480)
[2017.11.09-05.05.08:738][623]LogModuleManager: Shutting down and abandoning module AvfMediaEditor (478)
[2017.11.09-05.05.08:738][623]LogModuleManager: Shutting down and abandoning module AndroidMediaFactory (476)
[2017.11.09-05.05.08:738][623]LogModuleManager: Shutting down and abandoning module Media (475)
[2017.11.09-05.05.08:738][623]LogModuleManager: Shutting down and abandoning module AndroidMediaEditor (472)
[2017.11.09-05.05.08:738][623]LogModuleManager: Shutting down and abandoning module CharacterAI (470)
[2017.11.09-05.05.08:738][623]LogModuleManager: Shutting down and abandoning module AudioCapture (468)
[2017.11.09-05.05.08:738][623]LogModuleManager: Shutting down and abandoning module SequenceRecorder (467)
[2017.11.09-05.05.08:738][623]LogModuleManager: Shutting down and abandoning module SmartSnapping (464)
[2017.11.09-05.05.08:738][623]LogModuleManager: Shutting down and abandoning module SessionServices (462)
[2017.11.09-05.05.08:738][623]LogModuleManager: Shutting down and abandoning module ViewportSnapping (460)
[2017.11.09-05.05.08:738][623]LogModuleManager: Shutting down and abandoning module ViewportInteraction (458)
[2017.11.09-05.05.08:738][623]LogModuleManager: Shutting down and abandoning module ClothPainter (456)
[2017.11.09-05.05.08:738][623]LogModuleManager: Shutting down and abandoning module LogVisualizer (454)
[2017.11.09-05.05.08:738][623]LogModuleManager: Shutting down and abandoning module IntroTutorials (452)
[2017.11.09-05.05.08:738][623]LogModuleManager: Shutting down and abandoning module GameProjectGeneration (451)
[2017.11.09-05.05.08:738][623]LogModuleManager: Shutting down and abandoning module EditorLiveStreaming (448)
[2017.11.09-05.05.08:738][623]LogModuleManager: Shutting down and abandoning module IOSPlatformEditor (446)
[2017.11.09-05.05.08:738][623]LogModuleManager: Shutting down and abandoning module HTML5PlatformEditor (444)
[2017.11.09-05.05.08:738][623]LogModuleManager: Shutting down and abandoning module AndroidPlatformEditor (442)
[2017.11.09-05.05.08:738][623]LogModuleManager: Shutting down and abandoning module AndroidDeviceDetection (441)
[2017.11.09-05.05.09:621][623]LogModuleManager: Shutting down and abandoning module IOSRuntimeSettings (438)
[2017.11.09-05.05.09:621][623]LogModuleManager: Shutting down and abandoning module AndroidRuntimeSettings (436)
[2017.11.09-05.05.09:621][623]LogModuleManager: Shutting down and abandoning module InputBindingEditor (434)
[2017.11.09-05.05.09:621][623]LogModuleManager: Shutting down and abandoning module MergeActors (432)
[2017.11.09-05.05.09:621][623]LogModuleManager: Shutting down and abandoning module SizeMap (430)
[2017.11.09-05.05.09:621][623]LogModuleManager: Shutting down and abandoning module TreeMap (428)
[2017.11.09-05.05.09:621][623]LogModuleManager: Shutting down and abandoning module ReferenceViewer (426)
[2017.11.09-05.05.09:621][623]LogModuleManager: Shutting down and abandoning module LocalizationDashboard (424)
[2017.11.09-05.05.09:621][623]LogModuleManager: Shutting down and abandoning module LocalizationService (423)
[2017.11.09-05.05.09:621][623]LogModuleManager: Shutting down and abandoning module HardwareTargeting (420)
[2017.11.09-05.05.09:621][623]LogModuleManager: Shutting down and abandoning module DeviceProfileEditor (418)
[2017.11.09-05.05.09:621][623]LogModuleManager: Shutting down and abandoning module UndoHistory (416)
[2017.11.09-05.05.09:621][623]LogModuleManager: Shutting down and abandoning module UserFeedback (414)
[2017.11.09-05.05.09:621][623]LogModuleManager: Shutting down and abandoning module XmlParser (412)
[2017.11.09-05.05.09:621][623]LogModuleManager: Shutting down and abandoning module Blutility (410)
[2017.11.09-05.05.09:621][623]LogModuleManager: Shutting down and abandoning module ProjectSettingsViewer (408)
[2017.11.09-05.05.09:621][623]LogModuleManager: Shutting down and abandoning module ProjectTargetPlatformEditor (407)
[2017.11.09-05.05.09:621][623]LogModuleManager: Shutting down and abandoning module EditorSettingsViewer (404)
[2017.11.09-05.05.09:621][623]LogModuleManager: Shutting down and abandoning module SettingsEditor (402)
[2017.11.09-05.05.09:621][623]LogModuleManager: Shutting down and abandoning module ProjectLauncher (400)
[2017.11.09-05.05.09:621][623]LogModuleManager: Shutting down and abandoning module SessionFrontend (398)
[2017.11.09-05.05.09:621][623]LogModuleManager: Shutting down and abandoning module ProfilerClient (396)
[2017.11.09-05.05.09:621][623]LogModuleManager: Shutting down and abandoning module DeviceManager (394)
[2017.11.09-05.05.09:621][623]LogModuleManager: Shutting down and abandoning module TargetDeviceServices (393)
[2017.11.09-05.05.09:671][623]LogModuleManager: Shutting down and abandoning module AutomationController (390)
[2017.11.09-05.05.09:671][623]LogModuleManager: Shutting down and abandoning module AutomationWindow (388)
[2017.11.09-05.05.09:671][623]LogModuleManager: Shutting down and abandoning module Layers (386)
[2017.11.09-05.05.09:671][623]LogModuleManager: Shutting down and abandoning module ComponentVisualizers (384)
[2017.11.09-05.05.09:671][623]LogModuleManager: Shutting down and abandoning module DetailCustomizations (382)
[2017.11.09-05.05.09:671][623]LogModuleManager: Shutting down and abandoning module PackagesDialog (380)
[2017.11.09-05.05.09:671][623]LogModuleManager: Shutting down and abandoning module Persona (378)
[2017.11.09-05.05.09:671][623]LogModuleManager: Shutting down and abandoning module AdvancedPreviewScene (377)
[2017.11.09-05.05.09:671][623]LogModuleManager: Shutting down and abandoning module AnimGraph (375)
[2017.11.09-05.05.09:671][623]LogModuleManager: Shutting down and abandoning module Kismet (372)
[2017.11.09-05.05.09:671][623]LogModuleManager: Shutting down and abandoning module ClassViewer (370)
[2017.11.09-05.05.09:671][623]LogModuleManager: Shutting down and abandoning module Toolbox (368)
[2017.11.09-05.05.09:671][623]LogModuleManager: Shutting down and abandoning module ModuleUI (366)
[2017.11.09-05.05.09:671][623]LogModuleManager: Shutting down and abandoning module MovieSceneTools (364)
[2017.11.09-05.05.09:671][623]LogModuleManager: Shutting down and abandoning module OutputLog (362)
[2017.11.09-05.05.09:671][623]LogModuleManager: Shutting down and abandoning module GammaUI (360)
[2017.11.09-05.05.09:671][623]LogModuleManager: Shutting down and abandoning module Documentation (358)
[2017.11.09-05.05.09:671][623]LogModuleManager: Shutting down and abandoning module MovieSceneTracks (356)
[2017.11.09-05.05.09:671][623]LogModuleManager: Shutting down and abandoning module MovieScene (354)
[2017.11.09-05.05.09:671][623]LogModuleManager: Shutting down and abandoning module Niagara (352)
[2017.11.09-05.05.09:671][623]LogModuleManager: Shutting down and abandoning module NiagaraEditor (351)
[2017.11.09-05.05.09:671][623]LogModuleManager: Shutting down and abandoning module StreamingPauseRendering (348)
[2017.11.09-05.05.09:671][623]LogModuleManager: Shutting down and abandoning module AnalyticsET (346)
[2017.11.09-05.05.09:671][623]LogModuleManager: Shutting down and abandoning module PortalServices (344)
[2017.11.09-05.05.09:671][623]LogModuleManager: Shutting down and abandoning module PortalRpc (342)
[2017.11.09-05.05.09:671][623]LogModuleManager: Shutting down and abandoning module MessagingRpc (340)
[2017.11.09-05.05.09:671][623]LogModuleManager: Shutting down and abandoning module AIModule (338)
[2017.11.09-05.05.09:671][623]LogModuleManager: Shutting down and abandoning module GameplayDebugger (337)
[2017.11.09-05.05.09:671][623]LogModuleManager: Shutting down and abandoning module AITestSuite (335)
[2017.11.09-05.05.09:671][623]LogModuleManager: Shutting down and abandoning module ProfilerService (332)
[2017.11.09-05.05.09:867][623]LogModuleManager: Shutting down and abandoning module TaskGraph (330)
[2017.11.09-05.05.09:867][623]LogModuleManager: Shutting down and abandoning module chatPlugin (328)
[2017.11.09-05.05.09:867][623]LogTemp:Warning: af
[2017.11.09-05.05.10:355][623]LogWindows:Error: === Critical error: ===
[2017.11.09-05.05.10:355][623]LogWindows:Error: 
[2017.11.09-05.05.10:355][623]LogWindows:Error: Fatal error!
[2017.11.09-05.05.10:355][623]LogWindows:Error: 
[2017.11.09-05.05.10:355][623]LogWindows:Error: Unhandled Exception: EXCEPTION_ACCESS_VIOLATION reading address 0x000007dc
[2017.11.09-05.05.10:355][623]LogWindows:Error: 
[2017.11.09-05.05.10:355][623]LogWindows:Error: UE4Editor-Engine.dll!0x00000000C0A4A6A4
[2017.11.09-05.05.10:355][623]LogWindows:Error: UE4Editor-chatPlugin.dll!FchatPluginModule::UDPSender_SendString() [d:\users\joseph.new6687\documents\gameenginesummative\chat\plugins\chatplugin\source\chatplugin\private\chatplugin.cpp:221]
[2017.11.09-05.05.10:355][623]LogWindows:Error: UE4Editor-chatPlugin.dll!FchatPluginModule::ShutdownModule() [d:\users\joseph.new6687\documents\gameenginesummative\chat\plugins\chatplugin\source\chatplugin\private\chatplugin.cpp:67]
[2017.11.09-05.05.10:355][623]LogWindows:Error: UE4Editor-Core.dll!0x00000000C2F9B222
[2017.11.09-05.05.10:355][623]LogWindows:Error: UE4Editor-Core.dll!0x00000000C2F9BA31
[2017.11.09-05.05.10:355][623]LogWindows:Error: UE4Editor.exe!0x000000003F46E624
[2017.11.09-05.05.10:355][623]LogWindows:Error: UE4Editor.exe!0x000000003F46F0E5
[2017.11.09-05.05.10:355][623]LogWindows:Error: UE4Editor.exe!0x000000003F46F12A
[2017.11.09-05.05.10:355][623]LogWindows:Error: UE4Editor.exe!0x000000003F480CF9
[2017.11.09-05.05.10:355][623]LogWindows:Error: UE4Editor.exe!0x000000003F4825F7
[2017.11.09-05.05.10:355][623]LogWindows:Error: kernel32.dll!0x00000000771859CD
[2017.11.09-05.05.10:355][623]LogWindows:Error: ntdll.dll!0x00000000773BA561
[2017.11.09-05.05.10:355][623]LogWindows:Error: ntdll.dll!0x00000000773BA561
[2017.11.09-05.05.10:355][623]LogWindows:Error: 
