Log file open, 11/07/17 20:02:16
LogInit:Display: Running engine for game: chat
LogPlatformFile: Not using cached read wrapper
LogInit:Display: RandInit(-976166294) SRandInit(-976166294).
LogTaskGraph: Started task graph with 5 named threads and 12 total threads with 1 sets of task threads.
LogStats: Stats thread started at 0.514224
LogInit: Using libcurl 7.47.1
LogInit:  - built for x86_64-pc-win32
LogInit:  - supports SSL with OpenSSL/1.0.2g
LogInit:  - supports HTTP deflate (compression) using libz 1.2.8
LogInit:  - other features:
LogInit:      CURL_VERSION_SSL
LogInit:      CURL_VERSION_LIBZ
LogInit:      CURL_VERSION_IPV6
LogInit:      CURL_VERSION_ASYNCHDNS
LogInit:      CURL_VERSION_LARGEFILE
LogInit:      CURL_VERSION_IDN
LogInit:  CurlRequestOptions (configurable via config and command line):
LogInit:  - bVerifyPeer = false  - Libcurl will NOT verify peer certificate
LogInit:  - bUseHttpProxy = false  - Libcurl will NOT use HTTP proxy
LogInit:  - bDontReuseConnections = false  - Libcurl will reuse connections
LogInit:  - CertBundlePath = nullptr  - Libcurl will use whatever was configured at build time.
LogInit: Build: ++UE4+Release-4.16-CL-3561208
LogInit: Engine Version: 4.16.3-3561208+++UE4+Release-4.16
LogInit: Compatible Engine Version: 4.16.0-3452394+++UE4+Release-4.16
LogInit: Net CL: 3452394
LogDevObjectVersion: Number of dev versions registered: 16
LogDevObjectVersion:   Dev-Blueprints (B0D832E4-1F89-4F0D-ACCF-7EB736FD4AA2): 9
LogDevObjectVersion:   Dev-Build (E1C64328-A22C-4D53-A36C-8E866417BD8C): 0
LogDevObjectVersion:   Dev-Core (375EC13C-06E4-48FB-B500-84F0262A717E): 2
LogDevObjectVersion:   Dev-Editor (E4B068ED-F494-42E9-A231-DA0B2E46BB41): 17
LogDevObjectVersion:   Dev-Framework (CFFC743F-43B0-4480-9391-14DF171D2073): 23
LogDevObjectVersion:   Dev-Mobile (B02B49B5-BB20-44E9-A304-32B752E40360): 0
LogDevObjectVersion:   Dev-Networking (A4E4105C-59A1-49B5-A7C5-40C4547EDFEE): 0
LogDevObjectVersion:   Dev-Online (39C831C9-5AE6-47DC-9A44-9C173E1C8E7C): 0
LogDevObjectVersion:   Dev-Physics (78F01B33-EBEA-4F98-B9B4-84EACCB95AA2): 0
LogDevObjectVersion:   Dev-Platform (6631380F-2D4D-43E0-8009-CF276956A95A): 0
LogDevObjectVersion:   Dev-Rendering (12F88B9F-8875-4AFC-A67C-D90C383ABD29): 15
LogDevObjectVersion:   Dev-Sequencer (7B5AE74C-D270-4C10-A958-57980B212A5A): 4
LogDevObjectVersion:   Dev-VR (D7296918-1DD6-4BDD-9DE2-64A83CC13884): 0
LogDevObjectVersion:   Dev-LoadTimes (C2A15278-BFE7-4AFE-6C17-90FF531DF755): 1
LogDevObjectVersion:   Private-Geometry (6EACA3D4-40EC-4CC1-B786-8BED09428FC5): 1
LogDevObjectVersion:   Dev-AnimPhys (29E575DD-E0A3-4627-9D10-D276232CDCEA): 3
LogInit: Compiled (64-bit): Jul 28 2017 11:49:47
LogInit: Compiled with Visual C++: 19.00.24215.01
LogInit: Build Configuration: Development
LogInit: Branch Name: ++UE4+Release-4.16
LogInit: Command line:  
LogInit: Base directory: C:/Program Files/Epic Games/UE_4.16/Engine/Binaries/Win64/
LogInit: Installed Engine Build: 1
LogInit: Presizing for max 8388607 objects, including 0 objects not considered by GC, pre-allocating 0 bytes for permanent pool.
LogInit: Object subsystem initialized
[2017.11.07-07.02.17:533][  0]LogInit: Selected Device Profile: [Windows]
[2017.11.07-07.02.17:533][  0]LogInit: Applying CVar settings loaded from the selected device profile: [Windows]
[2017.11.07-07.02.17:548][  0]LogInit: Computer: DESKTOP-OS7LG2B
[2017.11.07-07.02.17:548][  0]LogInit: User: Charmaine
[2017.11.07-07.02.17:548][  0]LogInit: CPU Page size=4096, Cores=8
[2017.11.07-07.02.17:548][  0]LogInit: High frequency timer resolution =3.515783 MHz
[2017.11.07-07.02.17:548][  0]LogMemory: Memory total: Physical=15.9GB (16GB approx)
[2017.11.07-07.02.17:548][  0]LogMemory: Platform Memory Stats for Windows
[2017.11.07-07.02.17:548][  0]LogMemory: Process Physical Memory: 275.27 MB used, 275.27 MB peak
[2017.11.07-07.02.17:548][  0]LogMemory: Process Virtual Memory: 267.84 MB used, 267.84 MB peak
[2017.11.07-07.02.17:548][  0]LogMemory: Physical Memory: 4117.97 MB used,  12194.45 MB free, 16312.42 MB total
[2017.11.07-07.02.17:548][  0]LogMemory: Virtual Memory: 649.82 MB used,  12194.45 MB free, 134217728.00 MB total
[2017.11.07-07.02.17:980][  0]LogInit: Using OS detected language (en-US).
[2017.11.07-07.02.17:980][  0]LogInit: Using OS detected locale (en-NZ).
[2017.11.07-07.02.17:986][  0]LogTextLocalizationManager: No specific localization for 'en-US' exists, so the 'en' localization will be used.
[2017.11.07-07.02.18:988][  0]LogD3D11RHI: D3D11 adapters:
[2017.11.07-07.02.19:027][  0]LogD3D11RHI:    0. 'NVIDIA GeForce GTX 1080 Ti' (Feature Level 11_0)
[2017.11.07-07.02.19:027][  0]LogD3D11RHI:       11123/0/8156 MB DedicatedVideo/DedicatedSystem/SharedSystem, Outputs:1, VendorId:0x10de
[2017.11.07-07.02.19:029][  0]LogD3D11RHI:    1. 'Microsoft Basic Render Driver' (Feature Level 11_0)
[2017.11.07-07.02.19:029][  0]LogD3D11RHI:       0/0/8156 MB DedicatedVideo/DedicatedSystem/SharedSystem, Outputs:0, VendorId:0x1414
[2017.11.07-07.02.19:029][  0]LogD3D11RHI: Chosen D3D11 Adapter: 0
[2017.11.07-07.02.19:034][  0]LogD3D11RHI: Creating new Direct3DDevice
[2017.11.07-07.02.19:034][  0]LogD3D11RHI:     GPU DeviceId: 0x1b06 (for the marketing name, search the web for "GPU Device Id")
[2017.11.07-07.02.19:034][  0]LogWindows: EnumDisplayDevices:
[2017.11.07-07.02.19:034][  0]LogWindows:    0. 'NVIDIA GeForce GTX 1080 Ti' (P:1 D:1)
[2017.11.07-07.02.19:034][  0]LogWindows:    1. 'NVIDIA GeForce GTX 1080 Ti' (P:0 D:0)
[2017.11.07-07.02.19:034][  0]LogWindows:    2. 'NVIDIA GeForce GTX 1080 Ti' (P:0 D:0)
[2017.11.07-07.02.19:034][  0]LogWindows:    3. 'NVIDIA GeForce GTX 1080 Ti' (P:0 D:0)
[2017.11.07-07.02.19:034][  0]LogWindows: DebugString: FoundDriverCount:4 
[2017.11.07-07.02.19:034][  0]LogD3D11RHI:     Adapter Name: NVIDIA GeForce GTX 1080 Ti
[2017.11.07-07.02.19:035][  0]LogD3D11RHI:   Driver Version: 384.94 (internal:22.21.13.8494, unified:384.94)
[2017.11.07-07.02.19:035][  0]LogD3D11RHI:      Driver Date: 7-18-2017
[2017.11.07-07.02.19:035][  0]LogRHI: Texture pool is 1361 MB (70% of 1945 MB)
[2017.11.07-07.02.19:061][  0]LogD3D11RHI: Async texture creation enabled
[2017.11.07-07.02.19:079][  0]LogD3D11RHI: GPU Timing Frequency: 1000.000000 (Debug: 2 1)
[2017.11.07-07.02.19:125][  0]LogShaderCompilers: Guid format shader working directory is -15 characters bigger than the processId version (../../../../../../Users/Charmaine/Documents/Unreal Projects/chat/Intermediate/Shaders/WorkingDirectory/10052/).
[2017.11.07-07.02.19:125][  0]LogShaderCompilers: Cleaned the shader compiler working directory 'C:/Users/Charmaine/AppData/Local/Temp/UnrealShaderWorkingDir/4F8BB5C84B6DE8C394B8499C6BF3E36A/'.
[2017.11.07-07.02.19:125][  0]LogShaderCompilers:Display: Using Local Shader Compiler.
[2017.11.07-07.02.20:347][  0]LogTemp:Display: Loaded TP AllDesktopTargetPlatform
[2017.11.07-07.02.20:404][  0]LogTemp:Display: Loaded TP MacClientTargetPlatform
[2017.11.07-07.02.20:462][  0]LogTemp:Display: Loaded TP MacNoEditorTargetPlatform
[2017.11.07-07.02.20:520][  0]LogTemp:Display: Loaded TP MacServerTargetPlatform
[2017.11.07-07.02.20:583][  0]LogTemp:Display: Loaded TP MacTargetPlatform
[2017.11.07-07.02.20:641][  0]LogTemp:Display: Loaded TP WindowsClientTargetPlatform
[2017.11.07-07.02.20:699][  0]LogTemp:Display: Loaded TP WindowsNoEditorTargetPlatform
[2017.11.07-07.02.20:758][  0]LogTemp:Display: Loaded TP WindowsServerTargetPlatform
[2017.11.07-07.02.20:810][  0]LogTemp:Display: Loaded TP WindowsTargetPlatform
[2017.11.07-07.02.20:871][  0]LogTemp:Display: Loaded TP AndroidTargetPlatform
[2017.11.07-07.02.20:928][  0]LogTemp:Display: Loaded TP Android_ASTCTargetPlatform
[2017.11.07-07.02.20:985][  0]LogTemp:Display: Loaded TP Android_ATCTargetPlatform
[2017.11.07-07.02.21:042][  0]LogTemp:Display: Loaded TP Android_DXTTargetPlatform
[2017.11.07-07.02.21:101][  0]LogTemp:Display: Loaded TP Android_ETC1TargetPlatform
[2017.11.07-07.02.21:159][  0]LogTemp:Display: Loaded TP Android_ETC2TargetPlatform
[2017.11.07-07.02.21:273][  0]LogTemp:Display: Loaded TP Android_MultiTargetPlatform
[2017.11.07-07.02.21:273][  0]LogTemp:Display: Loaded TP Android_PVRTCTargetPlatform
[2017.11.07-07.02.21:320][  0]LogTemp:Display: Loaded TP HTML5TargetPlatform
[2017.11.07-07.02.21:448][  0]LogTemp:Display: Loaded TP IOSTargetPlatform
[2017.11.07-07.02.21:483][  0]LogTemp:Display: Loaded TP TVOSTargetPlatform
[2017.11.07-07.02.21:540][  0]LogTemp:Display: Loaded TP LinuxClientTargetPlatform
[2017.11.07-07.02.21:597][  0]LogTemp:Display: Loaded TP LinuxNoEditorTargetPlatform
[2017.11.07-07.02.21:654][  0]LogTemp:Display: Loaded TP LinuxServerTargetPlatform
[2017.11.07-07.02.21:715][  0]LogTemp:Display: Loaded TP LinuxTargetPlatform
[2017.11.07-07.02.21:715][  0]LogTargetPlatformManager:Display: Building Assets For Windows
[2017.11.07-07.02.22:531][  0]LogDerivedDataCache:Display: Max Cache Size: 512 MB
[2017.11.07-07.02.22:709][  0]LogDerivedDataCache: Loaded boot cache 0.18s 90MB C:/Users/Charmaine/AppData/Local/UnrealEngine/4.16/DerivedDataCache/Boot.ddc.
[2017.11.07-07.02.22:709][  0]LogDerivedDataCache:Display: Loaded Boot cache: C:/Users/Charmaine/AppData/Local/UnrealEngine/4.16/DerivedDataCache/Boot.ddc
[2017.11.07-07.02.22:710][  0]LogDerivedDataCache: FDerivedDataBackendGraph:  Pak pak cache file ../../../../../../Users/Charmaine/Documents/Unreal Projects/chat/DerivedDataCache/DDC.ddp not found, will not use a pak cache.
[2017.11.07-07.02.22:710][  0]LogDerivedDataCache: Unable to find inner node Pak for hierarchical cache Hierarchy.
[2017.11.07-07.02.22:710][  0]LogDerivedDataCache: FDerivedDataBackendGraph:  CompressedPak pak cache file ../../../../../../Users/Charmaine/Documents/Unreal Projects/chat/DerivedDataCache/Compressed.ddp not found, will not use a pak cache.
[2017.11.07-07.02.22:710][  0]LogDerivedDataCache: Unable to find inner node CompressedPak for hierarchical cache Hierarchy.
[2017.11.07-07.02.22:732][  0]LogDerivedDataCache:Display: Pak cache opened for reading ../../../Engine/DerivedDataCache/Compressed.ddp.
[2017.11.07-07.02.22:744][  0]LogDerivedDataCache: Using Local data cache path C:/Users/Charmaine/AppData/Local/UnrealEngine/Common/DerivedDataCache: Writable
[2017.11.07-07.02.22:755][  0]LogMaterial: Verifying Global Shaders for PCD3D_SM5
[2017.11.07-07.02.22:758][  0]LogSlate: Using Freetype 2.6.0
[2017.11.07-07.02.22:761][  0]LogSlate: SlateFontCache - WITH_FREETYPE: 1, WITH_HARFBUZZ: 1
[2017.11.07-07.02.22:761][  0]LogSlate: SlateFontCache - WITH_FREETYPE: 1, WITH_HARFBUZZ: 1
[2017.11.07-07.02.24:611][  0]LogInit: Selected Device Profile: [Windows]
[2017.11.07-07.02.24:706][  0]LogContentStreaming: Texture pool size is 0.00 MB
[2017.11.07-07.02.24:903][  0]LogMeshUtilities: Using QuadricMeshReduction for automatic static mesh reduction
[2017.11.07-07.02.24:988][  0]LogSimplygon: Simplygon DLL not present - disabling.
[2017.11.07-07.02.25:059][  0]LogMeshUtilities: Using SimplygonSwarm for distributed automatic mesh merging
[2017.11.07-07.02.25:059][  0]LogMeshUtilities: No automatic skeletal mesh reduction module available
[2017.11.07-07.02.25:059][  0]LogMeshUtilities: No automatic mesh merging module available
[2017.11.07-07.02.25:757][  0]LogNetVersion: chat , NetCL: 3452394, EngineNetVer: 2, GameNetVer: 0 (Checksum: 3772067698)
[2017.11.07-07.02.25:826][  0]LogAssetRegistry: FAssetRegistry took 0.0267 seconds to start up
[2017.11.07-07.02.25:898][  0]LogPackageLocalizationCache: Processed 4 localized package path(s) for 2 prioritized culture(s) in 0.048320 seconds
[2017.11.07-07.02.25:904][  0]LogUObjectArray: 34194 objects as part of root set at end of initial load.
[2017.11.07-07.02.25:904][  0]LogUObjectAllocator: 7260424 out of 0 bytes used by permanent object pool.
[2017.11.07-07.02.25:904][  0]LogUObjectArray: CloseDisregardForGC: 0/0 objects in disregard for GC pool
[2017.11.07-07.02.25:977][  0]LogInit: WinSock: version 1.1 (2.2), MaxSocks=32767, MaxUdp=65467
[2017.11.07-07.02.29:942][  0]LogWmfMedia: Failed to load mf.dll
[2017.11.07-07.02.29:942][  0]LogWmfMedia: Failed to load required Windows Media Foundation libraries
[2017.11.07-07.02.30:001][  0]LogWindowsMoviePlayer: Could not load mf.dll. Library not found.
[2017.11.07-07.02.30:002][  0]LogWindowsMoviePlayer: Could not load mfplat.dll. Library not found.
[2017.11.07-07.02.30:002][  0]LogWindowsMoviePlayer: Could not load mfplay.dll. Library not found.
[2017.11.07-07.02.30:522][  0]LogTcpMessaging: Initializing TcpMessaging bridge
[2017.11.07-07.02.30:567][  0]LogUdpMessaging: Initializing bridge on interface 0.0.0.0:0 to multicast group 230.0.0.1:6666.
[2017.11.07-07.02.31:287][  0]LogMaterial: Uniform references updated for custom material expression Custom.
[2017.11.07-07.02.31:731][  0]SourceControl: Info Source control is disabled
[2017.11.07-07.02.31:824][  0]SourceControl: Info Source control is disabled
[2017.11.07-07.02.31:884][  0]SourceControl: Info Source control is disabled
[2017.11.07-07.02.31:944][  0]SourceControl: Info Source control is disabled
[2017.11.07-07.02.32:270][  0]LogLinker:Warning: Can't find file '/Game/FirstPersonBP/FirstPersonOverview'
[2017.11.07-07.02.32:271][  0]LogLinker:Warning: Can't find file '/Game/FirstPersonBP/FirstPersonOverview'
[2017.11.07-07.02.32:271][  0]LogUObjectGlobals:Warning: Failed to find object 'Class /Game/FirstPersonBP/FirstPersonOverview.FirstPersonOverview_C'
[2017.11.07-07.02.32:777][  0]LogAndroidPermission: UAndroidPermissionCallbackProxy::GetInstance
[2017.11.07-07.02.34:326][  0]LogEngine: Initializing Engine...
[2017.11.07-07.02.34:327][  0]LogHMD: Failed to initialize OpenVR with code 110
[2017.11.07-07.02.34:504][  0]LogStats: UGameplayTagsManager::ConstructGameplayTagTree: Construct from data asset -  0.000 s
[2017.11.07-07.02.34:504][  0]LogStats: UGameplayTagsManager::ConstructGameplayTagTree: GameplayTagTreeChangedEvent.Broadcast -  0.000 s
[2017.11.07-07.02.34:656][  0]LogAIModule: Creating AISystem for world Untitled
[2017.11.07-07.02.34:677][  0]LogInit: XAudio2 using 'Speakers (Realtek High Definition Audio)' : 6 channels at 48 kHz using 32 bits per sample (channel mask 0x3f)
[2017.11.07-07.02.34:731][  0]LogInit: FAudioDevice initialized.
[2017.11.07-07.02.34:781][  0]LogDerivedDataCache: Saved boot cache 0.05s 90MB C:/Users/Charmaine/AppData/Local/UnrealEngine/4.16/DerivedDataCache/Boot.ddc.
[2017.11.07-07.02.34:792][  0]LogInit: Texture streaming: Enabled
[2017.11.07-07.02.34:914][  0]LogEngineSessionManager: EngineSessionManager initialized
[2017.11.07-07.02.35:181][  0]LogWindowsTextInputMethodSystem:Display: IME system now deactivated.
[2017.11.07-07.02.35:244][  0]LogInit: Transaction tracking system initialized
[2017.11.07-07.02.35:689][  0]BlueprintLog: New page: Editor Load
[2017.11.07-07.02.36:867][  0]LocalizationService: Info Localization service is disabled
[2017.11.07-07.02.37:689][  0]LogConsoleResponse:Display: 
[2017.11.07-07.02.37:856][  0]LogFileCache: Scanning file cache for directory 'C:/Users/Charmaine/Documents/Unreal Projects/chat/Content/' took 0.01s
[2017.11.07-07.02.37:856][  0]LogCook:Display: Max memory allowance for cook 16384mb min free memory 0mb
[2017.11.07-07.02.37:856][  0]LogCook:Display: Mobile HDR setting 1
[2017.11.07-07.02.39:121][  0]SourceControl: Info Source control is disabled
[2017.11.07-07.02.39:122][  0]Cmd: MAP LOAD FILE="../../../Engine/Content/Maps/Templates/Template_Default.umap" TEMPLATE=1 SHOWPROGRESS=1 FEATURELEVEL=3
[2017.11.07-07.02.39:124][  0]LightingResults: New page: Lighting Build
[2017.11.07-07.02.39:185][  0]MapCheck: New page: Map Check
[2017.11.07-07.02.39:185][  0]LightingResults: New page: Lighting Build
[2017.11.07-07.02.39:419][  0]LogAIModule: Creating AISystem for world Untitled_1
[2017.11.07-07.02.39:420][  0]LogActorComponent: RegisterComponentWithWorld: (/Temp/Untitled_1.Untitled_1:PersistentLevel.WorldSettings_1.StaticMeshComponent0) Trying to register component with IsPendingKill() == true. Aborting.
[2017.11.07-07.02.39:431][  0]LogEditorServer: Finished looking for orphan Actors (0.000 secs)
[2017.11.07-07.02.39:448][  0]Cmd: MAP CHECKDEP NOCLEARLOG
[2017.11.07-07.02.39:489][  0]MapCheck: Info Map check complete: 0 Error(s), 0 Warning(s), took 40.927ms to complete.
[2017.11.07-07.02.39:489][  0]LogFileHelpers: Loading map 'Template_Default' took 0.367
[2017.11.07-07.02.39:664][  0]LogCollectionManager: Loaded 0 collections in 0.001531 seconds
[2017.11.07-07.02.39:757][  0]LogFileCache: Scanning file cache for directory 'C:/Users/Charmaine/Documents/Unreal Projects/chat/Saved/Collections/' took 0.01s
[2017.11.07-07.02.39:757][  0]LogFileCache: Scanning file cache for directory 'C:/Users/Charmaine/Documents/Unreal Projects/chat/Content/Developers/Charmaine/Collections/' took 0.01s
[2017.11.07-07.02.39:757][  0]LogFileCache: Scanning file cache for directory 'C:/Users/Charmaine/Documents/Unreal Projects/chat/Content/Collections/' took 0.01s
[2017.11.07-07.02.39:757][  0]LogCollectionManager: Rebuilt the GUID cache for 0 collections in 0.000001 seconds
[2017.11.07-07.02.39:771][  0]LogContentBrowser: Native class hierarchy populated in 0.0127 seconds. Added 2330 classes and 493 folders.
[2017.11.07-07.02.39:840][  0]LogContentBrowser: Native class hierarchy updated for 'WidgetCarousel' in 0.0012 seconds. Added 0 classes and 0 folders.
[2017.11.07-07.02.39:989][  0]LogContentBrowser: Native class hierarchy updated for 'AddContentDialog' in 0.0013 seconds. Added 0 classes and 0 folders.
[2017.11.07-07.02.40:046][  0]LogContentBrowser: Native class hierarchy updated for 'SceneOutliner' in 0.0015 seconds. Added 1 classes and 2 folders.
[2017.11.07-07.02.40:115][  0]LogCrashTracker: Crashtracker disabled due to settings.
[2017.11.07-07.02.40:124][  0]LogSlate: Took 0.002151 seconds to synchronously load lazily loaded font '../../../Engine/Content/Slate/Fonts/Roboto-Regular.ttf' (155K)
[2017.11.07-07.02.40:127][  0]LogSlate: Took 0.001789 seconds to synchronously load lazily loaded font '../../../Engine/Content/Slate/Fonts/Roboto-Bold.ttf' (160K)
[2017.11.07-07.02.40:136][  0]LogSlate: Took 0.002295 seconds to synchronously load lazily loaded font '../../../Engine/Content/Editor/Slate/Fonts/FontAwesome.ttf' (139K)
[2017.11.07-07.02.40:139][  0]LogSlate: Took 0.002023 seconds to synchronously load lazily loaded font '../../../Engine/Content/Editor/Slate/Fonts/DroidSansMono.ttf' (77K)
[2017.11.07-07.02.40:243][  0]LogRenderer: Reallocating scene render targets to support 1196x576 NumSamples 1 (Frame:1).
[2017.11.07-07.02.40:364][  0]LogUObjectGlobals:Warning: Failed to find object 'Class None.'
[2017.11.07-07.02.40:456][  0]LogContentBrowser: Native class hierarchy updated for 'HierarchicalLODOutliner' in 0.0014 seconds. Added 1 classes and 2 folders.
[2017.11.07-07.02.40:457][  0]LogLoad: (Engine Initialization) Total time: 26.72 seconds
[2017.11.07-07.02.40:457][  0]LogLoad: (Engine Initialization) Total Blueprint compile time: 0.12 seconds
[2017.11.07-07.02.40:457][  0]LogExternalProfiler: Found external profiler: VSPerf
[2017.11.07-07.02.40:457][  0]LogExternalProfiler: Using external profiler: VSPerf
[2017.11.07-07.02.40:466][  0]LogOcInput: OculusInput pre-init called
[2017.11.07-07.02.40:466][  0]LogHMD: Starting GearVRController plugin
[2017.11.07-07.02.40:480][  0]LogAssetRegistry: Asset discovery search completed in 14.6756 seconds
[2017.11.07-07.02.40:482][  0]LogCollectionManager: Rebuilt the object cache for 0 collections in 0.000000 seconds (found 0 objects)
[2017.11.07-07.02.40:482][  0]LogCollectionManager: Fixed up redirectors for 0 collections in 0.000180 seconds (updated 0 objects)
[2017.11.07-07.02.40:486][  0]LogContentStreaming: Texture pool size now 1000 MB
[2017.11.07-07.29.04:990][849]LogSlate: Took 0.006129 seconds to synchronously load lazily loaded font '../../../Engine/Content/Slate/Fonts/Roboto-Light.ttf' (159K)
[2017.11.07-07.29.05:032][849]LogSlate: Took 0.004879 seconds to synchronously load lazily loaded font '../../../Engine/Content/Editor/Slate/Fonts/Roboto-BoldCondensed.ttf' (158K)
[2017.11.07-07.30.33:693][314]Running C:/Program Files/Epic Games/UE_4.16/Engine/Binaries/DotNET/UnrealBuildTool.exe  -projectfiles -project="C:/Users/Charmaine/Documents/Unreal Projects/chat/chat.uproject" -game -rocket -progress
[2017.11.07-07.30.33:895][314]Discovering modules, targets and source code for project...
[2017.11.07-07.30.36:205][314]LogSlate: Took 0.000239 seconds to synchronously load lazily loaded font '../../../Engine/Content/Slate/Fonts/Roboto-Regular.ttf' (155K)
[2017.11.07-07.30.37:316][314]LogHotReload: Recompiling module chatPlugin...
[2017.11.07-07.30.37:319][314]LogVSAccessor:Warning: Couldn't access Visual Studio
[2017.11.07-07.30.37:327][314]Candidate modules for hot reload:
[2017.11.07-07.30.37:327][314]  chatPlugin
[2017.11.07-07.30.37:327][314]Launching UnrealBuildTool... [C:/Program Files/Epic Games/UE_4.16/Engine/Binaries/DotNET/UnrealBuildTool.exe chat -ModuleWithSuffix chatPlugin 1614 Win64 Development -editorrecompile -FailIfGeneratedCodeChanges -canskiplink "C:/Users/Charmaine/Documents/Unreal Projects/chat/chat.uproject" ]
[2017.11.07-07.30.59:152][314]Performing full C++ include scan (hot reloading a new target)
Compiling game modules for hot reload
Performing 3 actions (12 in parallel)
Module.chatPlugin.cpp
C:\Users\Charmaine\Documents\Unreal Projects\chat\Plugins\chatPlugin\Source\chatPlugin\Public\chatPlugin.h(67): error C2065: 'ShowOnScreenDebugMessages': undeclared identifier
C:\Users\Charmaine\Documents\Unreal Projects\chat\Plugins\chatPlugin\Source\chatPlugin\Public\chatPlugin.h(72): error C2065: 'ShowOnScreenDebugMessages': undeclared identifier
C:\Users\Charmaine\Documents\Unreal Projects\chat\Plugins\chatPlugin\Source\chatPlugin\Public\chatPlugin.h(77): error C2065: 'ShowOnScreenDebugMessages': undeclared identifier
C:\Users\Charmaine\Documents\Unreal Projects\chat\Plugins\chatPlugin\Source\chatPlugin\Private\chatPlugin.cpp(108): error C2039: 'm_UDPinstance': is not a member of 'SChatWidget'
c:\users\charmaine\documents\unreal projects\chat\plugins\chatplugin\source\chatplugin\public\SChatWidget.h(11): note: see declaration of 'SChatWidget'
C:\Users\Charmaine\Documents\Unreal Projects\chat\Plugins\chatPlugin\Source\chatPlugin\Private\chatPlugin.cpp(209): error C2653: 'FudpSenderModule': is not a class or namespace name
C:\Users\Charmaine\Documents\Unreal Projects\chat\Plugins\chatPlugin\Source\chatPlugin\Private\chatPlugin.cpp(209): error C2276: '&': illegal operation on bound member function expression
C:\Users\Charmaine\Documents\Unreal Projects\chat\Plugins\chatPlugin\Source\chatPlugin\Private\chatPlugin.cpp(209): error C2672: 'TBaseDelegate<TTypeWrapper<void>,const FArrayReaderPtr &,const FIPv4Endpoint &>::BindRaw': no matching overloaded function found
C:\Users\Charmaine\Documents\Unreal Projects\chat\Plugins\chatPlugin\Source\chatPlugin\Private\chatPlugin.cpp(209): error C2780: 'void TBaseDelegate<TTypeWrapper<void>,const FArrayReaderPtr &,const FIPv4Endpoint &>::BindRaw(UserClass *,TMemFunPtrType<true,UserClass,void(const FArrayReaderPtr &,const FIPv4Endpoint &,VarTypes...)>::Type,VarTypes...)': expects 3 arguments - 1 provided
C:\Program Files\Epic Games\UE_4.16\Engine\Source\Runtime\Core\Public\Delegates/DelegateSignatureImpl.inl(421): note: see declaration of 'TBaseDelegate<TTypeWrapper<void>,const FArrayReaderPtr &,const FIPv4Endpoint &>::BindRaw'
C:\Users\Charmaine\Documents\Unreal Projects\chat\Plugins\chatPlugin\Source\chatPlugin\Private\chatPlugin.cpp(209): error C2780: 'void TBaseDelegate<TTypeWrapper<void>,const FArrayReaderPtr &,const FIPv4Endpoint &>::BindRaw(UserClass *,TMemFunPtrType<false,UserClass,void(const FArrayReaderPtr &,const FIPv4Endpoint &,VarTypes...)>::Type,VarTypes...)': expects 3 arguments - 1 provided
C:\Program Files\Epic Games\UE_4.16\Engine\Source\Runtime\Core\Public\Delegates/DelegateSignatureImpl.inl(416): note: see declaration of 'TBaseDelegate<TTypeWrapper<void>,const FArrayReaderPtr &,const FIPv4Endpoint &>::BindRaw'
C:\Users\Charmaine\Documents\Unreal Projects\chat\Plugins\chatPlugin\Source\chatPlugin\Private\chatPlugin.cpp(230): error C2065: 'FSChatMsg': undeclared identifier
C:\Users\Charmaine\Documents\Unreal Projects\chat\Plugins\chatPlugin\Source\chatPlugin\Private\chatPlugin.cpp(230): error C2146: syntax error: missing ';' before identifier 'newmessage'
C:\Users\Charmaine\Documents\Unreal Projects\chat\Plugins\chatPlugin\Source\chatPlugin\Private\chatPlugin.cpp(230): error C2065: 'newmessage': undeclared identifier
C:\Users\Charmaine\Documents\Unreal Projects\chat\Plugins\chatPlugin\Source\chatPlugin\Private\chatPlugin.cpp(231): error C2065: 'newmessage': undeclared identifier
C:\Users\Charmaine\Documents\Unreal Projects\chat\Plugins\chatPlugin\Source\chatPlugin\Private\chatPlugin.cpp(231): error C2228: left of '.Init' must have class/struct/union
C:\Users\Charmaine\Documents\Unreal Projects\chat\Plugins\chatPlugin\Source\chatPlugin\Private\chatPlugin.cpp(231): note: type is 'unknown-type'
C:\Users\Charmaine\Documents\Unreal Projects\chat\Plugins\chatPlugin\Source\chatPlugin\Private\chatPlugin.cpp(232): error C2039: 'AddMessage': is not a member of 'SChatWidget'
c:\users\charmaine\documents\unreal projects\chat\plugins\chatplugin\source\chatplugin\public\SChatWidget.h(11): note: see declaration of 'SChatWidget'
C:\Users\Charmaine\Documents\Unreal Projects\chat\Plugins\chatPlugin\Source\chatPlugin\Private\chatPlugin.cpp(232): error C2065: 'newmessage': undeclared identifier
ERROR: UBT ERROR: Failed to produce item: C:\Users\Charmaine\Documents\Unreal Projects\chat\Plugins\chatPlugin\Binaries\Win64\UE4Editor-chatPlugin-1614.dll
Total build time: 21.65 seconds (Local executor: 0.00 seconds)

[2017.11.07-07.30.59:158][314]CompilerResultsLog: New page: Compilation - 8/11/2017 9:30:59 am
[2017.11.07-07.30.59:158][314]CompilerResultsLog: Info Performing full C++ include scan (hot reloading a new target)
[2017.11.07-07.30.59:158][314]CompilerResultsLog: Info Compiling game modules for hot reload
[2017.11.07-07.30.59:158][314]CompilerResultsLog: Info Performing 3 actions (12 in parallel)
[2017.11.07-07.30.59:159][314]CompilerResultsLog: Info Module.chatPlugin.cpp
[2017.11.07-07.30.59:159][314]CompilerResultsLog:Error: Error C:\Users\Charmaine\Documents\Unreal Projects\chat\Plugins\chatPlugin\Source\chatPlugin\Public\chatPlugin.h(67) : error C2065: 'ShowOnScreenDebugMessages': undeclared identifier
[2017.11.07-07.30.59:159][314]CompilerResultsLog:Error: Error C:\Users\Charmaine\Documents\Unreal Projects\chat\Plugins\chatPlugin\Source\chatPlugin\Public\chatPlugin.h(72) : error C2065: 'ShowOnScreenDebugMessages': undeclared identifier
[2017.11.07-07.30.59:159][314]CompilerResultsLog:Error: Error C:\Users\Charmaine\Documents\Unreal Projects\chat\Plugins\chatPlugin\Source\chatPlugin\Public\chatPlugin.h(77) : error C2065: 'ShowOnScreenDebugMessages': undeclared identifier
[2017.11.07-07.30.59:159][314]CompilerResultsLog:Error: Error C:\Users\Charmaine\Documents\Unreal Projects\chat\Plugins\chatPlugin\Source\chatPlugin\Private\chatPlugin.cpp(108) : error C2039: 'm_UDPinstance': is not a member of 'SChatWidget'
[2017.11.07-07.30.59:160][314]CompilerResultsLog:Error: Error c:\users\charmaine\documents\unreal projects\chat\plugins\chatplugin\source\chatplugin\public\SChatWidget.h(11) : note: see declaration of 'SChatWidget'
[2017.11.07-07.30.59:160][314]CompilerResultsLog:Error: Error C:\Users\Charmaine\Documents\Unreal Projects\chat\Plugins\chatPlugin\Source\chatPlugin\Private\chatPlugin.cpp(209) : error C2653: 'FudpSenderModule': is not a class or namespace name
[2017.11.07-07.30.59:160][314]CompilerResultsLog:Error: Error C:\Users\Charmaine\Documents\Unreal Projects\chat\Plugins\chatPlugin\Source\chatPlugin\Private\chatPlugin.cpp(209) : error C2276: '&': illegal operation on bound member function expression
[2017.11.07-07.30.59:160][314]CompilerResultsLog:Error: Error C:\Users\Charmaine\Documents\Unreal Projects\chat\Plugins\chatPlugin\Source\chatPlugin\Private\chatPlugin.cpp(209) : error C2672: 'TBaseDelegate<TTypeWrapper<void>,const FArrayReaderPtr &,const FIPv4Endpoint &>::BindRaw': no matching overloaded function found
[2017.11.07-07.30.59:161][314]CompilerResultsLog:Error: Error C:\Users\Charmaine\Documents\Unreal Projects\chat\Plugins\chatPlugin\Source\chatPlugin\Private\chatPlugin.cpp(209) : error C2780: 'void TBaseDelegate<TTypeWrapper<void>,const FArrayReaderPtr &,const FIPv4Endpoint &>::BindRaw(UserClass *,TMemFunPtrType<true,UserClass,void(const FArrayReaderPtr &,const FIPv4Endpoint &,VarTypes...)>::Type,VarTypes...)': expects 3 arguments - 1 provided
[2017.11.07-07.30.59:161][314]CompilerResultsLog:Error: Error C:\Program Files\Epic Games\UE_4.16\Engine\Source\Runtime\Core\Public\Delegates/DelegateSignatureImpl.inl(421) : note: see declaration of 'TBaseDelegate<TTypeWrapper<void>,const FArrayReaderPtr &,const FIPv4Endpoint &>::BindRaw'
[2017.11.07-07.30.59:161][314]CompilerResultsLog:Error: Error C:\Users\Charmaine\Documents\Unreal Projects\chat\Plugins\chatPlugin\Source\chatPlugin\Private\chatPlugin.cpp(209) : error C2780: 'void TBaseDelegate<TTypeWrapper<void>,const FArrayReaderPtr &,const FIPv4Endpoint &>::BindRaw(UserClass *,TMemFunPtrType<false,UserClass,void(const FArrayReaderPtr &,const FIPv4Endpoint &,VarTypes...)>::Type,VarTypes...)': expects 3 arguments - 1 provided
[2017.11.07-07.30.59:162][314]CompilerResultsLog:Error: Error C:\Program Files\Epic Games\UE_4.16\Engine\Source\Runtime\Core\Public\Delegates/DelegateSignatureImpl.inl(416) : note: see declaration of 'TBaseDelegate<TTypeWrapper<void>,const FArrayReaderPtr &,const FIPv4Endpoint &>::BindRaw'
[2017.11.07-07.30.59:162][314]CompilerResultsLog:Error: Error C:\Users\Charmaine\Documents\Unreal Projects\chat\Plugins\chatPlugin\Source\chatPlugin\Private\chatPlugin.cpp(230) : error C2065: 'FSChatMsg': undeclared identifier
[2017.11.07-07.30.59:162][314]CompilerResultsLog:Error: Error C:\Users\Charmaine\Documents\Unreal Projects\chat\Plugins\chatPlugin\Source\chatPlugin\Private\chatPlugin.cpp(230) : error C2146: syntax error: missing ';' before identifier 'newmessage'
[2017.11.07-07.30.59:162][314]CompilerResultsLog:Error: Error C:\Users\Charmaine\Documents\Unreal Projects\chat\Plugins\chatPlugin\Source\chatPlugin\Private\chatPlugin.cpp(230) : error C2065: 'newmessage': undeclared identifier
[2017.11.07-07.30.59:163][314]CompilerResultsLog:Error: Error C:\Users\Charmaine\Documents\Unreal Projects\chat\Plugins\chatPlugin\Source\chatPlugin\Private\chatPlugin.cpp(231) : error C2065: 'newmessage': undeclared identifier
[2017.11.07-07.30.59:163][314]CompilerResultsLog:Error: Error C:\Users\Charmaine\Documents\Unreal Projects\chat\Plugins\chatPlugin\Source\chatPlugin\Private\chatPlugin.cpp(231) : error C2228: left of '.Init' must have class/struct/union
[2017.11.07-07.30.59:163][314]CompilerResultsLog:Error: Error C:\Users\Charmaine\Documents\Unreal Projects\chat\Plugins\chatPlugin\Source\chatPlugin\Private\chatPlugin.cpp(231) : note: type is 'unknown-type'
[2017.11.07-07.30.59:163][314]CompilerResultsLog:Error: Error C:\Users\Charmaine\Documents\Unreal Projects\chat\Plugins\chatPlugin\Source\chatPlugin\Private\chatPlugin.cpp(232) : error C2039: 'AddMessage': is not a member of 'SChatWidget'
[2017.11.07-07.30.59:164][314]CompilerResultsLog:Error: Error c:\users\charmaine\documents\unreal projects\chat\plugins\chatplugin\source\chatplugin\public\SChatWidget.h(11) : note: see declaration of 'SChatWidget'
[2017.11.07-07.30.59:164][314]CompilerResultsLog:Error: Error C:\Users\Charmaine\Documents\Unreal Projects\chat\Plugins\chatPlugin\Source\chatPlugin\Private\chatPlugin.cpp(232) : error C2065: 'newmessage': undeclared identifier
[2017.11.07-07.30.59:164][314]CompilerResultsLog: Info ERROR: UBT ERROR: Failed to produce item: C:\Users\Charmaine\Documents\Unreal Projects\chat\Plugins\chatPlugin\Binaries\Win64\UE4Editor-chatPlugin-1614.dll
[2017.11.07-07.30.59:164][314]CompilerResultsLog: Info Total build time: 21.65 seconds (Local executor: 0.00 seconds)
[2017.11.07-07.30.59:164][314]LogMainFrame: MainFrame: Module compiling took 21.846 seconds
[2017.11.07-07.31.19:804][385]Cmd: QUIT_EDITOR
[2017.11.07-07.31.19:822][385]LogWindowsTextInputMethodSystem:Display: IME system now deactivated.
[2017.11.07-07.31.19:831][385]LogExit: Preparing to exit.
[2017.11.07-07.31.20:183][385]LogDirectoryWatcher: A directory notification for 'C:/Users/Charmaine/Documents/Unreal Projects/chat/Content/' was aborted.
[2017.11.07-07.31.20:197][385]LogExit: Editor shut down
[2017.11.07-07.31.20:200][385]LogExit: Transaction tracking system shut down
[2017.11.07-07.31.20:249][385]LogObj: Freed 0b from 0 cluster array pools.
[2017.11.07-07.31.20:249][385]LogExit: Object subsystem successfully closed.
[2017.11.07-07.31.20:274][385]LogD3D11RHI: Shutdown
[2017.11.07-07.31.20:274][385]LogD3D11RHI: CleanupD3DDevice
[2017.11.07-07.31.20:343][385]LogD3D11RHI: ~FD3D11DynamicRHI
[2017.11.07-07.31.20:361][385]LogModuleManager: Shutting down and abandoning module HierarchicalLODOutliner (528)
[2017.11.07-07.31.20:361][385]LogModuleManager: Shutting down and abandoning module CrashTracker (526)
[2017.11.07-07.31.20:361][385]LogModuleManager: Shutting down and abandoning module SceneOutliner (524)
[2017.11.07-07.31.20:361][385]LogModuleManager: Shutting down and abandoning module AddContentDialog (522)
[2017.11.07-07.31.20:361][385]LogDirectoryWatcher: A directory notification for 'C:/Program Files/Epic Games/UE_4.16/FeaturePacks/' was aborted.
[2017.11.07-07.31.20:362][385]LogModuleManager: Shutting down and abandoning module WidgetCarousel (521)
[2017.11.07-07.31.20:362][385]LogModuleManager: Shutting down and abandoning module EditorWidgets (518)
[2017.11.07-07.31.20:362][385]LogModuleManager: Shutting down and abandoning module CollectionManager (516)
[2017.11.07-07.31.20:362][385]LogDirectoryWatcher: A directory notification for 'C:/Users/Charmaine/Documents/Unreal Projects/chat/Content/Collections/' was aborted.
[2017.11.07-07.31.20:362][385]LogDirectoryWatcher: A directory notification for 'C:/Users/Charmaine/Documents/Unreal Projects/chat/Content/Developers/Charmaine/Collections/' was aborted.
[2017.11.07-07.31.20:362][385]LogDirectoryWatcher: A directory notification for 'C:/Users/Charmaine/Documents/Unreal Projects/chat/Saved/Collections/' was aborted.
[2017.11.07-07.31.20:362][385]LogModuleManager: Shutting down and abandoning module StatsViewer (514)
[2017.11.07-07.31.20:362][385]LogModuleManager: Shutting down and abandoning module FoliageEdit (512)
[2017.11.07-07.31.20:362][385]LogModuleManager: Shutting down and abandoning module LandscapeEditor (510)
[2017.11.07-07.31.20:362][385]LogModuleManager: Shutting down and abandoning module MeshPaintMode (508)
[2017.11.07-07.31.20:362][385]LogModuleManager: Shutting down and abandoning module SceneDepthPickerMode (506)
[2017.11.07-07.31.20:362][385]LogModuleManager: Shutting down and abandoning module ActorPickerMode (504)
[2017.11.07-07.31.20:362][385]LogModuleManager: Shutting down and abandoning module GeometryMode (502)
[2017.11.07-07.31.20:362][385]LogModuleManager: Shutting down and abandoning module TextureAlignMode (500)
[2017.11.07-07.31.20:362][385]LogModuleManager: Shutting down and abandoning module BspMode (498)
[2017.11.07-07.31.20:362][385]LogModuleManager: Shutting down and abandoning module HardwareSurvey (496)
[2017.11.07-07.31.20:362][385]LogModuleManager: Shutting down and abandoning module SequenceRecorderSections (494)
[2017.11.07-07.31.20:362][385]LogModuleManager: Shutting down and abandoning module AutomationWorker (492)
[2017.11.07-07.31.20:362][385]LogModuleManager: Shutting down and abandoning module MatineeToLevelSequence (490)
[2017.11.07-07.31.20:362][385]LogModuleManager: Shutting down and abandoning module LevelSequenceEditor (488)
[2017.11.07-07.31.20:363][385]LogModuleManager: Shutting down and abandoning module PlacementMode (487)
[2017.11.07-07.31.20:363][385]LogModuleManager: Shutting down and abandoning module WmfMediaFactory (484)
[2017.11.07-07.31.20:363][385]LogModuleManager: Shutting down and abandoning module WmfMediaEditor (482)
[2017.11.07-07.31.20:363][385]LogModuleManager: Shutting down and abandoning module AvfMediaFactory (480)
[2017.11.07-07.31.20:363][385]LogModuleManager: Shutting down and abandoning module AvfMediaEditor (478)
[2017.11.07-07.31.20:363][385]LogModuleManager: Shutting down and abandoning module AndroidMediaFactory (476)
[2017.11.07-07.31.20:363][385]LogModuleManager: Shutting down and abandoning module Media (475)
[2017.11.07-07.31.20:363][385]LogModuleManager: Shutting down and abandoning module AndroidMediaEditor (472)
[2017.11.07-07.31.20:363][385]LogModuleManager: Shutting down and abandoning module CharacterAI (470)
[2017.11.07-07.31.20:363][385]LogModuleManager: Shutting down and abandoning module AudioCapture (468)
[2017.11.07-07.31.20:363][385]LogModuleManager: Shutting down and abandoning module SequenceRecorder (467)
[2017.11.07-07.31.20:363][385]LogModuleManager: Shutting down and abandoning module SmartSnapping (464)
[2017.11.07-07.31.20:363][385]LogModuleManager: Shutting down and abandoning module SessionServices (462)
[2017.11.07-07.31.20:363][385]LogModuleManager: Shutting down and abandoning module ViewportSnapping (460)
[2017.11.07-07.31.20:363][385]LogModuleManager: Shutting down and abandoning module ViewportInteraction (458)
[2017.11.07-07.31.20:363][385]LogModuleManager: Shutting down and abandoning module ClothPainter (456)
[2017.11.07-07.31.20:363][385]LogModuleManager: Shutting down and abandoning module LogVisualizer (454)
[2017.11.07-07.31.20:364][385]LogModuleManager: Shutting down and abandoning module IntroTutorials (452)
[2017.11.07-07.31.20:364][385]LogModuleManager: Shutting down and abandoning module GameProjectGeneration (451)
[2017.11.07-07.31.20:364][385]LogModuleManager: Shutting down and abandoning module EditorLiveStreaming (448)
[2017.11.07-07.31.20:364][385]LogModuleManager: Shutting down and abandoning module IOSPlatformEditor (446)
[2017.11.07-07.31.20:364][385]LogModuleManager: Shutting down and abandoning module HTML5PlatformEditor (444)
[2017.11.07-07.31.20:364][385]LogModuleManager: Shutting down and abandoning module AndroidPlatformEditor (442)
[2017.11.07-07.31.20:364][385]LogModuleManager: Shutting down and abandoning module AndroidDeviceDetection (441)
[2017.11.07-07.31.20:780][385]LogModuleManager: Shutting down and abandoning module IOSRuntimeSettings (438)
[2017.11.07-07.31.20:780][385]LogModuleManager: Shutting down and abandoning module AndroidRuntimeSettings (436)
[2017.11.07-07.31.20:780][385]LogModuleManager: Shutting down and abandoning module InputBindingEditor (434)
[2017.11.07-07.31.20:780][385]LogModuleManager: Shutting down and abandoning module MergeActors (432)
[2017.11.07-07.31.20:787][385]LogModuleManager: Shutting down and abandoning module SizeMap (430)
[2017.11.07-07.31.20:787][385]LogModuleManager: Shutting down and abandoning module TreeMap (428)
[2017.11.07-07.31.20:787][385]LogModuleManager: Shutting down and abandoning module ReferenceViewer (426)
[2017.11.07-07.31.20:787][385]LogModuleManager: Shutting down and abandoning module LocalizationDashboard (424)
[2017.11.07-07.31.20:787][385]LogModuleManager: Shutting down and abandoning module LocalizationService (423)
[2017.11.07-07.31.20:787][385]LogModuleManager: Shutting down and abandoning module HardwareTargeting (420)
[2017.11.07-07.31.20:787][385]LogModuleManager: Shutting down and abandoning module DeviceProfileEditor (418)
[2017.11.07-07.31.20:788][385]LogModuleManager: Shutting down and abandoning module UndoHistory (416)
[2017.11.07-07.31.20:788][385]LogModuleManager: Shutting down and abandoning module UserFeedback (414)
[2017.11.07-07.31.20:788][385]LogModuleManager: Shutting down and abandoning module XmlParser (412)
[2017.11.07-07.31.20:788][385]LogModuleManager: Shutting down and abandoning module Blutility (410)
[2017.11.07-07.31.20:788][385]LogModuleManager: Shutting down and abandoning module ProjectSettingsViewer (408)
[2017.11.07-07.31.20:788][385]LogModuleManager: Shutting down and abandoning module ProjectTargetPlatformEditor (407)
[2017.11.07-07.31.20:788][385]LogModuleManager: Shutting down and abandoning module EditorSettingsViewer (404)
[2017.11.07-07.31.20:788][385]LogModuleManager: Shutting down and abandoning module SettingsEditor (402)
[2017.11.07-07.31.20:788][385]LogModuleManager: Shutting down and abandoning module ProjectLauncher (400)
[2017.11.07-07.31.20:788][385]LogModuleManager: Shutting down and abandoning module SessionFrontend (398)
[2017.11.07-07.31.20:788][385]LogModuleManager: Shutting down and abandoning module ProfilerClient (396)
[2017.11.07-07.31.20:788][385]LogModuleManager: Shutting down and abandoning module DeviceManager (394)
[2017.11.07-07.31.20:789][385]LogModuleManager: Shutting down and abandoning module TargetDeviceServices (393)
[2017.11.07-07.31.20:850][385]LogModuleManager: Shutting down and abandoning module AutomationController (390)
[2017.11.07-07.31.20:850][385]LogModuleManager: Shutting down and abandoning module AutomationWindow (388)
[2017.11.07-07.31.20:850][385]LogModuleManager: Shutting down and abandoning module Layers (386)
[2017.11.07-07.31.20:851][385]LogModuleManager: Shutting down and abandoning module ComponentVisualizers (384)
[2017.11.07-07.31.20:851][385]LogModuleManager: Shutting down and abandoning module DetailCustomizations (382)
[2017.11.07-07.31.20:851][385]LogModuleManager: Shutting down and abandoning module PackagesDialog (380)
[2017.11.07-07.31.20:851][385]LogModuleManager: Shutting down and abandoning module Persona (378)
[2017.11.07-07.31.20:851][385]LogModuleManager: Shutting down and abandoning module AdvancedPreviewScene (377)
[2017.11.07-07.31.20:851][385]LogModuleManager: Shutting down and abandoning module AnimGraph (375)
[2017.11.07-07.31.20:851][385]LogModuleManager: Shutting down and abandoning module Kismet (372)
[2017.11.07-07.31.20:852][385]LogModuleManager: Shutting down and abandoning module ClassViewer (370)
[2017.11.07-07.31.20:852][385]LogModuleManager: Shutting down and abandoning module Toolbox (368)
[2017.11.07-07.31.20:852][385]LogModuleManager: Shutting down and abandoning module ModuleUI (366)
[2017.11.07-07.31.20:852][385]LogModuleManager: Shutting down and abandoning module MovieSceneTools (364)
[2017.11.07-07.31.20:853][385]LogModuleManager: Shutting down and abandoning module OutputLog (362)
[2017.11.07-07.31.20:853][385]LogModuleManager: Shutting down and abandoning module GammaUI (360)
[2017.11.07-07.31.20:853][385]LogModuleManager: Shutting down and abandoning module Documentation (358)
[2017.11.07-07.31.20:853][385]LogModuleManager: Shutting down and abandoning module MovieSceneTracks (356)
[2017.11.07-07.31.20:853][385]LogModuleManager: Shutting down and abandoning module MovieScene (354)
[2017.11.07-07.31.20:853][385]LogModuleManager: Shutting down and abandoning module Niagara (352)
[2017.11.07-07.31.20:853][385]LogModuleManager: Shutting down and abandoning module NiagaraEditor (351)
[2017.11.07-07.31.20:853][385]LogModuleManager: Shutting down and abandoning module StreamingPauseRendering (348)
[2017.11.07-07.31.20:853][385]LogModuleManager: Shutting down and abandoning module AnalyticsET (346)
[2017.11.07-07.31.20:853][385]LogModuleManager: Shutting down and abandoning module PortalServices (344)
[2017.11.07-07.31.20:853][385]LogModuleManager: Shutting down and abandoning module PortalRpc (342)
[2017.11.07-07.31.20:853][385]LogModuleManager: Shutting down and abandoning module MessagingRpc (340)
[2017.11.07-07.31.20:853][385]LogModuleManager: Shutting down and abandoning module AIModule (338)
[2017.11.07-07.31.20:853][385]LogModuleManager: Shutting down and abandoning module GameplayDebugger (337)
[2017.11.07-07.31.20:853][385]LogModuleManager: Shutting down and abandoning module AITestSuite (335)
[2017.11.07-07.31.20:853][385]LogModuleManager: Shutting down and abandoning module ProfilerService (332)
[2017.11.07-07.31.20:932][385]LogModuleManager: Shutting down and abandoning module TaskGraph (330)
[2017.11.07-07.31.20:932][385]LogModuleManager: Shutting down and abandoning module chatPlugin (328)
[2017.11.07-07.31.20:932][385]LogModuleManager: Shutting down and abandoning module SteamVRController (326)
[2017.11.07-07.31.20:932][385]LogModuleManager: Shutting down and abandoning module SteamVR (324)
[2017.11.07-07.31.20:932][385]LogModuleManager: Shutting down and abandoning module ProceduralMeshComponentEditor (322)
[2017.11.07-07.31.20:932][385]LogModuleManager: Shutting down and abandoning module ProceduralMeshComponent (320)
[2017.11.07-07.31.20:932][385]LogModuleManager: Shutting down and abandoning module OculusLibrary (318)
[2017.11.07-07.31.20:932][385]LogModuleManager: Shutting down and abandoning module OculusInput (316)
[2017.11.07-07.31.20:932][385]LogModuleManager: Shutting down and abandoning module MobilePatchingUtils (314)
[2017.11.07-07.31.20:932][385]LogModuleManager: Shutting down and abandoning module CustomMeshComponent (312)
[2017.11.07-07.31.20:932][385]LogModuleManager: Shutting down and abandoning module CableComponent (310)
[2017.11.07-07.31.20:932][385]LogModuleManager: Shutting down and abandoning module ArchVisCharacter (308)
[2017.11.07-07.31.20:932][385]LogModuleManager: Shutting down and abandoning module AndroidPermission (306)
[2017.11.07-07.31.20:933][385]LogModuleManager: Shutting down and abandoning module MediaPlayerEditor (302)
[2017.11.07-07.31.20:933][385]LogModuleManager: Shutting down and abandoning module HTML5Networking (300)
[2017.11.07-07.31.20:933][385]LogModuleManager: Shutting down and abandoning module AlembicImporter (298)
[2017.11.07-07.31.20:933][385]LogModuleManager: Shutting down and abandoning module AlembicLibrary (297)
[2017.11.07-07.31.20:933][385]LogModuleManager: Shutting down and abandoning module GeometryCache (296)
[2017.11.07-07.31.20:933][385]LogModuleManager: Shutting down and abandoning module GeometryCacheEd (295)
[2017.11.07-07.31.20:933][385]LogModuleManager: Shutting down and abandoning module SuperSearchEditor (290)
[2017.11.07-07.31.20:933][385]LogModuleManager: Shutting down and abandoning module SuperSearch (289)
[2017.11.07-07.31.20:933][385]LogModuleManager: Shutting down and abandoning module SpeedTreeImporter (286)
[2017.11.07-07.31.20:933][385]LogModuleManager: Shutting down and abandoning module PluginBrowser (284)
[2017.11.07-07.31.20:933][385]LogModuleManager: Shutting down and abandoning module MobileLauncherProfileWizard (282)
[2017.11.07-07.31.20:933][385]LogModuleManager: Shutting down and abandoning module VisualStudioSourceCodeAccess (280)
[2017.11.07-07.31.20:933][385]LogModuleManager: Shutting down and abandoning module DesktopPlatform (279)
[2017.11.07-07.31.20:933][385]LogModuleManager: Shutting down and abandoning module UObjectPlugin (276)
[2017.11.07-07.31.20:933][385]LogModuleManager: Shutting down and abandoning module SubversionSourceControl (274)
[2017.11.07-07.31.20:933][385]LogModuleManager: Shutting down and abandoning module PerforceSourceControl (272)
[2017.11.07-07.31.20:933][385]LogModuleManager: Shutting down and abandoning module GitSourceControl (270)
[2017.11.07-07.31.20:933][385]LogModuleManager: Shutting down and abandoning module SourceControl (269)
[2017.11.07-07.31.20:933][385]LogModuleManager: Shutting down and abandoning module LightPropagationVolumeEditor (266)
[2017.11.07-07.31.20:933][385]LogModuleManager: Shutting down and abandoning module PaperTiledImporter (264)
[2017.11.07-07.31.20:933][385]LogModuleManager: Shutting down and abandoning module PaperSpriteSheetImporter (262)
[2017.11.07-07.31.20:933][385]LogModuleManager: Shutting down and abandoning module Paper2DEditor (260)
[2017.11.07-07.31.20:933][385]LogModuleManager: Shutting down and abandoning module MeshPaint (259)
[2017.11.07-07.31.20:933][385]LogModuleManager: Shutting down and abandoning module LevelEditor (257)
[2017.11.07-07.31.20:934][385]LogModuleManager: Shutting down and abandoning module PixelInspectorModule (256)
[2017.11.07-07.31.20:934][385]LogModuleManager: Shutting down and abandoning module MainFrame (254)
[2017.11.07-07.31.20:934][385]LogModuleManager: Shutting down and abandoning module HotReload (253)
[2017.11.07-07.31.20:934][385]LogDirectoryWatcher: A directory notification for 'C:/Users/Charmaine/Documents/Unreal Projects/chat/Binaries/Win64' was aborted.
[2017.11.07-07.31.20:934][385]LogDirectoryWatcher: A directory notification for 'C:/Users/Charmaine/Documents/Unreal Projects/chat/Plugins/chatPlugin/Binaries/Win64' was aborted.
[2017.11.07-07.31.20:934][385]LogModuleManager: Shutting down and abandoning module chat (248)
[2017.11.07-07.31.20:934][385]LogModuleManager: Shutting down and abandoning module PhysXVehiclesEditor (246)
[2017.11.07-07.31.20:934][385]LogModuleManager: Shutting down and abandoning module PhysXVehicles (244)
[2017.11.07-07.31.20:934][385]LogModuleManager: Shutting down and abandoning module LocationServicesBPLibrary (242)
[2017.11.07-07.31.20:934][385]LogModuleManager: Shutting down and abandoning module ImmediatePhysicsEditor (240)
[2017.11.07-07.31.20:934][385]LogModuleManager: Shutting down and abandoning module ImmediatePhysics (238)
[2017.11.07-07.31.20:934][385]LogModuleManager: Shutting down and abandoning module UdpMessaging (236)
[2017.11.07-07.31.21:035][385]LogModuleManager: Shutting down and abandoning module TcpMessaging (234)
[2017.11.07-07.31.21:135][385]LogModuleManager: Shutting down and abandoning module GameplayTagsEditor (232)
[2017.11.07-07.31.21:135][385]LogModuleManager: Shutting down and abandoning module FacialAnimationEditor (230)
[2017.11.07-07.31.21:135][385]LogModuleManager: Shutting down and abandoning module FacialAnimation (228)
[2017.11.07-07.31.21:135][385]LogModuleManager: Shutting down and abandoning module AssetManagerEditor (226)
[2017.11.07-07.31.21:139][385]LogModuleManager: Shutting down and abandoning module GraphEditor (225)
[2017.11.07-07.31.21:140][385]LogModuleManager: Shutting down and abandoning module ContentBrowser (223)
[2017.11.07-07.31.21:140][385]LogModuleManager: Shutting down and abandoning module LightPropagationVolumeRuntime (220)
[2017.11.07-07.31.21:140][385]LogModuleManager: Shutting down and abandoning module Paper2D (218)
[2017.11.07-07.31.21:140][385]LogModuleManager: Shutting down and abandoning module WindowsMoviePlayer (216)
[2017.11.07-07.31.21:140][385]LogModuleManager: Shutting down and abandoning module WmfMedia (214)
[2017.11.07-07.31.21:140][385]LogModuleManager: Shutting down and abandoning module ClothingSystemEditor (212)
[2017.11.07-07.31.21:140][385]LogModuleManager: Shutting down and abandoning module ClothingSystemRuntime (210)
[2017.11.07-07.31.21:141][385]LogModuleManager: Shutting down and abandoning module MediaAssets (208)
[2017.11.07-07.31.21:141][385]LogModuleManager: Shutting down and abandoning module GameLiveStreaming (206)
[2017.11.07-07.31.21:141][385]LogModuleManager: Shutting down and abandoning module VREditor (204)
[2017.11.07-07.31.21:141][385]LogModuleManager: Shutting down and abandoning module StringTableEditor (202)
[2017.11.07-07.31.21:141][385]LogModuleManager: Shutting down and abandoning module GameplayTasksEditor (200)
[2017.11.07-07.31.21:141][385]LogModuleManager: Shutting down and abandoning module BehaviorTreeEditor (198)
[2017.11.07-07.31.21:141][385]LogModuleManager: Shutting down and abandoning module FunctionalTesting (196)
[2017.11.07-07.31.21:141][385]LogModuleManager: Shutting down and abandoning module CollisionAnalyzer (194)
[2017.11.07-07.31.21:141][385]LogModuleManager: Shutting down and abandoning module UMG (192)
[2017.11.07-07.31.21:142][385]LogModuleManager: Shutting down and abandoning module UMGEditor (191)
[2017.11.07-07.31.21:142][385]LogModuleManager: Shutting down and abandoning module Sequencer (190)
[2017.11.07-07.31.21:142][385]LogModuleManager: Shutting down and abandoning module AssetTools (188)
[2017.11.07-07.31.21:143][385]LogModuleManager: Shutting down and abandoning module MessageLog (187)
[2017.11.07-07.31.21:143][385]LogModuleManager: Shutting down and abandoning module WorkspaceMenuStructure (186)
[2017.11.07-07.31.21:143][385]LogModuleManager: Shutting down and abandoning module SlateReflector (180)
[2017.11.07-07.31.21:143][385]LogModuleManager: Shutting down and abandoning module Slate (178)
[2017.11.07-07.31.21:143][385]LogModuleManager: Shutting down and abandoning module EditorStyle (176)
[2017.11.07-07.31.21:146][385]LogModuleManager: Shutting down and abandoning module SourceCodeAccess (174)
[2017.11.07-07.31.21:146][385]LogModuleManager: Shutting down and abandoning module HeadMountedDisplay (172)
[2017.11.07-07.31.21:146][385]LogModuleManager: Shutting down and abandoning module XAudio2 (170)
[2017.11.07-07.31.21:146][385]LogModuleManager: Shutting down and abandoning module Networking (168)
[2017.11.07-07.31.21:146][385]LogModuleManager: Shutting down and abandoning module Core (164)
[2017.11.07-07.31.21:146][385]LogModuleManager: Shutting down and abandoning module AssetRegistry (162)
[2017.11.07-07.31.21:316][385]LogDirectoryWatcher: A directory notification for '../../../Engine/Content/' was aborted.
[2017.11.07-07.31.21:316][385]LogDirectoryWatcher: A directory notification for '../../../../../../Users/Charmaine/Documents/Unreal Projects/chat/Content/' was aborted.
[2017.11.07-07.31.21:316][385]LogDirectoryWatcher: A directory notification for '../../../Engine/Plugins/2D/Paper2D/Content/' was aborted.
[2017.11.07-07.31.21:316][385]LogDirectoryWatcher: A directory notification for '../../../Engine/Plugins/Runtime/GearVR/Content/' was aborted.
[2017.11.07-07.31.21:318][385]LogModuleManager: Shutting down and abandoning module DirectoryWatcher (161)
[2017.11.07-07.31.21:318][385]LogModuleManager: Shutting down and abandoning module KismetCompiler (158)
[2017.11.07-07.31.21:318][385]LogModuleManager: Shutting down and abandoning module LevelSequence (156)
[2017.11.07-07.31.21:318][385]LogModuleManager: Shutting down and abandoning module PhysXFormats (154)
[2017.11.07-07.31.21:318][385]LogModuleManager: Shutting down and abandoning module MeshUtilities (152)
[2017.11.07-07.31.21:319][385]LogModuleManager: Shutting down and abandoning module SimplygonSwarm (151)
[2017.11.07-07.31.21:319][385]LogModuleManager: Shutting down and abandoning module SimplygonMeshReduction (149)
[2017.11.07-07.31.21:319][385]LogModuleManager: Shutting down and abandoning module QuadricMeshReduction (147)
[2017.11.07-07.31.21:319][385]LogModuleManager: Shutting down and abandoning module DerivedDataCache (144)
[2017.11.07-07.31.21:361][385]LogDerivedDataCache: Shutdown
[2017.11.07-07.31.21:361][385]LogModuleManager: Shutting down and abandoning module TargetPlatform (142)
[2017.11.07-07.31.21:361][385]LogModuleManager: Shutting down and abandoning module VulkanShaderFormat (141)
[2017.11.07-07.31.21:361][385]LogModuleManager: Shutting down and abandoning module ShaderFormatVectorVM (139)
[2017.11.07-07.31.21:361][385]LogModuleManager: Shutting down and abandoning module ShaderFormatOpenGL (137)
[2017.11.07-07.31.21:361][385]LogModuleManager: Shutting down and abandoning module ShaderFormatD3D (135)
[2017.11.07-07.31.21:361][385]LogModuleManager: Shutting down and abandoning module MetalShaderFormat (133)
[2017.11.07-07.31.21:361][385]LogModuleManager: Shutting down and abandoning module TextureFormatUncompressed (131)
[2017.11.07-07.31.21:361][385]LogModuleManager: Shutting down and abandoning module TextureFormatPVR (129)
[2017.11.07-07.31.21:361][385]LogModuleManager: Shutting down and abandoning module TextureFormatDXT (127)
[2017.11.07-07.31.21:361][385]LogModuleManager: Shutting down and abandoning module TextureFormatIntelISPCTexComp (125)
[2017.11.07-07.31.21:361][385]LogModuleManager: Shutting down and abandoning module TextureFormatASTC (123)
[2017.11.07-07.31.21:361][385]LogModuleManager: Shutting down and abandoning module ImageWrapper (122)
[2017.11.07-07.31.21:361][385]LogModuleManager: Shutting down and abandoning module TextureFormatAndroid (119)
[2017.11.07-07.31.21:361][385]LogModuleManager: Shutting down and abandoning module AudioFormatOpus (117)
[2017.11.07-07.31.21:361][385]LogModuleManager: Shutting down and abandoning module AudioFormatOgg (115)
[2017.11.07-07.31.21:361][385]LogModuleManager: Shutting down and abandoning module AudioFormatADPCM (113)
[2017.11.07-07.31.21:361][385]LogModuleManager: Shutting down and abandoning module LinuxTargetPlatform (111)
[2017.11.07-07.31.21:361][385]LogModuleManager: Shutting down and abandoning module LinuxServerTargetPlatform (109)
[2017.11.07-07.31.21:361][385]LogModuleManager: Shutting down and abandoning module LinuxNoEditorTargetPlatform (107)
[2017.11.07-07.31.21:361][385]LogModuleManager: Shutting down and abandoning module LinuxClientTargetPlatform (105)
[2017.11.07-07.31.21:361][385]LogModuleManager: Shutting down and abandoning module TVOSTargetPlatform (103)
[2017.11.07-07.31.21:361][385]LogModuleManager: Shutting down and abandoning module Messaging (101)
[2017.11.07-07.31.21:361][385]LogModuleManager: Shutting down and abandoning module IOSTargetPlatform (99)
[2017.11.07-07.31.21:361][385]LogModuleManager: Shutting down and abandoning module HTML5TargetPlatform (97)
[2017.11.07-07.31.21:361][385]LogModuleManager: Shutting down and abandoning module Android_PVRTCTargetPlatform (95)
[2017.11.07-07.31.21:361][385]LogModuleManager: Shutting down and abandoning module Android_MultiTargetPlatform (93)
[2017.11.07-07.31.21:361][385]LogModuleManager: Shutting down and abandoning module Android_ETC2TargetPlatform (91)
[2017.11.07-07.31.21:361][385]LogModuleManager: Shutting down and abandoning module Android_ETC1TargetPlatform (89)
[2017.11.07-07.31.21:361][385]LogModuleManager: Shutting down and abandoning module Android_DXTTargetPlatform (87)
[2017.11.07-07.31.21:361][385]LogModuleManager: Shutting down and abandoning module Android_ATCTargetPlatform (85)
[2017.11.07-07.31.21:361][385]LogModuleManager: Shutting down and abandoning module Android_ASTCTargetPlatform (83)
[2017.11.07-07.31.21:361][385]LogModuleManager: Shutting down and abandoning module AndroidTargetPlatform (81)
[2017.11.07-07.31.21:361][385]LogModuleManager: Shutting down and abandoning module WindowsTargetPlatform (79)
[2017.11.07-07.31.21:361][385]LogModuleManager: Shutting down and abandoning module WindowsServerTargetPlatform (77)
[2017.11.07-07.31.21:361][385]LogModuleManager: Shutting down and abandoning module WindowsNoEditorTargetPlatform (75)
[2017.11.07-07.31.21:361][385]LogModuleManager: Shutting down and abandoning module WindowsClientTargetPlatform (73)
[2017.11.07-07.31.21:361][385]LogModuleManager: Shutting down and abandoning module MacTargetPlatform (71)
[2017.11.07-07.31.21:361][385]LogModuleManager: Shutting down and abandoning module MacServerTargetPlatform (69)
[2017.11.07-07.31.21:361][385]LogModuleManager: Shutting down and abandoning module MacNoEditorTargetPlatform (67)
[2017.11.07-07.31.21:361][385]LogModuleManager: Shutting down and abandoning module MacClientTargetPlatform (65)
[2017.11.07-07.31.21:361][385]LogModuleManager: Shutting down and abandoning module AllDesktopTargetPlatform (63)
[2017.11.07-07.31.21:361][385]LogModuleManager: Shutting down and abandoning module InputCore (60)
[2017.11.07-07.31.21:361][385]LogModuleManager: Shutting down and abandoning module Settings (58)
[2017.11.07-07.31.21:361][385]LogModuleManager: Shutting down and abandoning module OculusRift (56)
[2017.11.07-07.31.21:361][385]LogModuleManager: Shutting down and abandoning module GearVRController (54)
[2017.11.07-07.31.21:361][385]LogModuleManager: Shutting down and abandoning module GearVR (52)
[2017.11.07-07.31.21:361][385]LogModuleManager: Shutting down and abandoning module ExampleDeviceProfileSelector (50)
[2017.11.07-07.31.21:361][385]LogModuleManager: Shutting down and abandoning module OnlineBlueprintSupport (48)
[2017.11.07-07.31.21:361][385]LogModuleManager: Shutting down and abandoning module OnlineSubsystem (44)
[2017.11.07-07.31.21:361][385]LogOnline:Display: Unloading online subsystem: NULL
[2017.11.07-07.31.21:361][385]LogModuleManager: Shutting down and abandoning module XMPP (43)
[2017.11.07-07.31.21:364][385]LogModuleManager: Shutting down and abandoning module HTTP (41)
[2017.11.07-07.31.21:364][385]LogHttp:Display: Http module shutting down, but needs to wait on 1 outstanding Http requests:
[2017.11.07-07.31.21:364][385]LogHttp:Display: 	verb=[POST] url=[https://datarouter.ol.epicgames.com/datarouter/api/v1/public/data?SessionID=%7B99E6AC98-4617-44D4-3C59-99A928AD17B0%7D&AppID=UEEditor.Rocket.Release&AppVersion=4.16.3-3561208%2B%2B%2BUE4%2BRelease-4.16&UserID=8da16e4a4900134b06f207be7adf7a6d%7Cebca76604eab480ea003be547255d1d1%7Cba34f6ef-6a16-472e-b966-91a5eeb57a84&AppEnvironment=datacollector-binary&UploadType=eteventstream] status=Processing
[2017.11.07-07.31.21:378][385]LogModuleManager: Shutting down and abandoning module SSL (40)
[2017.11.07-07.31.21:379][385]LogModuleManager: Shutting down and abandoning module HTTPChunkInstaller (36)
[2017.11.07-07.31.21:379][385]LogModuleManager: Shutting down and abandoning module AnimationModifiers (34)
[2017.11.07-07.31.21:379][385]LogModuleManager: Shutting down and abandoning module PropertyEditor (33)
[2017.11.07-07.31.21:379][385]LogModuleManager: Shutting down and abandoning module AudioEditor (30)
[2017.11.07-07.31.21:379][385]LogModuleManager: Shutting down and abandoning module TextureCompressor (28)
[2017.11.07-07.31.21:380][385]LogModuleManager: Shutting down and abandoning module ShaderCore (26)
[2017.11.07-07.31.21:380][385]LogModuleManager: Shutting down and abandoning module Landscape (24)
[2017.11.07-07.31.21:380][385]LogModuleManager: Shutting down and abandoning module SlateRHIRenderer (22)
[2017.11.07-07.31.21:380][385]LogModuleManager: Shutting down and abandoning module OpenGLDrv (20)
[2017.11.07-07.31.21:381][385]LogModuleManager: Shutting down and abandoning module D3D11RHI (18)
[2017.11.07-07.31.21:381][385]LogModuleManager: Shutting down and abandoning module AnimGraphRuntime (16)
[2017.11.07-07.31.21:381][385]LogModuleManager: Shutting down and abandoning module Renderer (14)
[2017.11.07-07.31.21:381][385]LogModuleManager: Shutting down and abandoning module Engine (12)
[2017.11.07-07.31.21:381][385]LogModuleManager: Shutting down and abandoning module CoreUObject (10)
[2017.11.07-07.31.21:381][385]LogModuleManager: Shutting down and abandoning module NetworkFile (8)
[2017.11.07-07.31.21:381][385]LogModuleManager: Shutting down and abandoning module StreamingFile (6)
[2017.11.07-07.31.21:381][385]LogModuleManager: Shutting down and abandoning module SandboxFile (4)
[2017.11.07-07.31.21:381][385]LogModuleManager: Shutting down and abandoning module PakFile (2)
[2017.11.07-07.31.21:383][385]LogExit: Exiting.
[2017.11.07-07.31.21:390][385]Log file closed, 11/07/17 20:31:21
