Log file open, 11/09/17 16:35:58
LogInit:Display: Running engine for game: chat
LogPlatformFile: Not using cached read wrapper
LogInit:Display: RandInit(-1941591973) SRandInit(-1941591973).
LogTaskGraph: Started task graph with 5 named threads and 8 total threads with 1 sets of task threads.
LogStats: Stats thread started at 0.166201
LogInit: Using libcurl 7.47.1
LogInit:  - built for x86_64-pc-win32
LogInit:  - supports SSL with OpenSSL/1.0.2g
LogInit:  - supports HTTP deflate (compression) using libz 1.2.8
LogInit:  - other features:
LogInit:      CURL_VERSION_SSL
LogInit:      CURL_VERSION_LIBZ
LogInit:      CURL_VERSION_IPV6
LogInit:      CURL_VERSION_ASYNCHDNS
LogInit:      CURL_VERSION_LARGEFILE
LogInit:      CURL_VERSION_IDN
LogInit:  CurlRequestOptions (configurable via config and command line):
LogInit:  - bVerifyPeer = false  - Libcurl will NOT verify peer certificate
LogInit:  - bUseHttpProxy = false  - Libcurl will NOT use HTTP proxy
LogInit:  - bDontReuseConnections = false  - Libcurl will reuse connections
LogInit:  - CertBundlePath = nullptr  - Libcurl will use whatever was configured at build time.
LogInit: Build: ++UE4+Release-4.16-CL-3561208
LogInit: Engine Version: 4.16.3-3561208+++UE4+Release-4.16
LogInit: Compatible Engine Version: 4.16.0-3452394+++UE4+Release-4.16
LogInit: Net CL: 3452394
LogDevObjectVersion: Number of dev versions registered: 16
LogDevObjectVersion:   Dev-Blueprints (B0D832E4-1F89-4F0D-ACCF-7EB736FD4AA2): 9
LogDevObjectVersion:   Dev-Build (E1C64328-A22C-4D53-A36C-8E866417BD8C): 0
LogDevObjectVersion:   Dev-Core (375EC13C-06E4-48FB-B500-84F0262A717E): 2
LogDevObjectVersion:   Dev-Editor (E4B068ED-F494-42E9-A231-DA0B2E46BB41): 17
LogDevObjectVersion:   Dev-Framework (CFFC743F-43B0-4480-9391-14DF171D2073): 23
LogDevObjectVersion:   Dev-Mobile (B02B49B5-BB20-44E9-A304-32B752E40360): 0
LogDevObjectVersion:   Dev-Networking (A4E4105C-59A1-49B5-A7C5-40C4547EDFEE): 0
LogDevObjectVersion:   Dev-Online (39C831C9-5AE6-47DC-9A44-9C173E1C8E7C): 0
LogDevObjectVersion:   Dev-Physics (78F01B33-EBEA-4F98-B9B4-84EACCB95AA2): 0
LogDevObjectVersion:   Dev-Platform (6631380F-2D4D-43E0-8009-CF276956A95A): 0
LogDevObjectVersion:   Dev-Rendering (12F88B9F-8875-4AFC-A67C-D90C383ABD29): 15
LogDevObjectVersion:   Dev-Sequencer (7B5AE74C-D270-4C10-A958-57980B212A5A): 4
LogDevObjectVersion:   Dev-VR (D7296918-1DD6-4BDD-9DE2-64A83CC13884): 0
LogDevObjectVersion:   Dev-LoadTimes (C2A15278-BFE7-4AFE-6C17-90FF531DF755): 1
LogDevObjectVersion:   Private-Geometry (6EACA3D4-40EC-4CC1-B786-8BED09428FC5): 1
LogDevObjectVersion:   Dev-AnimPhys (29E575DD-E0A3-4627-9D10-D276232CDCEA): 3
LogInit: Compiled (64-bit): Jul 28 2017 11:49:47
LogInit: Compiled with Visual C++: 19.00.24215.01
LogInit: Build Configuration: Development
LogInit: Branch Name: ++UE4+Release-4.16
LogInit: Command line:  -skipcompile
LogInit: Base directory: C:/Program Files/Epic Games/UE_4.16/Engine/Binaries/Win64/
LogInit: Installed Engine Build: 1
LogInit: Presizing for max 8388607 objects, including 0 objects not considered by GC, pre-allocating 0 bytes for permanent pool.
LogInit: Object subsystem initialized
[2017.11.09-03.35.59:624][  0]LogInit: Selected Device Profile: [Windows]
[2017.11.09-03.35.59:624][  0]LogInit: Applying CVar settings loaded from the selected device profile: [Windows]
[2017.11.09-03.35.59:634][  0]LogInit: Computer: 1903C004
[2017.11.09-03.35.59:634][  0]LogInit: User: josephnew6687
[2017.11.09-03.35.59:634][  0]LogInit: CPU Page size=4096, Cores=4
[2017.11.09-03.35.59:634][  0]LogInit: High frequency timer resolution =3.515673 MHz
[2017.11.09-03.35.59:634][  0]LogMemory: Memory total: Physical=15.9GB (16GB approx)
[2017.11.09-03.35.59:634][  0]LogMemory: Platform Memory Stats for Windows
[2017.11.09-03.35.59:634][  0]LogMemory: Process Physical Memory: 276.16 MB used, 276.16 MB peak
[2017.11.09-03.35.59:634][  0]LogMemory: Process Virtual Memory: 263.96 MB used, 263.96 MB peak
[2017.11.09-03.35.59:634][  0]LogMemory: Physical Memory: 11342.57 MB used,  4958.28 MB free, 16300.84 MB total
[2017.11.09-03.35.59:634][  0]LogMemory: Virtual Memory: 621.59 MB used,  4958.28 MB free, 8388608.00 MB total
[2017.11.09-03.35.59:773][  0]LogInit: Using OS detected language (en-NZ).
[2017.11.09-03.35.59:773][  0]LogInit: Using OS detected locale (en-NZ).
[2017.11.09-03.35.59:778][  0]LogTextLocalizationManager: No specific localization for 'en-NZ' exists, so the 'en' localization will be used.
[2017.11.09-03.36.00:777][  0]LogD3D11RHI: D3D11 adapters:
[2017.11.09-03.36.00:801][  0]LogD3D11RHI:    0. 'NVIDIA GeForce GTX 760' (Feature Level 11_0)
[2017.11.09-03.36.00:801][  0]LogD3D11RHI:       1989/0/2048 MB DedicatedVideo/DedicatedSystem/SharedSystem, Outputs:2, VendorId:0x10de
[2017.11.09-03.36.00:801][  0]LogD3D11RHI: Chosen D3D11 Adapter: 0
[2017.11.09-03.36.00:806][  0]LogD3D11RHI: Creating new Direct3DDevice
[2017.11.09-03.36.00:806][  0]LogD3D11RHI:     GPU DeviceId: 0x1187 (for the marketing name, search the web for "GPU Device Id")
[2017.11.09-03.36.00:806][  0]LogWindows: EnumDisplayDevices:
[2017.11.09-03.36.00:806][  0]LogWindows:    0. 'NVIDIA GeForce GTX 760' (P:1 D:1)
[2017.11.09-03.36.00:806][  0]LogWindows:    1. 'NVIDIA GeForce GTX 760' (P:0 D:1)
[2017.11.09-03.36.00:806][  0]LogWindows:    2. 'NVIDIA GeForce GTX 760' (P:0 D:0)
[2017.11.09-03.36.00:806][  0]LogWindows:    3. 'NVIDIA GeForce GTX 760' (P:0 D:0)
[2017.11.09-03.36.00:806][  0]LogWindows:    4. 'RDPDD Chained DD' (P:0 D:0)
[2017.11.09-03.36.00:807][  0]LogWindows:    5. 'RDP Encoder Mirror Driver' (P:0 D:0)
[2017.11.09-03.36.00:807][  0]LogWindows:    6. 'RDP Reflector Display Driver' (P:0 D:0)
[2017.11.09-03.36.00:807][  0]LogWindows:    7. 'Mirage Driver' (P:0 D:0)
[2017.11.09-03.36.00:807][  0]LogWindows: DebugString: GetVideoDriverDetailsInvalid PrimaryIsNotTheChoosenAdapter GetVideoDriverDetailsInvalid PrimaryIsNotTheChoosenAdapter GetVideoDriverDetailsInvalid PrimaryIsNotTheChoosenAdapter GetVideoDriverDetailsInvalid PrimaryIsNotTheChoosenAdapter FoundDriverCount:4 
[2017.11.09-03.36.00:807][  0]LogD3D11RHI:     Adapter Name: NVIDIA GeForce GTX 760
[2017.11.09-03.36.00:807][  0]LogD3D11RHI:   Driver Version: 364.72 (internal:10.18.13.6472, unified:364.72)
[2017.11.09-03.36.00:807][  0]LogD3D11RHI:      Driver Date: 3-21-2016
[2017.11.09-03.36.00:807][  0]LogRHI: Texture pool is 1361 MB (70% of 1945 MB)
[2017.11.09-03.36.00:816][  0]LogD3D11RHI: NvAPI_D3D_GetCurrentSLIState failed: 0xfffffff7
[2017.11.09-03.36.00:816][  0]LogD3D11RHI: Async texture creation enabled
[2017.11.09-03.36.00:829][  0]LogD3D11RHI: GPU Timing Frequency: 1000.000000 (Debug: 2 2)
[2017.11.09-03.36.00:923][  0]LogShaderCompilers: Guid format shader working directory is -4 characters bigger than the processId version (D:/Users/joseph.new6687/Documents/GameEngineSummative/chat/Intermediate/Shaders/WorkingDirectory/11120/).
[2017.11.09-03.36.00:923][  0]LogShaderCompilers: Cleaned the shader compiler working directory 'D:/Users/joseph.new6687/AppData/Local/Temp/UnrealShaderWorkingDir/4AB174F24964FE522A8EA0B2E367976D/'.
[2017.11.09-03.36.00:924][  0]LogShaderCompilers:Display: Using Local Shader Compiler.
[2017.11.09-03.36.02:195][  0]LogTemp:Display: Loaded TP AllDesktopTargetPlatform
[2017.11.09-03.36.02:268][  0]LogTemp:Display: Loaded TP MacClientTargetPlatform
[2017.11.09-03.36.02:344][  0]LogTemp:Display: Loaded TP MacNoEditorTargetPlatform
[2017.11.09-03.36.02:417][  0]LogTemp:Display: Loaded TP MacServerTargetPlatform
[2017.11.09-03.36.02:492][  0]LogTemp:Display: Loaded TP MacTargetPlatform
[2017.11.09-03.36.02:567][  0]LogTemp:Display: Loaded TP WindowsClientTargetPlatform
[2017.11.09-03.36.02:640][  0]LogTemp:Display: Loaded TP WindowsNoEditorTargetPlatform
[2017.11.09-03.36.02:712][  0]LogTemp:Display: Loaded TP WindowsServerTargetPlatform
[2017.11.09-03.36.02:779][  0]LogTemp:Display: Loaded TP WindowsTargetPlatform
[2017.11.09-03.36.02:853][  0]LogTemp:Display: Loaded TP AndroidTargetPlatform
[2017.11.09-03.36.02:924][  0]LogTemp:Display: Loaded TP Android_ASTCTargetPlatform
[2017.11.09-03.36.02:997][  0]LogTemp:Display: Loaded TP Android_ATCTargetPlatform
[2017.11.09-03.36.03:068][  0]LogTemp:Display: Loaded TP Android_DXTTargetPlatform
[2017.11.09-03.36.03:140][  0]LogTemp:Display: Loaded TP Android_ETC1TargetPlatform
[2017.11.09-03.36.03:215][  0]LogTemp:Display: Loaded TP Android_ETC2TargetPlatform
[2017.11.09-03.36.03:358][  0]LogTemp:Display: Loaded TP Android_MultiTargetPlatform
[2017.11.09-03.36.03:359][  0]LogTemp:Display: Loaded TP Android_PVRTCTargetPlatform
[2017.11.09-03.36.03:422][  0]LogTemp:Display: Loaded TP HTML5TargetPlatform
[2017.11.09-03.36.03:550][  0]LogTemp:Display: Loaded TP IOSTargetPlatform
[2017.11.09-03.36.03:589][  0]LogTemp:Display: Loaded TP TVOSTargetPlatform
[2017.11.09-03.36.03:666][  0]LogTemp:Display: Loaded TP LinuxClientTargetPlatform
[2017.11.09-03.36.03:738][  0]LogTemp:Display: Loaded TP LinuxNoEditorTargetPlatform
[2017.11.09-03.36.03:809][  0]LogTemp:Display: Loaded TP LinuxServerTargetPlatform
[2017.11.09-03.36.03:883][  0]LogTemp:Display: Loaded TP LinuxTargetPlatform
[2017.11.09-03.36.03:883][  0]LogTargetPlatformManager:Display: Building Assets For Windows
[2017.11.09-03.36.04:637][  0]LogDerivedDataCache:Display: Max Cache Size: 512 MB
[2017.11.09-03.36.04:725][  0]LogDerivedDataCache: Loaded boot cache 0.09s 90MB D:/Users/joseph.new6687/AppData/Local/UnrealEngine/4.16/DerivedDataCache/Boot.ddc.
[2017.11.09-03.36.04:725][  0]LogDerivedDataCache:Display: Loaded Boot cache: D:/Users/joseph.new6687/AppData/Local/UnrealEngine/4.16/DerivedDataCache/Boot.ddc
[2017.11.09-03.36.04:725][  0]LogDerivedDataCache: FDerivedDataBackendGraph:  Pak pak cache file D:/Users/joseph.new6687/Documents/GameEngineSummative/chat/DerivedDataCache/DDC.ddp not found, will not use a pak cache.
[2017.11.09-03.36.04:725][  0]LogDerivedDataCache: Unable to find inner node Pak for hierarchical cache Hierarchy.
[2017.11.09-03.36.04:725][  0]LogDerivedDataCache: FDerivedDataBackendGraph:  CompressedPak pak cache file D:/Users/joseph.new6687/Documents/GameEngineSummative/chat/DerivedDataCache/Compressed.ddp not found, will not use a pak cache.
[2017.11.09-03.36.04:726][  0]LogDerivedDataCache: Unable to find inner node CompressedPak for hierarchical cache Hierarchy.
[2017.11.09-03.36.04:742][  0]LogDerivedDataCache:Display: Pak cache opened for reading ../../../Engine/DerivedDataCache/Compressed.ddp.
[2017.11.09-03.36.04:754][  0]LogDerivedDataCache: Using Local data cache path D:/Users/joseph.new6687/AppData/Local/UnrealEngine/Common/DerivedDataCache: Writable
[2017.11.09-03.36.04:762][  0]LogMaterial: Verifying Global Shaders for PCD3D_SM5
[2017.11.09-03.36.04:763][  0]LogSlate: Using Freetype 2.6.0
[2017.11.09-03.36.04:764][  0]LogSlate: SlateFontCache - WITH_FREETYPE: 1, WITH_HARFBUZZ: 1
[2017.11.09-03.36.04:764][  0]LogSlate: SlateFontCache - WITH_FREETYPE: 1, WITH_HARFBUZZ: 1
[2017.11.09-03.36.05:163][  0]LogInit: Selected Device Profile: [Windows]
[2017.11.09-03.36.05:168][  0]LogContentStreaming: Texture pool size is 0.00 MB
[2017.11.09-03.36.05:466][  0]LogMeshUtilities: Using QuadricMeshReduction for automatic static mesh reduction
[2017.11.09-03.36.05:534][  0]LogSimplygon: Simplygon DLL not present - disabling.
[2017.11.09-03.36.05:599][  0]LogMeshUtilities: Using SimplygonSwarm for distributed automatic mesh merging
[2017.11.09-03.36.05:599][  0]LogMeshUtilities: No automatic skeletal mesh reduction module available
[2017.11.09-03.36.05:599][  0]LogMeshUtilities: No automatic mesh merging module available
[2017.11.09-03.36.06:185][  0]LogNetVersion: chat , NetCL: 3452394, EngineNetVer: 2, GameNetVer: 0 (Checksum: 3772067698)
[2017.11.09-03.36.06:258][  0]LogAssetRegistry: FAssetRegistry took 0.0266 seconds to start up
[2017.11.09-03.36.06:317][  0]LogPackageLocalizationCache: Processed 4 localized package path(s) for 2 prioritized culture(s) in 0.027480 seconds
[2017.11.09-03.36.06:322][  0]LogUObjectArray: 34194 objects as part of root set at end of initial load.
[2017.11.09-03.36.06:322][  0]LogUObjectAllocator: 7260424 out of 0 bytes used by permanent object pool.
[2017.11.09-03.36.06:322][  0]LogUObjectArray: CloseDisregardForGC: 0/0 objects in disregard for GC pool
[2017.11.09-03.36.06:414][  0]LogInit: WinSock: version 1.1 (2.2), MaxSocks=32767, MaxUdp=65467
[2017.11.09-03.36.10:037][  0]LogTcpMessaging: Initializing TcpMessaging bridge
[2017.11.09-03.36.10:087][  0]LogUdpMessaging: Initializing bridge on interface 0.0.0.0:0 to multicast group 230.0.0.1:6666.
[2017.11.09-03.36.10:859][  0]LogMaterial: Uniform references updated for custom material expression Custom.
[2017.11.09-03.36.11:393][  0]SourceControl: Info Source control is disabled
[2017.11.09-03.36.11:419][  0]SourceControl: Info Source control is disabled
[2017.11.09-03.36.11:485][  0]SourceControl: Info Source control is disabled
[2017.11.09-03.36.11:554][  0]SourceControl: Info Source control is disabled
[2017.11.09-03.36.12:503][  0]LogAndroidPermission: UAndroidPermissionCallbackProxy::GetInstance
[2017.11.09-03.36.14:958][  0]LogEngine: Initializing Engine...
[2017.11.09-03.36.14:958][  0]LogHMD: Failed to initialize OpenVR with code 110
[2017.11.09-03.36.15:170][  0]LogStats: UGameplayTagsManager::ConstructGameplayTagTree: Construct from data asset -  0.000 s
[2017.11.09-03.36.15:171][  0]LogStats: UGameplayTagsManager::ConstructGameplayTagTree: GameplayTagTreeChangedEvent.Broadcast -  0.000 s
[2017.11.09-03.36.15:379][  0]LogAIModule: Creating AISystem for world Untitled
[2017.11.09-03.36.15:392][  0]LogInit: XAudio2 using 'Speakers (High Definition Audio Device)' : 2 channels at 44.1 kHz using 16 bits per sample (channel mask 0x3)
[2017.11.09-03.36.15:468][  0]LogInit: FAudioDevice initialized.
[2017.11.09-03.36.15:511][  0]LogDerivedDataCache: Saved boot cache 0.04s 90MB D:/Users/joseph.new6687/AppData/Local/UnrealEngine/4.16/DerivedDataCache/Boot.ddc.
[2017.11.09-03.36.15:522][  0]LogInit: Texture streaming: Enabled
[2017.11.09-03.36.15:658][  0]LogEngineSessionManager: EngineSessionManager initialized
[2017.11.09-03.36.15:986][  0]LogInit: Transaction tracking system initialized
[2017.11.09-03.36.16:456][  0]BlueprintLog: New page: Editor Load
[2017.11.09-03.36.17:858][  0]LocalizationService: Info Localization service is disabled
[2017.11.09-03.36.18:865][  0]LogConsoleResponse:Display: 
[2017.11.09-03.36.19:018][  0]LogCook:Display: Max memory allowance for cook 16384mb min free memory 0mb
[2017.11.09-03.36.19:018][  0]LogCook:Display: Mobile HDR setting 1
[2017.11.09-03.36.19:727][  0]LogFileCache: Scanning file cache for directory 'D:/Users/joseph.new6687/Documents/GameEngineSummative/chat/Content/' took 0.01s
[2017.11.09-03.36.20:480][  0]SourceControl: Info Source control is disabled
[2017.11.09-03.36.20:480][  0]Cmd: MAP LOAD FILE="../../../Engine/Content/Maps/Templates/Template_Default.umap" TEMPLATE=1 SHOWPROGRESS=1 FEATURELEVEL=3
[2017.11.09-03.36.20:481][  0]LightingResults: New page: Lighting Build
[2017.11.09-03.36.20:546][  0]MapCheck: New page: Map Check
[2017.11.09-03.36.20:546][  0]LightingResults: New page: Lighting Build
[2017.11.09-03.36.20:719][  0]LogAIModule: Creating AISystem for world Untitled_1
[2017.11.09-03.36.20:720][  0]LogActorComponent: RegisterComponentWithWorld: (/Temp/Untitled_1.Untitled_1:PersistentLevel.WorldSettings_1.StaticMeshComponent0) Trying to register component with IsPendingKill() == true. Aborting.
[2017.11.09-03.36.20:727][  0]LogEditorServer: Finished looking for orphan Actors (0.000 secs)
[2017.11.09-03.36.20:740][  0]Cmd: MAP CHECKDEP NOCLEARLOG
[2017.11.09-03.36.20:867][  0]MapCheck: Info Map check complete: 0 Error(s), 0 Warning(s), took 126.967ms to complete.
[2017.11.09-03.36.20:867][  0]LogFileHelpers: Loading map 'Template_Default' took 0.387
[2017.11.09-03.36.21:123][  0]LogCollectionManager: Loaded 0 collections in 0.001033 seconds
[2017.11.09-03.36.21:247][  0]LogFileCache: Scanning file cache for directory 'D:/Users/joseph.new6687/Documents/GameEngineSummative/chat/Saved/Collections/' took 0.01s
[2017.11.09-03.36.21:247][  0]LogFileCache: Scanning file cache for directory 'D:/Users/joseph.new6687/Documents/GameEngineSummative/chat/Content/Developers/josephnew6687/Collections/' took 0.01s
[2017.11.09-03.36.21:247][  0]LogFileCache: Scanning file cache for directory 'D:/Users/joseph.new6687/Documents/GameEngineSummative/chat/Content/Collections/' took 0.00s
[2017.11.09-03.36.21:247][  0]LogCollectionManager: Rebuilt the GUID cache for 0 collections in 0.000002 seconds
[2017.11.09-03.36.21:259][  0]LogContentBrowser: Native class hierarchy populated in 0.0109 seconds. Added 2330 classes and 493 folders.
[2017.11.09-03.36.21:385][  0]LogContentBrowser: Native class hierarchy updated for 'WidgetCarousel' in 0.0009 seconds. Added 0 classes and 0 folders.
[2017.11.09-03.36.21:440][  0]LogContentBrowser: Native class hierarchy updated for 'AddContentDialog' in 0.0009 seconds. Added 0 classes and 0 folders.
[2017.11.09-03.36.21:505][  0]LogContentBrowser: Native class hierarchy updated for 'SceneOutliner' in 0.0009 seconds. Added 1 classes and 2 folders.
[2017.11.09-03.36.21:554][  0]LogCrashTracker: Crashtracker disabled due to settings.
[2017.11.09-03.36.21:558][  0]LogSlate: Took 0.000553 seconds to synchronously load lazily loaded font '../../../Engine/Content/Slate/Fonts/Roboto-Regular.ttf' (155K)
[2017.11.09-03.36.21:560][  0]LogSlate: Took 0.000491 seconds to synchronously load lazily loaded font '../../../Engine/Content/Slate/Fonts/Roboto-Bold.ttf' (160K)
[2017.11.09-03.36.21:565][  0]LogSlate: Took 0.000541 seconds to synchronously load lazily loaded font '../../../Engine/Content/Editor/Slate/Fonts/FontAwesome.ttf' (139K)
[2017.11.09-03.36.21:647][  0]LogRenderer: Reallocating scene render targets to support 1208x660 NumSamples 1 (Frame:1).
[2017.11.09-03.36.21:873][  0]LogUObjectGlobals:Warning: Failed to find object 'Class None.'
[2017.11.09-03.36.21:968][  0]LogContentBrowser: Native class hierarchy updated for 'HierarchicalLODOutliner' in 0.0011 seconds. Added 1 classes and 2 folders.
[2017.11.09-03.36.21:969][  0]LogLoad: (Engine Initialization) Total time: 24.38 seconds
[2017.11.09-03.36.21:969][  0]LogLoad: (Engine Initialization) Total Blueprint compile time: 0.10 seconds
[2017.11.09-03.36.21:969][  0]LogExternalProfiler: Found external profiler: VSPerf
[2017.11.09-03.36.21:969][  0]LogExternalProfiler: Using external profiler: VSPerf
[2017.11.09-03.36.21:978][  0]LogOcInput: OculusInput pre-init called
[2017.11.09-03.36.21:978][  0]LogHMD: Starting GearVRController plugin
[2017.11.09-03.36.21:991][  0]LogAssetRegistry: Asset discovery search completed in 15.7552 seconds
[2017.11.09-03.36.21:992][  0]LogCollectionManager: Rebuilt the object cache for 0 collections in 0.000000 seconds (found 0 objects)
[2017.11.09-03.36.21:993][  0]LogCollectionManager: Fixed up redirectors for 0 collections in 0.000145 seconds (updated 0 objects)
[2017.11.09-03.36.21:993][  0]LogContentStreaming: Texture pool size now 1000 MB
[2017.11.09-03.36.24:376][247]LogInit: WinSock: I am 1903C004 (10.19.2.33:0)
[2017.11.09-03.36.24:376][247]10.19.2.33
[2017.11.09-03.36.24:376][247]LogTemp:Warning: 10.19.2.33:0
