Log file open, 11/07/17 21:03:34
LogInit:Display: Running engine for game: chat
LogPlatformFile: Not using cached read wrapper
LogInit:Display: RandInit(-924486297) SRandInit(-924486297).
LogTaskGraph: Started task graph with 5 named threads and 12 total threads with 1 sets of task threads.
LogStats: Stats thread started at 0.161619
LogInit: Using libcurl 7.47.1
LogInit:  - built for x86_64-pc-win32
LogInit:  - supports SSL with OpenSSL/1.0.2g
LogInit:  - supports HTTP deflate (compression) using libz 1.2.8
LogInit:  - other features:
LogInit:      CURL_VERSION_SSL
LogInit:      CURL_VERSION_LIBZ
LogInit:      CURL_VERSION_IPV6
LogInit:      CURL_VERSION_ASYNCHDNS
LogInit:      CURL_VERSION_LARGEFILE
LogInit:      CURL_VERSION_IDN
LogInit:  CurlRequestOptions (configurable via config and command line):
LogInit:  - bVerifyPeer = false  - Libcurl will NOT verify peer certificate
LogInit:  - bUseHttpProxy = false  - Libcurl will NOT use HTTP proxy
LogInit:  - bDontReuseConnections = false  - Libcurl will reuse connections
LogInit:  - CertBundlePath = nullptr  - Libcurl will use whatever was configured at build time.
LogInit: Build: ++UE4+Release-4.16-CL-3561208
LogInit: Engine Version: 4.16.3-3561208+++UE4+Release-4.16
LogInit: Compatible Engine Version: 4.16.0-3452394+++UE4+Release-4.16
LogInit: Net CL: 3452394
LogDevObjectVersion: Number of dev versions registered: 16
LogDevObjectVersion:   Dev-Blueprints (B0D832E4-1F89-4F0D-ACCF-7EB736FD4AA2): 9
LogDevObjectVersion:   Dev-Build (E1C64328-A22C-4D53-A36C-8E866417BD8C): 0
LogDevObjectVersion:   Dev-Core (375EC13C-06E4-48FB-B500-84F0262A717E): 2
LogDevObjectVersion:   Dev-Editor (E4B068ED-F494-42E9-A231-DA0B2E46BB41): 17
LogDevObjectVersion:   Dev-Framework (CFFC743F-43B0-4480-9391-14DF171D2073): 23
LogDevObjectVersion:   Dev-Mobile (B02B49B5-BB20-44E9-A304-32B752E40360): 0
LogDevObjectVersion:   Dev-Networking (A4E4105C-59A1-49B5-A7C5-40C4547EDFEE): 0
LogDevObjectVersion:   Dev-Online (39C831C9-5AE6-47DC-9A44-9C173E1C8E7C): 0
LogDevObjectVersion:   Dev-Physics (78F01B33-EBEA-4F98-B9B4-84EACCB95AA2): 0
LogDevObjectVersion:   Dev-Platform (6631380F-2D4D-43E0-8009-CF276956A95A): 0
LogDevObjectVersion:   Dev-Rendering (12F88B9F-8875-4AFC-A67C-D90C383ABD29): 15
LogDevObjectVersion:   Dev-Sequencer (7B5AE74C-D270-4C10-A958-57980B212A5A): 4
LogDevObjectVersion:   Dev-VR (D7296918-1DD6-4BDD-9DE2-64A83CC13884): 0
LogDevObjectVersion:   Dev-LoadTimes (C2A15278-BFE7-4AFE-6C17-90FF531DF755): 1
LogDevObjectVersion:   Private-Geometry (6EACA3D4-40EC-4CC1-B786-8BED09428FC5): 1
LogDevObjectVersion:   Dev-AnimPhys (29E575DD-E0A3-4627-9D10-D276232CDCEA): 3
LogInit: Compiled (64-bit): Jul 28 2017 11:49:47
LogInit: Compiled with Visual C++: 19.00.24215.01
LogInit: Build Configuration: Development
LogInit: Branch Name: ++UE4+Release-4.16
LogInit: Command line:  
LogInit: Base directory: C:/Program Files/Epic Games/UE_4.16/Engine/Binaries/Win64/
LogInit: Installed Engine Build: 1
LogInit: Presizing for max 8388607 objects, including 0 objects not considered by GC, pre-allocating 0 bytes for permanent pool.
LogInit: Object subsystem initialized
[2017.11.07-08.03.35:421][  0]LogInit: Selected Device Profile: [Windows]
[2017.11.07-08.03.35:421][  0]LogInit: Applying CVar settings loaded from the selected device profile: [Windows]
[2017.11.07-08.03.35:431][  0]LogInit: Computer: DESKTOP-OS7LG2B
[2017.11.07-08.03.35:431][  0]LogInit: User: Charmaine
[2017.11.07-08.03.35:431][  0]LogInit: CPU Page size=4096, Cores=8
[2017.11.07-08.03.35:431][  0]LogInit: High frequency timer resolution =3.515783 MHz
[2017.11.07-08.03.35:431][  0]LogMemory: Memory total: Physical=15.9GB (16GB approx)
[2017.11.07-08.03.35:431][  0]LogMemory: Platform Memory Stats for Windows
[2017.11.07-08.03.35:431][  0]LogMemory: Process Physical Memory: 275.23 MB used, 275.23 MB peak
[2017.11.07-08.03.35:431][  0]LogMemory: Process Virtual Memory: 267.76 MB used, 267.76 MB peak
[2017.11.07-08.03.35:431][  0]LogMemory: Physical Memory: 4409.02 MB used,  11903.40 MB free, 16312.42 MB total
[2017.11.07-08.03.35:431][  0]LogMemory: Virtual Memory: 649.82 MB used,  11903.40 MB free, 134217728.00 MB total
[2017.11.07-08.03.35:697][  0]LogInit: Using OS detected language (en-US).
[2017.11.07-08.03.35:697][  0]LogInit: Using OS detected locale (en-NZ).
[2017.11.07-08.03.35:700][  0]LogTextLocalizationManager: No specific localization for 'en-US' exists, so the 'en' localization will be used.
[2017.11.07-08.03.36:573][  0]LogD3D11RHI: D3D11 adapters:
[2017.11.07-08.03.36:610][  0]LogD3D11RHI:    0. 'NVIDIA GeForce GTX 1080 Ti' (Feature Level 11_0)
[2017.11.07-08.03.36:610][  0]LogD3D11RHI:       11123/0/8156 MB DedicatedVideo/DedicatedSystem/SharedSystem, Outputs:1, VendorId:0x10de
[2017.11.07-08.03.36:611][  0]LogD3D11RHI:    1. 'Microsoft Basic Render Driver' (Feature Level 11_0)
[2017.11.07-08.03.36:611][  0]LogD3D11RHI:       0/0/8156 MB DedicatedVideo/DedicatedSystem/SharedSystem, Outputs:0, VendorId:0x1414
[2017.11.07-08.03.36:611][  0]LogD3D11RHI: Chosen D3D11 Adapter: 0
[2017.11.07-08.03.36:616][  0]LogD3D11RHI: Creating new Direct3DDevice
[2017.11.07-08.03.36:616][  0]LogD3D11RHI:     GPU DeviceId: 0x1b06 (for the marketing name, search the web for "GPU Device Id")
[2017.11.07-08.03.36:616][  0]LogWindows: EnumDisplayDevices:
[2017.11.07-08.03.36:617][  0]LogWindows:    0. 'NVIDIA GeForce GTX 1080 Ti' (P:1 D:1)
[2017.11.07-08.03.36:617][  0]LogWindows:    1. 'NVIDIA GeForce GTX 1080 Ti' (P:0 D:0)
[2017.11.07-08.03.36:617][  0]LogWindows:    2. 'NVIDIA GeForce GTX 1080 Ti' (P:0 D:0)
[2017.11.07-08.03.36:617][  0]LogWindows:    3. 'NVIDIA GeForce GTX 1080 Ti' (P:0 D:0)
[2017.11.07-08.03.36:617][  0]LogWindows: DebugString: FoundDriverCount:4 
[2017.11.07-08.03.36:617][  0]LogD3D11RHI:     Adapter Name: NVIDIA GeForce GTX 1080 Ti
[2017.11.07-08.03.36:617][  0]LogD3D11RHI:   Driver Version: 384.94 (internal:22.21.13.8494, unified:384.94)
[2017.11.07-08.03.36:617][  0]LogD3D11RHI:      Driver Date: 7-18-2017
[2017.11.07-08.03.36:617][  0]LogRHI: Texture pool is 1361 MB (70% of 1945 MB)
[2017.11.07-08.03.36:645][  0]LogD3D11RHI: Async texture creation enabled
[2017.11.07-08.03.36:655][  0]LogD3D11RHI: GPU Timing Frequency: 1000.000000 (Debug: 2 1)
[2017.11.07-08.03.36:697][  0]LogShaderCompilers: Guid format shader working directory is -17 characters bigger than the processId version (../../../../../../Users/Charmaine/Documents/GameEngineSummative/chat/Intermediate/Shaders/WorkingDirectory/688/).
[2017.11.07-08.03.36:697][  0]LogShaderCompilers: Cleaned the shader compiler working directory 'C:/Users/Charmaine/AppData/Local/Temp/UnrealShaderWorkingDir/94EA3D344AB19542303C3FA932D26BED/'.
[2017.11.07-08.03.36:697][  0]LogShaderCompilers:Display: Using Local Shader Compiler.
[2017.11.07-08.03.37:665][  0]LogTemp:Display: Loaded TP AllDesktopTargetPlatform
[2017.11.07-08.03.37:718][  0]LogTemp:Display: Loaded TP MacClientTargetPlatform
[2017.11.07-08.03.37:772][  0]LogTemp:Display: Loaded TP MacNoEditorTargetPlatform
[2017.11.07-08.03.37:825][  0]LogTemp:Display: Loaded TP MacServerTargetPlatform
[2017.11.07-08.03.37:879][  0]LogTemp:Display: Loaded TP MacTargetPlatform
[2017.11.07-08.03.37:933][  0]LogTemp:Display: Loaded TP WindowsClientTargetPlatform
[2017.11.07-08.03.37:986][  0]LogTemp:Display: Loaded TP WindowsNoEditorTargetPlatform
[2017.11.07-08.03.38:039][  0]LogTemp:Display: Loaded TP WindowsServerTargetPlatform
[2017.11.07-08.03.38:087][  0]LogTemp:Display: Loaded TP WindowsTargetPlatform
[2017.11.07-08.03.38:139][  0]LogTemp:Display: Loaded TP AndroidTargetPlatform
[2017.11.07-08.03.38:191][  0]LogTemp:Display: Loaded TP Android_ASTCTargetPlatform
[2017.11.07-08.03.38:243][  0]LogTemp:Display: Loaded TP Android_ATCTargetPlatform
[2017.11.07-08.03.38:295][  0]LogTemp:Display: Loaded TP Android_DXTTargetPlatform
[2017.11.07-08.03.38:346][  0]LogTemp:Display: Loaded TP Android_ETC1TargetPlatform
[2017.11.07-08.03.38:399][  0]LogTemp:Display: Loaded TP Android_ETC2TargetPlatform
[2017.11.07-08.03.38:504][  0]LogTemp:Display: Loaded TP Android_MultiTargetPlatform
[2017.11.07-08.03.38:504][  0]LogTemp:Display: Loaded TP Android_PVRTCTargetPlatform
[2017.11.07-08.03.38:545][  0]LogTemp:Display: Loaded TP HTML5TargetPlatform
[2017.11.07-08.03.38:640][  0]LogTemp:Display: Loaded TP IOSTargetPlatform
[2017.11.07-08.03.38:672][  0]LogTemp:Display: Loaded TP TVOSTargetPlatform
[2017.11.07-08.03.38:724][  0]LogTemp:Display: Loaded TP LinuxClientTargetPlatform
[2017.11.07-08.03.38:776][  0]LogTemp:Display: Loaded TP LinuxNoEditorTargetPlatform
[2017.11.07-08.03.38:829][  0]LogTemp:Display: Loaded TP LinuxServerTargetPlatform
[2017.11.07-08.03.38:882][  0]LogTemp:Display: Loaded TP LinuxTargetPlatform
[2017.11.07-08.03.38:882][  0]LogTargetPlatformManager:Display: Building Assets For Windows
[2017.11.07-08.03.39:384][  0]LogDerivedDataCache:Display: Max Cache Size: 512 MB
[2017.11.07-08.03.39:450][  0]LogDerivedDataCache: Loaded boot cache 0.07s 90MB C:/Users/Charmaine/AppData/Local/UnrealEngine/4.16/DerivedDataCache/Boot.ddc.
[2017.11.07-08.03.39:450][  0]LogDerivedDataCache:Display: Loaded Boot cache: C:/Users/Charmaine/AppData/Local/UnrealEngine/4.16/DerivedDataCache/Boot.ddc
[2017.11.07-08.03.39:450][  0]LogDerivedDataCache: FDerivedDataBackendGraph:  Pak pak cache file ../../../../../../Users/Charmaine/Documents/GameEngineSummative/chat/DerivedDataCache/DDC.ddp not found, will not use a pak cache.
[2017.11.07-08.03.39:450][  0]LogDerivedDataCache: Unable to find inner node Pak for hierarchical cache Hierarchy.
[2017.11.07-08.03.39:450][  0]LogDerivedDataCache: FDerivedDataBackendGraph:  CompressedPak pak cache file ../../../../../../Users/Charmaine/Documents/GameEngineSummative/chat/DerivedDataCache/Compressed.ddp not found, will not use a pak cache.
[2017.11.07-08.03.39:450][  0]LogDerivedDataCache: Unable to find inner node CompressedPak for hierarchical cache Hierarchy.
[2017.11.07-08.03.39:469][  0]LogDerivedDataCache:Display: Pak cache opened for reading ../../../Engine/DerivedDataCache/Compressed.ddp.
[2017.11.07-08.03.39:481][  0]LogDerivedDataCache: Using Local data cache path C:/Users/Charmaine/AppData/Local/UnrealEngine/Common/DerivedDataCache: Writable
[2017.11.07-08.03.39:491][  0]LogMaterial: Verifying Global Shaders for PCD3D_SM5
[2017.11.07-08.03.39:492][  0]LogSlate: Using Freetype 2.6.0
[2017.11.07-08.03.39:492][  0]LogSlate: SlateFontCache - WITH_FREETYPE: 1, WITH_HARFBUZZ: 1
[2017.11.07-08.03.39:492][  0]LogSlate: SlateFontCache - WITH_FREETYPE: 1, WITH_HARFBUZZ: 1
[2017.11.07-08.03.39:819][  0]LogInit: Selected Device Profile: [Windows]
[2017.11.07-08.03.39:878][  0]LogContentStreaming: Texture pool size is 0.00 MB
[2017.11.07-08.03.40:024][  0]LogMeshUtilities: Using QuadricMeshReduction for automatic static mesh reduction
[2017.11.07-08.03.40:071][  0]LogSimplygon: Simplygon DLL not present - disabling.
[2017.11.07-08.03.40:119][  0]LogMeshUtilities: Using SimplygonSwarm for distributed automatic mesh merging
[2017.11.07-08.03.40:119][  0]LogMeshUtilities: No automatic skeletal mesh reduction module available
[2017.11.07-08.03.40:119][  0]LogMeshUtilities: No automatic mesh merging module available
[2017.11.07-08.03.40:621][  0]LogNetVersion: chat , NetCL: 3452394, EngineNetVer: 2, GameNetVer: 0 (Checksum: 3772067698)
[2017.11.07-08.03.40:681][  0]LogAssetRegistry: FAssetRegistry took 0.0255 seconds to start up
[2017.11.07-08.03.40:747][  0]LogPackageLocalizationCache: Processed 4 localized package path(s) for 2 prioritized culture(s) in 0.041426 seconds
[2017.11.07-08.03.40:752][  0]LogUObjectArray: 34194 objects as part of root set at end of initial load.
[2017.11.07-08.03.40:753][  0]LogUObjectAllocator: 7260424 out of 0 bytes used by permanent object pool.
[2017.11.07-08.03.40:753][  0]LogUObjectArray: CloseDisregardForGC: 0/0 objects in disregard for GC pool
[2017.11.07-08.03.40:818][  0]LogInit: WinSock: version 1.1 (2.2), MaxSocks=32767, MaxUdp=65467
[2017.11.07-08.03.42:640][  0]LogWmfMedia: Failed to load mf.dll
[2017.11.07-08.03.42:640][  0]LogWmfMedia: Failed to load required Windows Media Foundation libraries
[2017.11.07-08.03.42:688][  0]LogWindowsMoviePlayer: Could not load mf.dll. Library not found.
[2017.11.07-08.03.42:689][  0]LogWindowsMoviePlayer: Could not load mfplat.dll. Library not found.
[2017.11.07-08.03.42:689][  0]LogWindowsMoviePlayer: Could not load mfplay.dll. Library not found.
[2017.11.07-08.03.43:134][  0]LogTcpMessaging: Initializing TcpMessaging bridge
[2017.11.07-08.03.43:174][  0]LogUdpMessaging: Initializing bridge on interface 0.0.0.0:0 to multicast group 230.0.0.1:6666.
[2017.11.07-08.03.43:763][  0]LogMaterial: Uniform references updated for custom material expression Custom.
[2017.11.07-08.03.44:161][  0]SourceControl: Info Source control is disabled
[2017.11.07-08.03.44:198][  0]SourceControl: Info Source control is disabled
[2017.11.07-08.03.44:247][  0]SourceControl: Info Source control is disabled
[2017.11.07-08.03.44:296][  0]SourceControl: Info Source control is disabled
[2017.11.07-08.03.44:553][  0]LogLinker:Warning: Can't find file '/Game/FirstPersonBP/FirstPersonOverview'
[2017.11.07-08.03.44:553][  0]LogLinker:Warning: Can't find file '/Game/FirstPersonBP/FirstPersonOverview'
[2017.11.07-08.03.44:553][  0]LogUObjectGlobals:Warning: Failed to find object 'Class /Game/FirstPersonBP/FirstPersonOverview.FirstPersonOverview_C'
[2017.11.07-08.03.44:994][  0]LogAndroidPermission: UAndroidPermissionCallbackProxy::GetInstance
[2017.11.07-08.03.46:446][  0]LogEngine: Initializing Engine...
[2017.11.07-08.03.46:446][  0]LogHMD: Failed to initialize OpenVR with code 110
[2017.11.07-08.03.46:609][  0]LogStats: UGameplayTagsManager::ConstructGameplayTagTree: Construct from data asset -  0.000 s
[2017.11.07-08.03.46:609][  0]LogStats: UGameplayTagsManager::ConstructGameplayTagTree: GameplayTagTreeChangedEvent.Broadcast -  0.000 s
[2017.11.07-08.03.46:742][  0]LogAIModule: Creating AISystem for world Untitled
[2017.11.07-08.03.46:752][  0]LogInit: XAudio2 using 'Speakers (Realtek High Definition Audio)' : 6 channels at 48 kHz using 32 bits per sample (channel mask 0x3f)
[2017.11.07-08.03.46:804][  0]LogInit: FAudioDevice initialized.
[2017.11.07-08.03.46:850][  0]LogDerivedDataCache: Saved boot cache 0.05s 90MB C:/Users/Charmaine/AppData/Local/UnrealEngine/4.16/DerivedDataCache/Boot.ddc.
[2017.11.07-08.03.46:862][  0]LogInit: Texture streaming: Enabled
[2017.11.07-08.03.46:959][  0]LogEngineSessionManager: EngineSessionManager initialized
[2017.11.07-08.03.47:189][  0]LogInit: Transaction tracking system initialized
[2017.11.07-08.03.47:519][  0]BlueprintLog: New page: Editor Load
[2017.11.07-08.03.48:513][  0]LocalizationService: Info Localization service is disabled
[2017.11.07-08.03.49:236][  0]LogConsoleResponse:Display: 
[2017.11.07-08.03.49:367][  0]LogCook:Display: Max memory allowance for cook 16384mb min free memory 0mb
[2017.11.07-08.03.49:367][  0]LogCook:Display: Mobile HDR setting 1
[2017.11.07-08.03.49:516][  0]LogFileCache: Scanning file cache for directory 'C:/Users/Charmaine/Documents/GameEngineSummative/chat/Content/' took 0.01s
[2017.11.07-08.03.50:423][  0]SourceControl: Info Source control is disabled
[2017.11.07-08.03.50:423][  0]Cmd: MAP LOAD FILE="../../../Engine/Content/Maps/Templates/Template_Default.umap" TEMPLATE=1 SHOWPROGRESS=1 FEATURELEVEL=3
[2017.11.07-08.03.50:424][  0]LightingResults: New page: Lighting Build
[2017.11.07-08.03.50:466][  0]MapCheck: New page: Map Check
[2017.11.07-08.03.50:466][  0]LightingResults: New page: Lighting Build
[2017.11.07-08.03.50:666][  0]LogAIModule: Creating AISystem for world Untitled_1
[2017.11.07-08.03.50:667][  0]LogActorComponent: RegisterComponentWithWorld: (/Temp/Untitled_1.Untitled_1:PersistentLevel.WorldSettings_1.StaticMeshComponent0) Trying to register component with IsPendingKill() == true. Aborting.
[2017.11.07-08.03.50:671][  0]LogEditorServer: Finished looking for orphan Actors (0.000 secs)
[2017.11.07-08.03.50:690][  0]Cmd: MAP CHECKDEP NOCLEARLOG
[2017.11.07-08.03.50:731][  0]MapCheck: Info Map check complete: 0 Error(s), 0 Warning(s), took 40.735ms to complete.
[2017.11.07-08.03.50:731][  0]LogFileHelpers: Loading map 'Template_Default' took 0.308
[2017.11.07-08.03.50:789][  0]LogWindowsTextInputMethodSystem:Display: IME system now deactivated.
[2017.11.07-08.03.50:871][  0]LogCollectionManager: Loaded 0 collections in 0.001547 seconds
[2017.11.07-08.03.50:955][  0]LogFileCache: Scanning file cache for directory 'C:/Users/Charmaine/Documents/GameEngineSummative/chat/Saved/Collections/' took 0.01s
[2017.11.07-08.03.50:955][  0]LogFileCache: Scanning file cache for directory 'C:/Users/Charmaine/Documents/GameEngineSummative/chat/Content/Developers/Charmaine/Collections/' took 0.01s
[2017.11.07-08.03.50:955][  0]LogFileCache: Scanning file cache for directory 'C:/Users/Charmaine/Documents/GameEngineSummative/chat/Content/Collections/' took 0.01s
[2017.11.07-08.03.50:955][  0]LogCollectionManager: Rebuilt the GUID cache for 0 collections in 0.000001 seconds
[2017.11.07-08.03.50:965][  0]LogContentBrowser: Native class hierarchy populated in 0.0105 seconds. Added 2330 classes and 493 folders.
[2017.11.07-08.03.51:034][  0]LogContentBrowser: Native class hierarchy updated for 'WidgetCarousel' in 0.0012 seconds. Added 0 classes and 0 folders.
[2017.11.07-08.03.51:069][  0]LogContentBrowser: Native class hierarchy updated for 'AddContentDialog' in 0.0011 seconds. Added 0 classes and 0 folders.
[2017.11.07-08.03.51:116][  0]LogContentBrowser: Native class hierarchy updated for 'SceneOutliner' in 0.0012 seconds. Added 1 classes and 2 folders.
[2017.11.07-08.03.51:156][  0]LogCrashTracker: Crashtracker disabled due to settings.
[2017.11.07-08.03.51:162][  0]LogUObjectGlobals:Warning: Failed to find object 'Class None.'
[2017.11.07-08.03.51:231][  0]LogContentBrowser: Native class hierarchy updated for 'HierarchicalLODOutliner' in 0.0012 seconds. Added 1 classes and 2 folders.
[2017.11.07-08.03.51:231][  0]LogLoad: (Engine Initialization) Total time: 17.62 seconds
[2017.11.07-08.03.51:231][  0]LogLoad: (Engine Initialization) Total Blueprint compile time: 0.09 seconds
[2017.11.07-08.03.51:231][  0]LogExternalProfiler: Found external profiler: VSPerf
[2017.11.07-08.03.51:231][  0]LogExternalProfiler: Using external profiler: VSPerf
[2017.11.07-08.03.51:566][  0]LogOcInput: OculusInput pre-init called
[2017.11.07-08.03.51:566][  0]LogHMD: Starting GearVRController plugin
[2017.11.07-08.03.51:579][  0]LogAssetRegistry: Asset discovery search completed in 10.9186 seconds
[2017.11.07-08.03.51:580][  0]LogCollectionManager: Rebuilt the object cache for 0 collections in 0.000001 seconds (found 0 objects)
[2017.11.07-08.03.51:580][  0]LogCollectionManager: Fixed up redirectors for 0 collections in 0.000039 seconds (updated 0 objects)
[2017.11.07-08.03.51:582][  0]LogContentStreaming: Texture pool size now 1000 MB
[2017.11.07-08.03.51:591][  0]LogSlate: Took 0.000206 seconds to synchronously load lazily loaded font '../../../Engine/Content/Slate/Fonts/Roboto-Regular.ttf' (155K)
[2017.11.07-08.03.51:593][  0]LogSlate: Took 0.000155 seconds to synchronously load lazily loaded font '../../../Engine/Content/Slate/Fonts/Roboto-Bold.ttf' (160K)
[2017.11.07-08.03.51:597][  0]LogSlate: Took 0.000176 seconds to synchronously load lazily loaded font '../../../Engine/Content/Editor/Slate/Fonts/FontAwesome.ttf' (139K)
[2017.11.07-08.03.51:720][  2]LogRenderer: Reallocating scene render targets to support 812x380 NumSamples 1 (Frame:1).
[2017.11.07-08.04.04:048][416]LogWindowsTextInputMethodSystem:Display: IME system now deactivated.
[2017.11.07-08.04.04:183][417]Cmd: QUIT_EDITOR
[2017.11.07-08.04.04:207][417]LogExit: Preparing to exit.
[2017.11.07-08.04.05:361][417]LogDirectoryWatcher: A directory notification for 'C:/Users/Charmaine/Documents/GameEngineSummative/chat/Content/' was aborted.
[2017.11.07-08.04.05:373][417]LogExit: Editor shut down
[2017.11.07-08.04.05:376][417]LogExit: Transaction tracking system shut down
[2017.11.07-08.04.05:425][417]LogObj: Freed 0b from 0 cluster array pools.
[2017.11.07-08.04.05:425][417]LogExit: Object subsystem successfully closed.
[2017.11.07-08.04.05:474][417]LogD3D11RHI: Shutdown
[2017.11.07-08.04.05:474][417]LogD3D11RHI: CleanupD3DDevice
[2017.11.07-08.04.05:539][417]LogD3D11RHI: ~FD3D11DynamicRHI
[2017.11.07-08.04.05:552][417]LogModuleManager: Shutting down and abandoning module HierarchicalLODOutliner (528)
[2017.11.07-08.04.05:552][417]LogModuleManager: Shutting down and abandoning module CrashTracker (526)
[2017.11.07-08.04.05:552][417]LogModuleManager: Shutting down and abandoning module SceneOutliner (524)
[2017.11.07-08.04.05:552][417]LogModuleManager: Shutting down and abandoning module AddContentDialog (522)
[2017.11.07-08.04.05:552][417]LogDirectoryWatcher: A directory notification for 'C:/Program Files/Epic Games/UE_4.16/FeaturePacks/' was aborted.
[2017.11.07-08.04.05:553][417]LogModuleManager: Shutting down and abandoning module WidgetCarousel (521)
[2017.11.07-08.04.05:553][417]LogModuleManager: Shutting down and abandoning module EditorWidgets (518)
[2017.11.07-08.04.05:553][417]LogModuleManager: Shutting down and abandoning module CollectionManager (516)
[2017.11.07-08.04.05:553][417]LogDirectoryWatcher: A directory notification for 'C:/Users/Charmaine/Documents/GameEngineSummative/chat/Content/Collections/' was aborted.
[2017.11.07-08.04.05:553][417]LogDirectoryWatcher: A directory notification for 'C:/Users/Charmaine/Documents/GameEngineSummative/chat/Content/Developers/Charmaine/Collections/' was aborted.
[2017.11.07-08.04.05:553][417]LogDirectoryWatcher: A directory notification for 'C:/Users/Charmaine/Documents/GameEngineSummative/chat/Saved/Collections/' was aborted.
[2017.11.07-08.04.05:553][417]LogModuleManager: Shutting down and abandoning module StatsViewer (514)
[2017.11.07-08.04.05:553][417]LogModuleManager: Shutting down and abandoning module FoliageEdit (512)
[2017.11.07-08.04.05:553][417]LogModuleManager: Shutting down and abandoning module LandscapeEditor (510)
[2017.11.07-08.04.05:553][417]LogModuleManager: Shutting down and abandoning module MeshPaintMode (508)
[2017.11.07-08.04.05:553][417]LogModuleManager: Shutting down and abandoning module SceneDepthPickerMode (506)
[2017.11.07-08.04.05:553][417]LogModuleManager: Shutting down and abandoning module ActorPickerMode (504)
[2017.11.07-08.04.05:553][417]LogModuleManager: Shutting down and abandoning module GeometryMode (502)
[2017.11.07-08.04.05:553][417]LogModuleManager: Shutting down and abandoning module TextureAlignMode (500)
[2017.11.07-08.04.05:553][417]LogModuleManager: Shutting down and abandoning module BspMode (498)
[2017.11.07-08.04.05:553][417]LogModuleManager: Shutting down and abandoning module HardwareSurvey (496)
[2017.11.07-08.04.05:553][417]LogModuleManager: Shutting down and abandoning module SequenceRecorderSections (494)
[2017.11.07-08.04.05:553][417]LogModuleManager: Shutting down and abandoning module AutomationWorker (492)
[2017.11.07-08.04.05:553][417]LogModuleManager: Shutting down and abandoning module MatineeToLevelSequence (490)
[2017.11.07-08.04.05:553][417]LogModuleManager: Shutting down and abandoning module LevelSequenceEditor (488)
[2017.11.07-08.04.05:553][417]LogModuleManager: Shutting down and abandoning module PlacementMode (487)
[2017.11.07-08.04.05:553][417]LogModuleManager: Shutting down and abandoning module WmfMediaFactory (484)
[2017.11.07-08.04.05:553][417]LogModuleManager: Shutting down and abandoning module WmfMediaEditor (482)
[2017.11.07-08.04.05:553][417]LogModuleManager: Shutting down and abandoning module AvfMediaFactory (480)
[2017.11.07-08.04.05:553][417]LogModuleManager: Shutting down and abandoning module AvfMediaEditor (478)
[2017.11.07-08.04.05:553][417]LogModuleManager: Shutting down and abandoning module AndroidMediaFactory (476)
[2017.11.07-08.04.05:553][417]LogModuleManager: Shutting down and abandoning module Media (475)
[2017.11.07-08.04.05:553][417]LogModuleManager: Shutting down and abandoning module AndroidMediaEditor (472)
[2017.11.07-08.04.05:553][417]LogModuleManager: Shutting down and abandoning module CharacterAI (470)
[2017.11.07-08.04.05:553][417]LogModuleManager: Shutting down and abandoning module AudioCapture (468)
[2017.11.07-08.04.05:553][417]LogModuleManager: Shutting down and abandoning module SequenceRecorder (467)
[2017.11.07-08.04.05:553][417]LogModuleManager: Shutting down and abandoning module SmartSnapping (464)
[2017.11.07-08.04.05:553][417]LogModuleManager: Shutting down and abandoning module SessionServices (462)
[2017.11.07-08.04.05:553][417]LogModuleManager: Shutting down and abandoning module ViewportSnapping (460)
[2017.11.07-08.04.05:553][417]LogModuleManager: Shutting down and abandoning module ViewportInteraction (458)
[2017.11.07-08.04.05:553][417]LogModuleManager: Shutting down and abandoning module ClothPainter (456)
[2017.11.07-08.04.05:553][417]LogModuleManager: Shutting down and abandoning module LogVisualizer (454)
[2017.11.07-08.04.05:553][417]LogModuleManager: Shutting down and abandoning module IntroTutorials (452)
[2017.11.07-08.04.05:553][417]LogModuleManager: Shutting down and abandoning module GameProjectGeneration (451)
[2017.11.07-08.04.05:553][417]LogModuleManager: Shutting down and abandoning module EditorLiveStreaming (448)
[2017.11.07-08.04.05:553][417]LogModuleManager: Shutting down and abandoning module IOSPlatformEditor (446)
[2017.11.07-08.04.05:553][417]LogModuleManager: Shutting down and abandoning module HTML5PlatformEditor (444)
[2017.11.07-08.04.05:553][417]LogModuleManager: Shutting down and abandoning module AndroidPlatformEditor (442)
[2017.11.07-08.04.05:554][417]LogModuleManager: Shutting down and abandoning module AndroidDeviceDetection (441)
[2017.11.07-08.04.05:865][417]LogModuleManager: Shutting down and abandoning module IOSRuntimeSettings (438)
[2017.11.07-08.04.05:865][417]LogModuleManager: Shutting down and abandoning module AndroidRuntimeSettings (436)
[2017.11.07-08.04.05:865][417]LogModuleManager: Shutting down and abandoning module InputBindingEditor (434)
[2017.11.07-08.04.05:865][417]LogModuleManager: Shutting down and abandoning module MergeActors (432)
[2017.11.07-08.04.05:865][417]LogModuleManager: Shutting down and abandoning module SizeMap (430)
[2017.11.07-08.04.05:865][417]LogModuleManager: Shutting down and abandoning module TreeMap (428)
[2017.11.07-08.04.05:865][417]LogModuleManager: Shutting down and abandoning module ReferenceViewer (426)
[2017.11.07-08.04.05:865][417]LogModuleManager: Shutting down and abandoning module LocalizationDashboard (424)
[2017.11.07-08.04.05:865][417]LogModuleManager: Shutting down and abandoning module LocalizationService (423)
[2017.11.07-08.04.05:865][417]LogModuleManager: Shutting down and abandoning module HardwareTargeting (420)
[2017.11.07-08.04.05:865][417]LogModuleManager: Shutting down and abandoning module DeviceProfileEditor (418)
[2017.11.07-08.04.05:865][417]LogModuleManager: Shutting down and abandoning module UndoHistory (416)
[2017.11.07-08.04.05:865][417]LogModuleManager: Shutting down and abandoning module UserFeedback (414)
[2017.11.07-08.04.05:865][417]LogModuleManager: Shutting down and abandoning module XmlParser (412)
[2017.11.07-08.04.05:865][417]LogModuleManager: Shutting down and abandoning module Blutility (410)
[2017.11.07-08.04.05:865][417]LogModuleManager: Shutting down and abandoning module ProjectSettingsViewer (408)
[2017.11.07-08.04.05:866][417]LogModuleManager: Shutting down and abandoning module ProjectTargetPlatformEditor (407)
[2017.11.07-08.04.05:866][417]LogModuleManager: Shutting down and abandoning module EditorSettingsViewer (404)
[2017.11.07-08.04.05:866][417]LogModuleManager: Shutting down and abandoning module SettingsEditor (402)
[2017.11.07-08.04.05:866][417]LogModuleManager: Shutting down and abandoning module ProjectLauncher (400)
[2017.11.07-08.04.05:866][417]LogModuleManager: Shutting down and abandoning module SessionFrontend (398)
[2017.11.07-08.04.05:866][417]LogModuleManager: Shutting down and abandoning module ProfilerClient (396)
[2017.11.07-08.04.05:866][417]LogModuleManager: Shutting down and abandoning module DeviceManager (394)
[2017.11.07-08.04.05:866][417]LogModuleManager: Shutting down and abandoning module TargetDeviceServices (393)
[2017.11.07-08.04.05:932][417]LogModuleManager: Shutting down and abandoning module AutomationController (390)
[2017.11.07-08.04.05:932][417]LogModuleManager: Shutting down and abandoning module AutomationWindow (388)
[2017.11.07-08.04.05:932][417]LogModuleManager: Shutting down and abandoning module Layers (386)
[2017.11.07-08.04.05:932][417]LogModuleManager: Shutting down and abandoning module ComponentVisualizers (384)
[2017.11.07-08.04.05:932][417]LogModuleManager: Shutting down and abandoning module DetailCustomizations (382)
[2017.11.07-08.04.05:932][417]LogModuleManager: Shutting down and abandoning module PackagesDialog (380)
[2017.11.07-08.04.05:932][417]LogModuleManager: Shutting down and abandoning module Persona (378)
[2017.11.07-08.04.05:932][417]LogModuleManager: Shutting down and abandoning module AdvancedPreviewScene (377)
[2017.11.07-08.04.05:932][417]LogModuleManager: Shutting down and abandoning module AnimGraph (375)
[2017.11.07-08.04.05:932][417]LogModuleManager: Shutting down and abandoning module Kismet (372)
[2017.11.07-08.04.05:932][417]LogModuleManager: Shutting down and abandoning module ClassViewer (370)
[2017.11.07-08.04.05:932][417]LogModuleManager: Shutting down and abandoning module Toolbox (368)
[2017.11.07-08.04.05:932][417]LogModuleManager: Shutting down and abandoning module ModuleUI (366)
[2017.11.07-08.04.05:932][417]LogModuleManager: Shutting down and abandoning module MovieSceneTools (364)
[2017.11.07-08.04.05:932][417]LogModuleManager: Shutting down and abandoning module OutputLog (362)
[2017.11.07-08.04.05:932][417]LogModuleManager: Shutting down and abandoning module GammaUI (360)
[2017.11.07-08.04.05:932][417]LogModuleManager: Shutting down and abandoning module Documentation (358)
[2017.11.07-08.04.05:932][417]LogModuleManager: Shutting down and abandoning module MovieSceneTracks (356)
[2017.11.07-08.04.05:932][417]LogModuleManager: Shutting down and abandoning module MovieScene (354)
[2017.11.07-08.04.05:932][417]LogModuleManager: Shutting down and abandoning module Niagara (352)
[2017.11.07-08.04.05:932][417]LogModuleManager: Shutting down and abandoning module NiagaraEditor (351)
[2017.11.07-08.04.05:932][417]LogModuleManager: Shutting down and abandoning module StreamingPauseRendering (348)
[2017.11.07-08.04.05:932][417]LogModuleManager: Shutting down and abandoning module AnalyticsET (346)
[2017.11.07-08.04.05:932][417]LogModuleManager: Shutting down and abandoning module PortalServices (344)
[2017.11.07-08.04.05:932][417]LogModuleManager: Shutting down and abandoning module PortalRpc (342)
[2017.11.07-08.04.05:932][417]LogModuleManager: Shutting down and abandoning module MessagingRpc (340)
[2017.11.07-08.04.05:932][417]LogModuleManager: Shutting down and abandoning module AIModule (338)
[2017.11.07-08.04.05:932][417]LogModuleManager: Shutting down and abandoning module GameplayDebugger (337)
[2017.11.07-08.04.05:932][417]LogModuleManager: Shutting down and abandoning module AITestSuite (335)
[2017.11.07-08.04.05:932][417]LogModuleManager: Shutting down and abandoning module ProfilerService (332)
[2017.11.07-08.04.06:183][417]LogModuleManager: Shutting down and abandoning module TaskGraph (330)
[2017.11.07-08.04.06:183][417]LogModuleManager: Shutting down and abandoning module chatPlugin (328)
[2017.11.07-08.04.06:183][417]LogTemp:Warning: ShutdownModule
[2017.11.07-08.04.06:546][417]LogWindows:Error: === Critical error: ===
[2017.11.07-08.04.06:546][417]LogWindows:Error: 
[2017.11.07-08.04.06:546][417]LogWindows:Error: Fatal error!
[2017.11.07-08.04.06:546][417]LogWindows:Error: 
[2017.11.07-08.04.06:546][417]LogWindows:Error: Unhandled Exception: EXCEPTION_ACCESS_VIOLATION reading address 0x00000000
[2017.11.07-08.04.06:546][417]LogWindows:Error: 
[2017.11.07-08.04.06:546][417]LogWindows:Error: UE4Editor-chatPlugin.dll!FchatPluginModule::ShutdownModule() [c:\users\charmaine\documents\unreal projects\chat\plugins\chatplugin\source\chatplugin\private\chatplugin.cpp:68]
[2017.11.07-08.04.06:546][417]LogWindows:Error: UE4Editor-Core.dll!0x000000007BA7B222
[2017.11.07-08.04.06:546][417]LogWindows:Error: UE4Editor-Core.dll!0x000000007BA7BA31
[2017.11.07-08.04.06:546][417]LogWindows:Error: UE4Editor.exe!0x00000000E3ACE624
[2017.11.07-08.04.06:546][417]LogWindows:Error: UE4Editor.exe!0x00000000E3ACF0E5
[2017.11.07-08.04.06:546][417]LogWindows:Error: UE4Editor.exe!0x00000000E3ACF12A
[2017.11.07-08.04.06:546][417]LogWindows:Error: UE4Editor.exe!0x00000000E3AE0CF9
[2017.11.07-08.04.06:546][417]LogWindows:Error: UE4Editor.exe!0x00000000E3AE25F7
[2017.11.07-08.04.06:546][417]LogWindows:Error: KERNEL32.DLL!0x00000000C2398364
[2017.11.07-08.04.06:546][417]LogWindows:Error: ntdll.dll!0x00000000C28D7091
[2017.11.07-08.04.06:546][417]LogWindows:Error: ntdll.dll!0x00000000C28D7091
[2017.11.07-08.04.06:546][417]LogWindows:Error: 
